#
# There is insufficient memory for the Java Runtime Environment to continue.
# Native memory allocation (malloc) failed to allocate 98566144 bytes for committing reserved memory.
# Possible reasons:
#   The system is out of physical RAM or swap space
#   In 32 bit mode, the process size limit was hit
# Possible solutions:
#   Reduce memory load on the system
#   Increase physical memory or swap space
#   Check if swap backing store is full
#   Use 64 bit Java on a 64 bit OS
#   Decrease Java heap size (-Xmx/-Xms)
#   Decrease number of Java threads
#   Decrease Java thread stack sizes (-Xss)
#   Set larger code cache with -XX:ReservedCodeCacheSize=
# This output file may be truncated or incomplete.
#
#  Out of Memory Error (os_linux.cpp:2827), pid=19476, tid=139747374663424
#
# JRE version: OpenJDK Runtime Environment (7.0_91-b02) (build 1.7.0_91-b02)
# Java VM: OpenJDK 64-Bit Server VM (24.91-b01 mixed mode linux-amd64 compressed oops)
# Derivative: IcedTea 2.6.3
# Distribution: Ubuntu 14.04 LTS, package 7u91-2.6.3-0ubuntu0.14.04.1
# Failed to write core dump. Core dumps have been disabled. To enable core dumping, try "ulimit -c unlimited" before starting Java again
#

---------------  T H R E A D  ---------------

Current thread (0x00007f1974071800):  VMThread [stack: 0x00007f1978900000,0x00007f1978a01000] [id=19483]

Stack: [0x00007f1978900000,0x00007f1978a01000],  sp=0x00007f19789ff490,  free space=1021k
Native frames: (J=compiled Java code, j=interpreted, Vv=VM code, C=native code)
V  [libjvm.so+0x953e15]  VMError::report_and_die()+0x175
V  [libjvm.so+0x48fd94]  report_vm_out_of_memory(char const*, int, unsigned long, char const*)+0x74
V  [libjvm.so+0x7cf87b]  os::pd_commit_memory(char*, unsigned long, unsigned long, bool)+0xeb
V  [libjvm.so+0x7ca33f]  os::commit_memory(char*, unsigned long, unsigned long, bool)+0x1f
V  [libjvm.so+0x83dacb]  PSVirtualSpace::expand_by(unsigned long)+0x5b
V  [libjvm.so+0x82d86b]  PSOldGen::expand_by(unsigned long) [clone .part.79]+0x1b
V  [libjvm.so+0x82da2b]  PSOldGen::expand(unsigned long) [clone .part.80]+0xdb
V  [libjvm.so+0x82e958]  PSOldGen::resize(unsigned long)+0x188
V  [libjvm.so+0x8355b4]  PSParallelCompact::invoke_no_policy(bool)+0x9c4
V  [libjvm.so+0x83bc0d]  PSScavenge::invoke()+0x17d
V  [libjvm.so+0x7f2083]  ParallelScavengeHeap::failed_mem_allocate(unsigned long)+0x63
V  [libjvm.so+0x955814]  VM_ParallelGCFailedAllocation::doit()+0x84
V  [libjvm.so+0x959917]  VM_Operation::evaluate()+0x47
V  [libjvm.so+0x9583d8]  VMThread::evaluate_operation(VM_Operation*)+0x318
V  [libjvm.so+0x958839]  VMThread::loop()+0x219
V  [libjvm.so+0x958c82]  VMThread::run()+0x72
V  [libjvm.so+0x7cc742]  java_start(Thread*)+0xf2

VM_Operation (0x00007f196cae9070): ParallelGCFailedAllocation, mode: safepoint, requested by thread 0x00007f19741a8000


---------------  P R O C E S S  ---------------

Java Threads: ( => current thread )
  0x00007f19741aa000 JavaThread "pool-1-thread-4" [_thread_blocked, id=19495, stack(0x00007f196c8e9000,0x00007f196c9ea000)]
  0x00007f19741a8000 JavaThread "pool-1-thread-3" [_thread_blocked, id=19494, stack(0x00007f196c9ea000,0x00007f196caeb000)]
  0x00007f19741a7000 JavaThread "pool-1-thread-2" [_thread_blocked, id=19493, stack(0x00007f196caeb000,0x00007f196cbec000)]
  0x00007f19741a2000 JavaThread "pool-2-thread-1" [_thread_blocked, id=19492, stack(0x00007f196cbec000,0x00007f196cced000)]
  0x00007f197419f000 JavaThread "pool-1-thread-1" [_thread_blocked, id=19491, stack(0x00007f196cced000,0x00007f196cdee000)]
  0x00007f19740ac800 JavaThread "Service Thread" daemon [_thread_blocked, id=19489, stack(0x00007f196e6cc000,0x00007f196e7cd000)]
  0x00007f19740aa000 JavaThread "C2 CompilerThread1" daemon [_thread_blocked, id=19488, stack(0x00007f196e7cd000,0x00007f196e8ce000)]
  0x00007f19740a7800 JavaThread "C2 CompilerThread0" daemon [_thread_blocked, id=19487, stack(0x00007f196e8ce000,0x00007f196e9cf000)]
  0x00007f19740a5000 JavaThread "Signal Dispatcher" daemon [_thread_blocked, id=19486, stack(0x00007f196e9cf000,0x00007f196ead0000)]
  0x00007f1974078000 JavaThread "Finalizer" daemon [_thread_blocked, id=19485, stack(0x00007f19786fe000,0x00007f19787ff000)]
  0x00007f1974076000 JavaThread "Reference Handler" daemon [_thread_blocked, id=19484, stack(0x00007f19787ff000,0x00007f1978900000)]
  0x00007f197400a800 JavaThread "main" [_thread_blocked, id=19479, stack(0x00007f197d281000,0x00007f197d382000)]

Other Threads:
=>0x00007f1974071800 VMThread [stack: 0x00007f1978900000,0x00007f1978a01000] [id=19483]
  0x00007f19740b7000 WatcherThread [stack: 0x00007f196e5cb000,0x00007f196e6cc000] [id=19490]

VM state:at safepoint (normal execution)

VM Mutex/Monitor currently owned by a thread:  ([mutex/lock_event])
[0x00007f1974006440] ExpandHeap_lock - owner thread: 0x00007f1974071800
[0x00007f1974006ac0] Threads_lock - owner thread: 0x00007f1974071800
[0x00007f1974006fc0] Heap_lock - owner thread: 0x00007f19741a8000

Heap
 PSYoungGen      total 168448K, used 976K [0x00000000eaa80000, 0x00000000f8300000, 0x0000000100000000)
  eden space 115200K, 0% used [0x00000000eaa80000,0x00000000eaa80000,0x00000000f1b00000)
  from space 53248K, 1% used [0x00000000f4d00000,0x00000000f4df43b0,0x00000000f8100000)
  to   space 51200K, 0% used [0x00000000f1b00000,0x00000000f1b00000,0x00000000f4d00000)
 ParOldGen       total 214528K, used 214099K [0x00000000c0000000, 0x00000000cd180000, 0x00000000eaa80000)
  object space 214528K, 99% used [0x00000000c0000000,0x00000000cd114f70,0x00000000cd180000)
 PSPermGen       total 21504K, used 6294K [0x00000000b5a00000, 0x00000000b6f00000, 0x00000000c0000000)
  object space 21504K, 29% used [0x00000000b5a00000,0x00000000b60258b0,0x00000000b6f00000)

Card table byte_map: [0x00007f1979c5f000,0x00007f1979eb3000] byte_map_base: 0x00007f19796b2000

Polling page: 0x00007f197d39c000

Code Cache  [0x00007f1971000000, 0x00007f19712a0000, 0x00007f1974000000)
 total_blobs=897 nmethods=667 adapters=184 free_code_cache=46560Kb largest_free_block=47635840

Compilation events (10 events):
Event: 73.897 Thread 0x00007f19740aa000 nmethod 680 0x00007f197126fd90 code [0x00007f197126fee0, 0x00007f197126ffb8]
Event: 73.897 Thread 0x00007f19740aa000  681             com.android.dx.cf.code.ByteBlockList::labelToBlock (46 bytes)
Event: 73.924 Thread 0x00007f19740aa000 nmethod 681 0x00007f197126f810 code [0x00007f197126f980, 0x00007f197126faf8]
Event: 73.924 Thread 0x00007f19740aa000  682             com.android.dx.rop.code.PlainCstInsn::<init> (30 bytes)
Event: 73.950 Thread 0x00007f19740a7800 nmethod 679 0x00007f197128fbd0 code [0x00007f197128fe40, 0x00007f1971290e70]
Event: 73.950 Thread 0x00007f19740a7800  683             com.android.dx.rop.code.Insn$BaseVisitor::visitThrowingCstInsn (1 bytes)
Event: 73.956 Thread 0x00007f19740aa000 nmethod 682 0x00007f197126f390 code [0x00007f197126f4e0, 0x00007f197126f658]
Event: 73.956 Thread 0x00007f19740aa000  684   !         com.android.dx.rop.type.Prototype::intern (233 bytes)
Event: 73.960 Thread 0x00007f19740a7800 nmethod 683 0x00007f197126f190 code [0x00007f197126f2c0, 0x00007f197126f318]
Event: 73.960 Thread 0x00007f19740a7800  685             com.android.dx.dex.code.RopTranslator$LocalVariableAwareTranslationVisitor::visitThrowingCstInsn (11 bytes)

GC Heap History (10 events):
Event: 60.557 GC heap after
Heap after GC invocations=16 (full 3):
 PSYoungGen      total 109568K, used 36879K [0x00000000eaa80000, 0x00000000f5e00000, 0x0000000100000000)
  eden space 69120K, 0% used [0x00000000eaa80000,0x00000000eaa80000,0x00000000eee00000)
  from space 40448K, 91% used [0x00000000eee00000,0x00000000f1203ff8,0x00000000f1580000)
  to   space 46592K, 0% used [0x00000000f3080000,0x00000000f3080000,0x00000000f5e00000)
 ParOldGen       total 135680K, used 96963K [0x00000000c0000000, 0x00000000c8480000, 0x00000000eaa80000)
  object space 135680K, 71% used [0x00000000c0000000,0x00000000c5eb0eb0,0x00000000c8480000)
 PSPermGen       total 21504K, used 6287K [0x00000000b5a00000, 0x00000000b6f00000, 0x00000000c0000000)
  object space 21504K, 29% used [0x00000000b5a00000,0x00000000b6023e08,0x00000000b6f00000)
}
Event: 61.393 GC heap before
{Heap before GC invocations=17 (full 3):
 PSYoungGen      total 109568K, used 105999K [0x00000000eaa80000, 0x00000000f5e00000, 0x0000000100000000)
  eden space 69120K, 100% used [0x00000000eaa80000,0x00000000eee00000,0x00000000eee00000)
  from space 40448K, 91% used [0x00000000eee00000,0x00000000f1203ff8,0x00000000f1580000)
  to   space 46592K, 0% used [0x00000000f3080000,0x00000000f3080000,0x00000000f5e00000)
 ParOldGen       total 135680K, used 96963K [0x00000000c0000000, 0x00000000c8480000, 0x00000000eaa80000)
  object space 135680K, 71% used [0x00000000c0000000,0x00000000c5eb0eb0,0x00000000c8480000)
 PSPermGen       total 21504K, used 6288K [0x00000000b5a00000, 0x00000000b6f00000, 0x00000000c0000000)
  object space 21504K, 29% used [0x00000000b5a00000,0x00000000b60240e8,0x00000000b6f00000)
Event: 62.366 GC heap after
Heap after GC invocations=17 (full 3):
 PSYoungGen      total 133632K, used 34150K [0x00000000eaa80000, 0x00000000f6b00000, 0x0000000100000000)
  eden space 87040K, 0% used [0x00000000eaa80000,0x00000000eaa80000,0x00000000eff80000)
  from space 46592K, 73% used [0x00000000f3080000,0x00000000f51d9a80,0x00000000f5e00000)
  to   space 50176K, 0% used [0x00000000eff80000,0x00000000eff80000,0x00000000f3080000)
 ParOldGen       total 135680K, used 134502K [0x00000000c0000000, 0x00000000c8480000, 0x00000000eaa80000)
  object space 135680K, 99% used [0x00000000c0000000,0x00000000c83599a8,0x00000000c8480000)
 PSPermGen       total 21504K, used 6288K [0x00000000b5a00000, 0x00000000b6f00000, 0x00000000c0000000)
  object space 21504K, 29% used [0x00000000b5a00000,0x00000000b60240e8,0x00000000b6f00000)
}
Event: 62.367 GC heap before
{Heap before GC invocations=18 (full 4):
 PSYoungGen      total 133632K, used 34150K [0x00000000eaa80000, 0x00000000f6b00000, 0x0000000100000000)
  eden space 87040K, 0% used [0x00000000eaa80000,0x00000000eaa80000,0x00000000eff80000)
  from space 46592K, 73% used [0x00000000f3080000,0x00000000f51d9a80,0x00000000f5e00000)
  to   space 50176K, 0% used [0x00000000eff80000,0x00000000eff80000,0x00000000f3080000)
 ParOldGen       total 135680K, used 134502K [0x00000000c0000000, 0x00000000c8480000, 0x00000000eaa80000)
  object space 135680K, 99% used [0x00000000c0000000,0x00000000c83599a8,0x00000000c8480000)
 PSPermGen       total 21504K, used 6288K [0x00000000b5a00000, 0x00000000b6f00000, 0x00000000c0000000)
  object space 21504K, 29% used [0x00000000b5a00000,0x00000000b60240e8,0x00000000b6f00000)
Event: 66.390 GC heap after
Heap after GC invocations=18 (full 4):
 PSYoungGen      total 133632K, used 26833K [0x00000000eaa80000, 0x00000000f6b00000, 0x0000000100000000)
  eden space 87040K, 0% used [0x00000000eaa80000,0x00000000eaa80000,0x00000000eff80000)
  from space 46592K, 57% used [0x00000000f3080000,0x00000000f4ab4600,0x00000000f5e00000)
  to   space 50176K, 0% used [0x00000000eff80000,0x00000000eff80000,0x00000000f3080000)
 ParOldGen       total 214528K, used 135389K [0x00000000c0000000, 0x00000000cd180000, 0x00000000eaa80000)
  object space 214528K, 63% used [0x00000000c0000000,0x00000000c84377b8,0x00000000cd180000)
 PSPermGen       total 21504K, used 6288K [0x00000000b5a00000, 0x00000000b6f00000, 0x00000000c0000000)
  object space 21504K, 29% used [0x00000000b5a00000,0x00000000b60240c8,0x00000000b6f00000)
}
Event: 70.245 GC heap before
{Heap before GC invocations=19 (full 4):
 PSYoungGen      total 133632K, used 113873K [0x00000000eaa80000, 0x00000000f6b00000, 0x0000000100000000)
  eden space 87040K, 100% used [0x00000000eaa80000,0x00000000eff80000,0x00000000eff80000)
  from space 46592K, 57% used [0x00000000f3080000,0x00000000f4ab4600,0x00000000f5e00000)
  to   space 50176K, 0% used [0x00000000eff80000,0x00000000eff80000,0x00000000f3080000)
 ParOldGen       total 214528K, used 135389K [0x00000000c0000000, 0x00000000cd180000, 0x00000000eaa80000)
  object space 214528K, 63% used [0x00000000c0000000,0x00000000c84377b8,0x00000000cd180000)
 PSPermGen       total 21504K, used 6293K [0x00000000b5a00000, 0x00000000b6f00000, 0x00000000c0000000)
  object space 21504K, 29% used [0x00000000b5a00000,0x00000000b6025690,0x00000000b6f00000)
Event: 72.322 GC heap after
Heap after GC invocations=19 (full 4):
 PSYoungGen      total 137216K, used 34860K [0x00000000eaa80000, 0x00000000f8100000, 0x0000000100000000)
  eden space 87040K, 0% used [0x00000000eaa80000,0x00000000eaa80000,0x00000000eff80000)
  from space 50176K, 69% used [0x00000000eff80000,0x00000000f218b228,0x00000000f3080000)
  to   space 53248K, 0% used [0x00000000f4d00000,0x00000000f4d00000,0x00000000f8100000)
 ParOldGen       total 214528K, used 163653K [0x00000000c0000000, 0x00000000cd180000, 0x00000000eaa80000)
  object space 214528K, 76% used [0x00000000c0000000,0x00000000c9fd17b8,0x00000000cd180000)
 PSPermGen       total 21504K, used 6293K [0x00000000b5a00000, 0x00000000b6f00000, 0x00000000c0000000)
  object space 21504K, 29% used [0x00000000b5a00000,0x00000000b6025690,0x00000000b6f00000)
}
Event: 74.211 GC heap before
{Heap before GC invocations=20 (full 4):
 PSYoungGen      total 137216K, used 121900K [0x00000000eaa80000, 0x00000000f8100000, 0x0000000100000000)
  eden space 87040K, 100% used [0x00000000eaa80000,0x00000000eff80000,0x00000000eff80000)
  from space 50176K, 69% used [0x00000000eff80000,0x00000000f218b228,0x00000000f3080000)
  to   space 53248K, 0% used [0x00000000f4d00000,0x00000000f4d00000,0x00000000f8100000)
 ParOldGen       total 214528K, used 163653K [0x00000000c0000000, 0x00000000cd180000, 0x00000000eaa80000)
  object space 214528K, 76% used [0x00000000c0000000,0x00000000c9fd17b8,0x00000000cd180000)
 PSPermGen       total 21504K, used 6294K [0x00000000b5a00000, 0x00000000b6f00000, 0x00000000c0000000)
  object space 21504K, 29% used [0x00000000b5a00000,0x00000000b6025a50,0x00000000b6f00000)
Event: 79.977 GC heap after
Heap after GC invocations=20 (full 4):
 PSYoungGen      total 168448K, used 22546K [0x00000000eaa80000, 0x00000000f8300000, 0x0000000100000000)
  eden space 115200K, 0% used [0x00000000eaa80000,0x00000000eaa80000,0x00000000f1b00000)
  from space 53248K, 42% used [0x00000000f4d00000,0x00000000f6304900,0x00000000f8100000)
  to   space 51200K, 0% used [0x00000000f1b00000,0x00000000f1b00000,0x00000000f4d00000)
 ParOldGen       total 214528K, used 199082K [0x00000000c0000000, 0x00000000cd180000, 0x00000000eaa80000)
  object space 214528K, 92% used [0x00000000c0000000,0x00000000cc26ab00,0x00000000cd180000)
 PSPermGen       total 21504K, used 6294K [0x00000000b5a00000, 0x00000000b6f00000, 0x00000000c0000000)
  object space 21504K, 29% used [0x00000000b5a00000,0x00000000b6025a50,0x00000000b6f00000)
}
Event: 79.977 GC heap before
{Heap before GC invocations=21 (full 5):
 PSYoungGen      total 168448K, used 22546K [0x00000000eaa80000, 0x00000000f8300000, 0x0000000100000000)
  eden space 115200K, 0% used [0x00000000eaa80000,0x00000000eaa80000,0x00000000f1b00000)
  from space 53248K, 42% used [0x00000000f4d00000,0x00000000f6304900,0x00000000f8100000)
  to   space 51200K, 0% used [0x00000000f1b00000,0x00000000f1b00000,0x00000000f4d00000)
 ParOldGen       total 214528K, used 199082K [0x00000000c0000000, 0x00000000cd180000, 0x00000000eaa80000)
  object space 214528K, 92% used [0x00000000c0000000,0x00000000cc26ab00,0x00000000cd180000)
 PSPermGen       total 21504K, used 6294K [0x00000000b5a00000, 0x00000000b6f00000, 0x00000000c0000000)
  object space 21504K, 29% used [0x00000000b5a00000,0x00000000b6025a50,0x00000000b6f00000)

Deoptimization events (10 events):
Event: 66.962 Thread 0x00007f197419f000 Uncommon trap: reason=class_check action=maybe_recompile pc=0x00007f19710bd7e4 method=com.android.dx.ssa.SsaConverter.placePhiFunctions(Lcom/android/dx/ssa/SsaMethod;Lcom/android/dx/ssa/LocalVariableInfo;I)V @ 257
Event: 68.203 Thread 0x00007f19741a8000 Uncommon trap: reason=predicate action=maybe_recompile pc=0x00007f19711d4ee8 method=com.android.dx.ssa.back.InterferenceGraph.<init>(I)V @ 23
Event: 68.211 Thread 0x00007f19741a8000 Uncommon trap: reason=unstable_if action=reinterpret pc=0x00007f19711f98e8 method=com.android.dx.ssa.SetFactory.makeInterferenceSet(I)Lcom/android/dx/util/IntSet; @ 4
Event: 68.246 Thread 0x00007f19741a8000 Uncommon trap: reason=unloaded action=reinterpret pc=0x00007f1971079948 method=com.android.dx.ssa.SetFactory.makeLivenessSet(I)Lcom/android/dx/util/IntSet; @ 18
Event: 68.353 Thread 0x00007f19741a8000 Uncommon trap: reason=class_check action=maybe_recompile pc=0x00007f197118c43c method=com.android.dx.ssa.back.InterferenceGraph.add(II)V @ 19
Event: 68.356 Thread 0x00007f19741a8000 Uncommon trap: reason=class_check action=maybe_recompile pc=0x00007f197118c43c method=com.android.dx.ssa.back.InterferenceGraph.add(II)V @ 19
Event: 68.356 Thread 0x00007f19741a8000 Uncommon trap: reason=class_check action=maybe_recompile pc=0x00007f197118c43c method=com.android.dx.ssa.back.InterferenceGraph.add(II)V @ 19
Event: 68.356 Thread 0x00007f19741a8000 Uncommon trap: reason=class_check action=maybe_recompile pc=0x00007f197118c43c method=com.android.dx.ssa.back.InterferenceGraph.add(II)V @ 19
Event: 68.800 Thread 0x00007f19741aa000 Uncommon trap: reason=predicate action=maybe_recompile pc=0x00007f19711caa8c method=com.android.dx.ssa.back.InterferenceGraph.<init>(I)V @ 23
Event: 73.469 Thread 0x00007f19741a7000 Uncommon trap: reason=class_check action=maybe_recompile pc=0x00007f19710bd7e4 method=com.android.dx.ssa.SsaConverter.placePhiFunctions(Lcom/android/dx/ssa/SsaMethod;Lcom/android/dx/ssa/LocalVariableInfo;I)V @ 257

Internal exceptions (10 events):
Event: 3.545 Thread 0x00007f197419f000 Implicit null exception at 0x00007f197108a855 to 0x00007f197108aa2d
Event: 3.588 Thread 0x00007f197400a800 Threw 0x00000000eae14b48 at /build/openjdk-7-zaTxYK/openjdk-7-7u91-2.6.3/build/openjdk/hotspot/src/share/vm/prims/jvm.cpp:1322
Event: 3.837 Thread 0x00007f197400a800 Threw 0x00000000eb064670 at /build/openjdk-7-zaTxYK/openjdk-7-7u91-2.6.3/build/openjdk/hotspot/src/share/vm/prims/jvm.cpp:1322
Event: 7.713 Thread 0x00007f197419f000 Threw 0x00000000eb5a2398 at /build/openjdk-7-zaTxYK/openjdk-7-7u91-2.6.3/build/openjdk/hotspot/src/share/vm/prims/jvm.cpp:1322
Event: 9.711 Thread 0x00007f19741a8000 Threw 0x00000000ec5a2d48 at /build/openjdk-7-zaTxYK/openjdk-7-7u91-2.6.3/build/openjdk/hotspot/src/share/vm/prims/jvm.cpp:1322
Event: 11.479 Thread 0x00007f19741a7000 Threw 0x00000000eb4b2088 at /build/openjdk-7-zaTxYK/openjdk-7-7u91-2.6.3/build/openjdk/hotspot/src/share/vm/prims/jvm.cpp:1322
Event: 19.520 Thread 0x00007f197400a800 Implicit null exception at 0x00007f1971127e4b to 0x00007f197112852d
Event: 26.496 Thread 0x00007f197419f000 Implicit null exception at 0x00007f1971133ded to 0x00007f1971137591
Event: 59.375 Thread 0x00007f19741a8000 Threw 0x00000000eba31cb8 at /build/openjdk-7-zaTxYK/openjdk-7-7u91-2.6.3/build/openjdk/hotspot/src/share/vm/prims/jvm.cpp:1322
Event: 59.564 Thread 0x00007f19741a8000 Threw 0x00000000ebcd4470 at /build/openjdk-7-zaTxYK/openjdk-7-7u91-2.6.3/build/openjdk/hotspot/src/share/vm/prims/jvm.cpp:1322

Events (10 events):
Event: 68.357 Thread 0x00007f19741a8000 DEOPT UNPACKING pc=0x00007f1971039045 sp=0x00007f196cae9058 mode 2
Event: 68.800 Thread 0x00007f19741aa000 Uncommon trap: trap_request=0xffffff86 fr.pc=0x00007f19711caa8c
Event: 68.800 Thread 0x00007f19741aa000 DEOPT PACKING pc=0x00007f19711caa8c sp=0x00007f196c9e81b0
Event: 68.800 Thread 0x00007f19741aa000 DEOPT UNPACKING pc=0x00007f1971039045 sp=0x00007f196c9e81a8 mode 2
Event: 70.239 Executing VM operation: ParallelGCFailedAllocation
Event: 72.322 Executing VM operation: ParallelGCFailedAllocation done
Event: 73.469 Thread 0x00007f19741a7000 Uncommon trap: trap_request=0xffffffde fr.pc=0x00007f19710bd7e4
Event: 73.469 Thread 0x00007f19741a7000 DEOPT PACKING pc=0x00007f19710bd7e4 sp=0x00007f196cbea240
Event: 73.469 Thread 0x00007f19741a7000 DEOPT UNPACKING pc=0x00007f1971039045 sp=0x00007f196cbea200 mode 2
Event: 74.203 Executing VM operation: ParallelGCFailedAllocation


Dynamic libraries:
00400000-00401000 r-xp 00000000 b3:01 406352                             /usr/lib/jvm/java-7-openjdk-amd64/jre/bin/java
00600000-00601000 r--p 00000000 b3:01 406352                             /usr/lib/jvm/java-7-openjdk-amd64/jre/bin/java
00601000-00602000 rw-p 00001000 b3:01 406352                             /usr/lib/jvm/java-7-openjdk-amd64/jre/bin/java
00c14000-00c5a000 rw-p 00000000 00:00 0                                  [heap]
b5a00000-b6f00000 rw-p 00000000 00:00 0 
b6f00000-c0000000 rw-p 00000000 00:00 0 
c0000000-cd180000 rw-p 00000000 00:00 0 
d2f80000-eaa80000 rw-p 00000000 00:00 0 
eaa80000-f8300000 rw-p 00000000 00:00 0 
f8300000-100000000 rw-p 00000000 00:00 0 
7f1930000000-7f193002c000 rw-p 00000000 00:00 0 
7f193002c000-7f1934000000 ---p 00000000 00:00 0 
7f1938000000-7f1938021000 rw-p 00000000 00:00 0 
7f1938021000-7f193c000000 ---p 00000000 00:00 0 
7f193c000000-7f193c021000 rw-p 00000000 00:00 0 
7f193c021000-7f1940000000 ---p 00000000 00:00 0 
7f1940000000-7f1940021000 rw-p 00000000 00:00 0 
7f1940021000-7f1944000000 ---p 00000000 00:00 0 
7f1944000000-7f1944027000 rw-p 00000000 00:00 0 
7f1944027000-7f1948000000 ---p 00000000 00:00 0 
7f1948000000-7f194944d000 rw-p 00000000 00:00 0 
7f194944d000-7f194c000000 ---p 00000000 00:00 0 
7f194c000000-7f194c021000 rw-p 00000000 00:00 0 
7f194c021000-7f1950000000 ---p 00000000 00:00 0 
7f1950000000-7f1950021000 rw-p 00000000 00:00 0 
7f1950021000-7f1954000000 ---p 00000000 00:00 0 
7f1954000000-7f19556a8000 rw-p 00000000 00:00 0 
7f19556a8000-7f1958000000 ---p 00000000 00:00 0 
7f1958000000-7f1958021000 rw-p 00000000 00:00 0 
7f1958021000-7f195c000000 ---p 00000000 00:00 0 
7f195c000000-7f195c021000 rw-p 00000000 00:00 0 
7f195c021000-7f1960000000 ---p 00000000 00:00 0 
7f1960000000-7f196002f000 rw-p 00000000 00:00 0 
7f196002f000-7f1964000000 ---p 00000000 00:00 0 
7f1964000000-7f1964294000 rw-p 00000000 00:00 0 
7f1964294000-7f1968000000 ---p 00000000 00:00 0 
7f1968000000-7f1968042000 rw-p 00000000 00:00 0 
7f1968042000-7f196c000000 ---p 00000000 00:00 0 
7f196c8e9000-7f196c8ec000 ---p 00000000 00:00 0 
7f196c8ec000-7f196c9ea000 rw-p 00000000 00:00 0                          [stack:19495]
7f196c9ea000-7f196c9ed000 ---p 00000000 00:00 0 
7f196c9ed000-7f196caeb000 rw-p 00000000 00:00 0                          [stack:19494]
7f196caeb000-7f196caee000 ---p 00000000 00:00 0 
7f196caee000-7f196cbec000 rw-p 00000000 00:00 0                          [stack:19493]
7f196cbec000-7f196cbef000 ---p 00000000 00:00 0 
7f196cbef000-7f196cced000 rw-p 00000000 00:00 0                          [stack:19492]
7f196cced000-7f196ccf0000 ---p 00000000 00:00 0 
7f196ccf0000-7f196ce1f000 rw-p 00000000 00:00 0                          [stack:19491]
7f196ce1f000-7f196ce5c000 r-xp 00000000 b3:01 3543473                    /lib/x86_64-linux-gnu/libpcre.so.3.13.1
7f196ce5c000-7f196d05b000 ---p 0003d000 b3:01 3543473                    /lib/x86_64-linux-gnu/libpcre.so.3.13.1
7f196d05b000-7f196d05c000 r--p 0003c000 b3:01 3543473                    /lib/x86_64-linux-gnu/libpcre.so.3.13.1
7f196d05c000-7f196d05d000 rw-p 0003d000 b3:01 3543473                    /lib/x86_64-linux-gnu/libpcre.so.3.13.1
7f196d05d000-7f196d064000 r-xp 00000000 b3:01 271610                     /usr/lib/x86_64-linux-gnu/libffi.so.6.0.1
7f196d064000-7f196d263000 ---p 00007000 b3:01 271610                     /usr/lib/x86_64-linux-gnu/libffi.so.6.0.1
7f196d263000-7f196d264000 r--p 00006000 b3:01 271610                     /usr/lib/x86_64-linux-gnu/libffi.so.6.0.1
7f196d264000-7f196d265000 rw-p 00007000 b3:01 271610                     /usr/lib/x86_64-linux-gnu/libffi.so.6.0.1
7f196d265000-7f196d27c000 r-xp 00000000 b3:01 3543496                    /lib/x86_64-linux-gnu/libresolv-2.19.so
7f196d27c000-7f196d47c000 ---p 00017000 b3:01 3543496                    /lib/x86_64-linux-gnu/libresolv-2.19.so
7f196d47c000-7f196d47d000 r--p 00017000 b3:01 3543496                    /lib/x86_64-linux-gnu/libresolv-2.19.so
7f196d47d000-7f196d47e000 rw-p 00018000 b3:01 3543496                    /lib/x86_64-linux-gnu/libresolv-2.19.so
7f196d47e000-7f196d480000 rw-p 00000000 00:00 0 
7f196d480000-7f196d4a0000 r-xp 00000000 b3:01 3543500                    /lib/x86_64-linux-gnu/libselinux.so.1
7f196d4a0000-7f196d69f000 ---p 00020000 b3:01 3543500                    /lib/x86_64-linux-gnu/libselinux.so.1
7f196d69f000-7f196d6a0000 r--p 0001f000 b3:01 3543500                    /lib/x86_64-linux-gnu/libselinux.so.1
7f196d6a0000-7f196d6a1000 rw-p 00020000 b3:01 3543500                    /lib/x86_64-linux-gnu/libselinux.so.1
7f196d6a1000-7f196d6a3000 rw-p 00000000 00:00 0 
7f196d6a3000-7f196d6a6000 r-xp 00000000 b3:01 271723                     /usr/lib/x86_64-linux-gnu/libgmodule-2.0.so.0.4002.0
7f196d6a6000-7f196d8a5000 ---p 00003000 b3:01 271723                     /usr/lib/x86_64-linux-gnu/libgmodule-2.0.so.0.4002.0
7f196d8a5000-7f196d8a6000 r--p 00002000 b3:01 271723                     /usr/lib/x86_64-linux-gnu/libgmodule-2.0.so.0.4002.0
7f196d8a6000-7f196d8a7000 rw-p 00003000 b3:01 271723                     /usr/lib/x86_64-linux-gnu/libgmodule-2.0.so.0.4002.0
7f196d8a7000-7f196d9ad000 r-xp 00000000 b3:01 3543401                    /lib/x86_64-linux-gnu/libglib-2.0.so.0.4002.0
7f196d9ad000-7f196dbac000 ---p 00106000 b3:01 3543401                    /lib/x86_64-linux-gnu/libglib-2.0.so.0.4002.0
7f196dbac000-7f196dbad000 r--p 00105000 b3:01 3543401                    /lib/x86_64-linux-gnu/libglib-2.0.so.0.4002.0
7f196dbad000-7f196dbae000 rw-p 00106000 b3:01 3543401                    /lib/x86_64-linux-gnu/libglib-2.0.so.0.4002.0
7f196dbae000-7f196dbaf000 rw-p 00000000 00:00 0 
7f196dbaf000-7f196dbfe000 r-xp 00000000 b3:01 271739                     /usr/lib/x86_64-linux-gnu/libgobject-2.0.so.0.4002.0
7f196dbfe000-7f196ddfe000 ---p 0004f000 b3:01 271739                     /usr/lib/x86_64-linux-gnu/libgobject-2.0.so.0.4002.0
7f196ddfe000-7f196ddff000 r--p 0004f000 b3:01 271739                     /usr/lib/x86_64-linux-gnu/libgobject-2.0.so.0.4002.0
7f196ddff000-7f196de00000 rw-p 00050000 b3:01 271739                     /usr/lib/x86_64-linux-gnu/libgobject-2.0.so.0.4002.0
7f196de00000-7f196df6c000 r-xp 00000000 b3:01 271711                     /usr/lib/x86_64-linux-gnu/libgio-2.0.so.0.4002.0
7f196df6c000-7f196e16b000 ---p 0016c000 b3:01 271711                     /usr/lib/x86_64-linux-gnu/libgio-2.0.so.0.4002.0
7f196e16b000-7f196e16f000 r--p 0016b000 b3:01 271711                     /usr/lib/x86_64-linux-gnu/libgio-2.0.so.0.4002.0
7f196e16f000-7f196e171000 rw-p 0016f000 b3:01 271711                     /usr/lib/x86_64-linux-gnu/libgio-2.0.so.0.4002.0
7f196e171000-7f196e173000 rw-p 00000000 00:00 0 
7f196e189000-7f196e1a0000 r-xp 00000000 b3:01 406415                     /usr/lib/jvm/java-7-openjdk-amd64/jre/lib/amd64/libnet.so
7f196e1a0000-7f196e39f000 ---p 00017000 b3:01 406415                     /usr/lib/jvm/java-7-openjdk-amd64/jre/lib/amd64/libnet.so
7f196e39f000-7f196e3a0000 r--p 00016000 b3:01 406415                     /usr/lib/jvm/java-7-openjdk-amd64/jre/lib/amd64/libnet.so
7f196e3a0000-7f196e3a1000 rw-p 00017000 b3:01 406415                     /usr/lib/jvm/java-7-openjdk-amd64/jre/lib/amd64/libnet.so
7f196e3a1000-7f196e3b1000 r-xp 00000000 b3:01 406382                     /usr/lib/jvm/java-7-openjdk-amd64/jre/lib/amd64/libnio.so
7f196e3b1000-7f196e5b1000 ---p 00010000 b3:01 406382                     /usr/lib/jvm/java-7-openjdk-amd64/jre/lib/amd64/libnio.so
7f196e5b1000-7f196e5b2000 r--p 00010000 b3:01 406382                     /usr/lib/jvm/java-7-openjdk-amd64/jre/lib/amd64/libnio.so
7f196e5b2000-7f196e5b3000 rw-p 00011000 b3:01 406382                     /usr/lib/jvm/java-7-openjdk-amd64/jre/lib/amd64/libnio.so
7f196e5b3000-7f196e5cb000 r--s 000e7000 b3:01 1215845                    /home/jared/Documents/Repos/Android-Workspace/DropChat/app/build/intermediates/exploded-aar/com.google.android.gms/play-services-ads/8.3.0/jars/classes.jar
7f196e5cb000-7f196e5cc000 ---p 00000000 00:00 0 
7f196e5cc000-7f196e6cc000 rw-p 00000000 00:00 0                          [stack:19490]
7f196e6cc000-7f196e6cf000 ---p 00000000 00:00 0 
7f196e6cf000-7f196e7cd000 rw-p 00000000 00:00 0                          [stack:19489]
7f196e7cd000-7f196e7d0000 ---p 00000000 00:00 0 
7f196e7d0000-7f196e8ce000 rw-p 00000000 00:00 0                          [stack:19488]
7f196e8ce000-7f196e8d1000 ---p 00000000 00:00 0 
7f196e8d1000-7f196e9cf000 rw-p 00000000 00:00 0                          [stack:19487]
7f196e9cf000-7f196e9d2000 ---p 00000000 00:00 0 
7f196e9d2000-7f1971000000 rw-p 00000000 00:00 0                          [stack:19486]
7f1971000000-7f19712a0000 rwxp 00000000 00:00 0 
7f19712a0000-7f19741cd000 rw-p 00000000 00:00 0 
7f19741cd000-7f1978000000 ---p 00000000 00:00 0 
7f197800d000-7f197801c000 r--s 000df000 b3:01 3285324                    /home/jared/Android/Sdk/build-tools/23.0.2/lib/dx.jar
7f197801c000-7f19786fe000 r--p 00000000 b3:01 270176                     /usr/lib/locale/locale-archive
7f19786fe000-7f1978701000 ---p 00000000 00:00 0 
7f1978701000-7f19787ff000 rw-p 00000000 00:00 0                          [stack:19485]
7f19787ff000-7f1978802000 ---p 00000000 00:00 0 
7f1978802000-7f1978900000 rw-p 00000000 00:00 0                          [stack:19484]
7f1978900000-7f1978901000 ---p 00000000 00:00 0 
7f1978901000-7f19793b6000 rw-p 00000000 00:00 0                          [stack:19483]
7f19793b6000-7f1979568000 r--s 01d2e000 b3:01 406375                     /usr/lib/jvm/java-7-openjdk-amd64/jre/lib/rt.jar
7f1979568000-7f19798b4000 rw-p 00000000 00:00 0 
7f19798b4000-7f19798b5000 ---p 00000000 00:00 0 
7f19798b5000-7f19799b5000 rw-p 00000000 00:00 0                          [stack:19482]
7f19799b5000-7f19799b6000 ---p 00000000 00:00 0 
7f19799b6000-7f1979ac1000 rw-p 00000000 00:00 0                          [stack:19481]
7f1979ac1000-7f1979b09000 rw-p 00000000 00:00 0 
7f1979b09000-7f1979b72000 rw-p 00000000 00:00 0 
7f1979b72000-7f1979c5f000 rw-p 00000000 00:00 0 
7f1979c5f000-7f1979c6a000 rw-p 00000000 00:00 0 
7f1979c6a000-7f1979cb2000 rw-p 00000000 00:00 0 
7f1979cb2000-7f1979d1b000 rw-p 00000000 00:00 0 
7f1979d1b000-7f1979e07000 rw-p 00000000 00:00 0 
7f1979e07000-7f1979e74000 rw-p 00000000 00:00 0 
7f1979e74000-7f1979eb2000 rw-p 00000000 00:00 0 
7f1979eb2000-7f1979eb3000 rw-p 00000000 00:00 0 
7f1979eb3000-7f1979ebb000 r-xp 00000000 b3:01 406386                     /usr/lib/jvm/java-7-openjdk-amd64/jre/lib/amd64/libzip.so
7f1979ebb000-7f197a0ba000 ---p 00008000 b3:01 406386                     /usr/lib/jvm/java-7-openjdk-amd64/jre/lib/amd64/libzip.so
7f197a0ba000-7f197a0bb000 r--p 00007000 b3:01 406386                     /usr/lib/jvm/java-7-openjdk-amd64/jre/lib/amd64/libzip.so
7f197a0bb000-7f197a0bc000 rw-p 00008000 b3:01 406386                     /usr/lib/jvm/java-7-openjdk-amd64/jre/lib/amd64/libzip.so
7f197a0bc000-7f197a0c7000 r-xp 00000000 b3:01 3543445                    /lib/x86_64-linux-gnu/libnss_files-2.19.so
7f197a0c7000-7f197a2c6000 ---p 0000b000 b3:01 3543445                    /lib/x86_64-linux-gnu/libnss_files-2.19.so
7f197a2c6000-7f197a2c7000 r--p 0000a000 b3:01 3543445                    /lib/x86_64-linux-gnu/libnss_files-2.19.so
7f197a2c7000-7f197a2c8000 rw-p 0000b000 b3:01 3543445                    /lib/x86_64-linux-gnu/libnss_files-2.19.so
7f197a2c8000-7f197a2d3000 r-xp 00000000 b3:01 3543455                    /lib/x86_64-linux-gnu/libnss_nis-2.19.so
7f197a2d3000-7f197a4d2000 ---p 0000b000 b3:01 3543455                    /lib/x86_64-linux-gnu/libnss_nis-2.19.so
7f197a4d2000-7f197a4d3000 r--p 0000a000 b3:01 3543455                    /lib/x86_64-linux-gnu/libnss_nis-2.19.so
7f197a4d3000-7f197a4d4000 rw-p 0000b000 b3:01 3543455                    /lib/x86_64-linux-gnu/libnss_nis-2.19.so
7f197a4d4000-7f197a4eb000 r-xp 00000000 b3:01 3543439                    /lib/x86_64-linux-gnu/libnsl-2.19.so
7f197a4eb000-7f197a6ea000 ---p 00017000 b3:01 3543439                    /lib/x86_64-linux-gnu/libnsl-2.19.so
7f197a6ea000-7f197a6eb000 r--p 00016000 b3:01 3543439                    /lib/x86_64-linux-gnu/libnsl-2.19.so
7f197a6eb000-7f197a6ec000 rw-p 00017000 b3:01 3543439                    /lib/x86_64-linux-gnu/libnsl-2.19.so
7f197a6ec000-7f197a6ee000 rw-p 00000000 00:00 0 
7f197a6ee000-7f197a6f7000 r-xp 00000000 b3:01 3543441                    /lib/x86_64-linux-gnu/libnss_compat-2.19.so
7f197a6f7000-7f197a8f6000 ---p 00009000 b3:01 3543441                    /lib/x86_64-linux-gnu/libnss_compat-2.19.so
7f197a8f6000-7f197a8f7000 r--p 00008000 b3:01 3543441                    /lib/x86_64-linux-gnu/libnss_compat-2.19.so
7f197a8f7000-7f197a8f8000 rw-p 00009000 b3:01 3543441                    /lib/x86_64-linux-gnu/libnss_compat-2.19.so
7f197a8f8000-7f197a923000 r-xp 00000000 b3:01 406394                     /usr/lib/jvm/java-7-openjdk-amd64/jre/lib/amd64/libjava.so
7f197a923000-7f197ab23000 ---p 0002b000 b3:01 406394                     /usr/lib/jvm/java-7-openjdk-amd64/jre/lib/amd64/libjava.so
7f197ab23000-7f197ab24000 r--p 0002b000 b3:01 406394                     /usr/lib/jvm/java-7-openjdk-amd64/jre/lib/amd64/libjava.so
7f197ab24000-7f197ab26000 rw-p 0002c000 b3:01 406394                     /usr/lib/jvm/java-7-openjdk-amd64/jre/lib/amd64/libjava.so
7f197ab26000-7f197ab36000 r-xp 00000000 b3:01 406410                     /usr/lib/jvm/java-7-openjdk-amd64/jre/lib/amd64/libverify.so
7f197ab36000-7f197ad35000 ---p 00010000 b3:01 406410                     /usr/lib/jvm/java-7-openjdk-amd64/jre/lib/amd64/libverify.so
7f197ad35000-7f197ad37000 r--p 0000f000 b3:01 406410                     /usr/lib/jvm/java-7-openjdk-amd64/jre/lib/amd64/libverify.so
7f197ad37000-7f197ad38000 rw-p 00011000 b3:01 406410                     /usr/lib/jvm/java-7-openjdk-amd64/jre/lib/amd64/libverify.so
7f197ad38000-7f197ad3f000 r-xp 00000000 b3:01 3543498                    /lib/x86_64-linux-gnu/librt-2.19.so
7f197ad3f000-7f197af3e000 ---p 00007000 b3:01 3543498                    /lib/x86_64-linux-gnu/librt-2.19.so
7f197af3e000-7f197af3f000 r--p 00006000 b3:01 3543498                    /lib/x86_64-linux-gnu/librt-2.19.so
7f197af3f000-7f197af40000 rw-p 00007000 b3:01 3543498                    /lib/x86_64-linux-gnu/librt-2.19.so
7f197af40000-7f197af56000 r-xp 00000000 b3:01 3543397                    /lib/x86_64-linux-gnu/libgcc_s.so.1
7f197af56000-7f197b155000 ---p 00016000 b3:01 3543397                    /lib/x86_64-linux-gnu/libgcc_s.so.1
7f197b155000-7f197b156000 rw-p 00015000 b3:01 3543397                    /lib/x86_64-linux-gnu/libgcc_s.so.1
7f197b156000-7f197b25b000 r-xp 00000000 b3:01 3543420                    /lib/x86_64-linux-gnu/libm-2.19.so
7f197b25b000-7f197b45a000 ---p 00105000 b3:01 3543420                    /lib/x86_64-linux-gnu/libm-2.19.so
7f197b45a000-7f197b45b000 r--p 00104000 b3:01 3543420                    /lib/x86_64-linux-gnu/libm-2.19.so
7f197b45b000-7f197b45c000 rw-p 00105000 b3:01 3543420                    /lib/x86_64-linux-gnu/libm-2.19.so
7f197b45c000-7f197b542000 r-xp 00000000 b3:01 272232                     /usr/lib/x86_64-linux-gnu/libstdc++.so.6.0.19
7f197b542000-7f197b741000 ---p 000e6000 b3:01 272232                     /usr/lib/x86_64-linux-gnu/libstdc++.so.6.0.19
7f197b741000-7f197b749000 r--p 000e5000 b3:01 272232                     /usr/lib/x86_64-linux-gnu/libstdc++.so.6.0.19
7f197b749000-7f197b74b000 rw-p 000ed000 b3:01 272232                     /usr/lib/x86_64-linux-gnu/libstdc++.so.6.0.19
7f197b74b000-7f197b760000 rw-p 00000000 00:00 0 
7f197b760000-7f197c284000 r-xp 00000000 b3:01 406401                     /usr/lib/jvm/java-7-openjdk-amd64/jre/lib/amd64/server/libjvm.so
7f197c284000-7f197c484000 ---p 00b24000 b3:01 406401                     /usr/lib/jvm/java-7-openjdk-amd64/jre/lib/amd64/server/libjvm.so
7f197c484000-7f197c51e000 r--p 00b24000 b3:01 406401                     /usr/lib/jvm/java-7-openjdk-amd64/jre/lib/amd64/server/libjvm.so
7f197c51e000-7f197c541000 rw-p 00bbe000 b3:01 406401                     /usr/lib/jvm/java-7-openjdk-amd64/jre/lib/amd64/server/libjvm.so
7f197c541000-7f197c56f000 rw-p 00000000 00:00 0 
7f197c56f000-7f197c587000 r-xp 00000000 b3:01 3543533                    /lib/x86_64-linux-gnu/libz.so.1.2.8
7f197c587000-7f197c786000 ---p 00018000 b3:01 3543533                    /lib/x86_64-linux-gnu/libz.so.1.2.8
7f197c786000-7f197c787000 r--p 00017000 b3:01 3543533                    /lib/x86_64-linux-gnu/libz.so.1.2.8
7f197c787000-7f197c788000 rw-p 00018000 b3:01 3543533                    /lib/x86_64-linux-gnu/libz.so.1.2.8
7f197c788000-7f197c7a1000 r-xp 00000000 b3:01 3543490                    /lib/x86_64-linux-gnu/libpthread-2.19.so
7f197c7a1000-7f197c9a0000 ---p 00019000 b3:01 3543490                    /lib/x86_64-linux-gnu/libpthread-2.19.so
7f197c9a0000-7f197c9a1000 r--p 00018000 b3:01 3543490                    /lib/x86_64-linux-gnu/libpthread-2.19.so
7f197c9a1000-7f197c9a2000 rw-p 00019000 b3:01 3543490                    /lib/x86_64-linux-gnu/libpthread-2.19.so
7f197c9a2000-7f197c9a6000 rw-p 00000000 00:00 0 
7f197c9a6000-7f197c9a9000 r-xp 00000000 b3:01 3543387                    /lib/x86_64-linux-gnu/libdl-2.19.so
7f197c9a9000-7f197cba8000 ---p 00003000 b3:01 3543387                    /lib/x86_64-linux-gnu/libdl-2.19.so
7f197cba8000-7f197cba9000 r--p 00002000 b3:01 3543387                    /lib/x86_64-linux-gnu/libdl-2.19.so
7f197cba9000-7f197cbaa000 rw-p 00003000 b3:01 3543387                    /lib/x86_64-linux-gnu/libdl-2.19.so
7f197cbaa000-7f197cd65000 r-xp 00000000 b3:01 3543370                    /lib/x86_64-linux-gnu/libc-2.19.so
7f197cd65000-7f197cf64000 ---p 001bb000 b3:01 3543370                    /lib/x86_64-linux-gnu/libc-2.19.so
7f197cf64000-7f197cf68000 r--p 001ba000 b3:01 3543370                    /lib/x86_64-linux-gnu/libc-2.19.so
7f197cf68000-7f197cf6a000 rw-p 001be000 b3:01 3543370                    /lib/x86_64-linux-gnu/libc-2.19.so
7f197cf6a000-7f197cf6f000 rw-p 00000000 00:00 0 
7f197cf6f000-7f197cf7c000 r-xp 00000000 b3:01 406412                     /usr/lib/jvm/java-7-openjdk-amd64/jre/lib/amd64/jli/libjli.so
7f197cf7c000-7f197d17b000 ---p 0000d000 b3:01 406412                     /usr/lib/jvm/java-7-openjdk-amd64/jre/lib/amd64/jli/libjli.so
7f197d17b000-7f197d17c000 r--p 0000c000 b3:01 406412                     /usr/lib/jvm/java-7-openjdk-amd64/jre/lib/amd64/jli/libjli.so
7f197d17c000-7f197d17d000 rw-p 0000d000 b3:01 406412                     /usr/lib/jvm/java-7-openjdk-amd64/jre/lib/amd64/jli/libjli.so
7f197d17d000-7f197d1a0000 r-xp 00000000 b3:01 3543346                    /lib/x86_64-linux-gnu/ld-2.19.so
7f197d1a0000-7f197d1a1000 rw-p 00000000 00:00 0 
7f197d1a1000-7f197d1a3000 r--s 00012000 b3:01 406366                     /usr/lib/jvm/java-7-openjdk-amd64/jre/lib/ext/zipfs.jar
7f197d1a3000-7f197d1a7000 r--s 0003c000 b3:01 406370                     /usr/lib/jvm/java-7-openjdk-amd64/jre/lib/ext/sunpkcs11.jar
7f197d1a7000-7f197d1a9000 r--s 00006000 b3:01 668640                     /usr/share/java/java-atk-wrapper.jar
7f197d1a9000-7f197d1cc000 rw-p 00000000 00:00 0 
7f197d1cc000-7f197d281000 rw-p 00000000 00:00 0 
7f197d281000-7f197d284000 ---p 00000000 00:00 0 
7f197d284000-7f197d387000 rw-p 00000000 00:00 0                          [stack:19479]
7f197d387000-7f197d38a000 r--s 0000f000 b3:01 406368                     /usr/lib/jvm/java-7-openjdk-amd64/jre/lib/ext/icedtea-sound.jar
7f197d38a000-7f197d38e000 r--s 00034000 b3:01 406369                     /usr/lib/jvm/java-7-openjdk-amd64/jre/lib/ext/sunjce_provider.jar
7f197d38e000-7f197d392000 r--s 00085000 b3:01 406367                     /usr/lib/jvm/java-7-openjdk-amd64/jre/lib/ext/localedata.jar
7f197d392000-7f197d393000 r--s 00002000 b3:01 406371                     /usr/lib/jvm/java-7-openjdk-amd64/jre/lib/ext/dnsns.jar
7f197d393000-7f197d39b000 rw-s 00000000 b3:01 1356430                    /tmp/hsperfdata_jared/19476
7f197d39b000-7f197d39c000 rw-p 00000000 00:00 0 
7f197d39c000-7f197d39d000 ---p 00000000 00:00 0 
7f197d39d000-7f197d39f000 rw-p 00000000 00:00 0 
7f197d39f000-7f197d3a0000 r--p 00022000 b3:01 3543346                    /lib/x86_64-linux-gnu/ld-2.19.so
7f197d3a0000-7f197d3a1000 rw-p 00023000 b3:01 3543346                    /lib/x86_64-linux-gnu/ld-2.19.so
7f197d3a1000-7f197d3a2000 rw-p 00000000 00:00 0 
7ffd7a16c000-7ffd7a18d000 rw-p 00000000 00:00 0                          [stack]
7ffd7a1d2000-7ffd7a1d4000 r--p 00000000 00:00 0                          [vvar]
7ffd7a1d4000-7ffd7a1d6000 r-xp 00000000 00:00 0                          [vdso]
ffffffffff600000-ffffffffff601000 r-xp 00000000 00:00 0                  [vsyscall]

VM Arguments:
jvm_args: -Djava.awt.headless=true -Xmx1024M -Dfile.encoding=UTF-8 -Duser.country=CA -Duser.language=en -Duser.variant 
java_command: com.android.dx.command.Main --dex --num-threads=4 --output /home/jared/Documents/Repos/Android-Workspace/DropChat/app/build/intermediates/pre-dexed/debug/com.google.android.gms-play-services-ads-8.3.0_b6e693b8320231ffcecd47ea768b934001308c34.jar /home/jared/Documents/Repos/Android-Workspace/DropChat/app/build/intermediates/exploded-aar/com.google.android.gms/play-services-ads/8.3.0/jars/classes.jar
Launcher Type: SUN_STANDARD

Environment Variables:
JAVA_HOME=/usr/lib/jvm/java-7-oracle
PATH=/usr/local/sbin:/usr/local/bin:/usr/sbin:/usr/bin:/sbin:/bin:/usr/games:/usr/local/games:/usr/lib/jvm/java-7-oracle/bin:/usr/lib/jvm/java-7-oracle/db/bin:/usr/lib/jvm/java-7-oracle/jre/bin
LD_LIBRARY_PATH=/opt/android-studio/bin:
SHELL=/bin/bash
DISPLAY=:0

Signal Handlers:
SIGSEGV: [libjvm.so+0x9548f0], sa_mask[0]=0x7ffbfeff, sa_flags=0x10000004
SIGBUS: [libjvm.so+0x9548f0], sa_mask[0]=0x7ffbfeff, sa_flags=0x10000004
SIGFPE: [libjvm.so+0x7cb0b0], sa_mask[0]=0x7ffbfeff, sa_flags=0x10000004
SIGPIPE: [libjvm.so+0x7cb0b0], sa_mask[0]=0x7ffbfeff, sa_flags=0x10000004
SIGXFSZ: [libjvm.so+0x7cb0b0], sa_mask[0]=0x7ffbfeff, sa_flags=0x10000004
SIGILL: [libjvm.so+0x7cb0b0], sa_mask[0]=0x7ffbfeff, sa_flags=0x10000004
SIGUSR1: SIG_DFL, sa_mask[0]=0x00000000, sa_flags=0x00000000
SIGUSR2: [libjvm.so+0x7caf50], sa_mask[0]=0x00000004, sa_flags=0x10000004
SIGHUP: [libjvm.so+0x7cb130], sa_mask[0]=0x7ffbfeff, sa_flags=0x10000004
SIGINT: [libjvm.so+0x7cb130], sa_mask[0]=0x7ffbfeff, sa_flags=0x10000004
SIGTERM: [libjvm.so+0x7cb130], sa_mask[0]=0x7ffbfeff, sa_flags=0x10000004
SIGQUIT: [libjvm.so+0x7cb130], sa_mask[0]=0x7ffbfeff, sa_flags=0x10000004
SIGTRAP: SIG_DFL, sa_mask[0]=0x00000000, sa_flags=0x00000000


---------------  S Y S T E M  ---------------

OS:Ubuntu 14.04 (trusty)
uname:Linux 3.19.0-25-generic #26~14.04.1-Ubuntu SMP Fri Jul 24 21:16:20 UTC 2015 x86_64
libc:glibc 2.19 NPTL 2.19 
rlimit: STACK 8192k, CORE 0k, NPROC 7595, NOFILE 4096, AS infinity
load average:11.64 10.15 8.70

/proc/meminfo:
MemTotal:        1965740 kB
MemFree:           68636 kB
MemAvailable:      59456 kB
Buffers:            1660 kB
Cached:           254236 kB
SwapCached:         4180 kB
Active:          1288768 kB
Inactive:         461764 kB
Active(anon):    1255656 kB
Inactive(anon):   431548 kB
Active(file):      33112 kB
Inactive(file):    30216 kB
Unevictable:         128 kB
Mlocked:             128 kB
SwapTotal:       2011132 kB
SwapFree:            672 kB
Dirty:                72 kB
Writeback:           868 kB
AnonPages:       1491760 kB
Mapped:            61724 kB
Shmem:            192516 kB
Slab:              62668 kB
SReclaimable:      30936 kB
SUnreclaim:        31732 kB
KernelStack:        9696 kB
PageTables:        44088 kB
NFS_Unstable:          0 kB
Bounce:                0 kB
WritebackTmp:          0 kB
CommitLimit:     2994000 kB
Committed_AS:    8001788 kB
VmallocTotal:   34359738367 kB
VmallocUsed:      353888 kB
VmallocChunk:   34359321468 kB
HardwareCorrupted:     0 kB
AnonHugePages:    206848 kB
CmaTotal:              0 kB
CmaFree:               0 kB
HugePages_Total:       0
HugePages_Free:        0
HugePages_Rsvd:        0
HugePages_Surp:        0
Hugepagesize:       2048 kB
DirectMap4k:      160512 kB
DirectMap2M:     1853440 kB


CPU:total 2 (2 cores per cpu, 1 threads per core) family 6 model 76 stepping 3, cmov, cx8, fxsr, mmx, sse, sse2, sse3, ssse3, sse4.1, sse4.2, popcnt, aes, erms, tsc, tscinvbit

/proc/cpuinfo:
processor	: 0
vendor_id	: GenuineIntel
cpu family	: 6
model		: 76
model name	: Intel(R) Celeron(R) CPU  N3050  @ 1.60GHz
stepping	: 3
microcode	: 0x34f
cpu MHz		: 2249.100
cache size	: 1024 KB
physical id	: 0
siblings	: 2
core id		: 0
cpu cores	: 2
apicid		: 0
initial apicid	: 0
fpu		: yes
fpu_exception	: yes
cpuid level	: 11
wp		: yes
flags		: fpu vme de pse tsc msr pae mce cx8 apic sep mtrr pge mca cmov pat pse36 clflush dts acpi mmx fxsr sse sse2 ss ht tm pbe syscall nx rdtscp lm constant_tsc arch_perfmon pebs bts rep_good nopl xtopology nonstop_tsc aperfmperf pni pclmulqdq dtes64 monitor ds_cpl vmx est tm2 ssse3 cx16 xtpr pdcm sse4_1 sse4_2 movbe popcnt tsc_deadline_timer aes rdrand lahf_lm 3dnowprefetch ida arat epb dtherm tpr_shadow vnmi flexpriority ept vpid tsc_adjust smep erms
bugs		:
bogomips	: 3199.51
clflush size	: 64
cache_alignment	: 64
address sizes	: 36 bits physical, 48 bits virtual
power management:

processor	: 1
vendor_id	: GenuineIntel
cpu family	: 6
model		: 76
model name	: Intel(R) Celeron(R) CPU  N3050  @ 1.60GHz
stepping	: 3
microcode	: 0x34f
cpu MHz		: 2249.100
cache size	: 1024 KB
physical id	: 0
siblings	: 2
core id		: 2
cpu cores	: 2
apicid		: 4
initial apicid	: 4
fpu		: yes
fpu_exception	: yes
cpuid level	: 11
wp		: yes
flags		: fpu vme de pse tsc msr pae mce cx8 apic sep mtrr pge mca cmov pat pse36 clflush dts acpi mmx fxsr sse sse2 ss ht tm pbe syscall nx rdtscp lm constant_tsc arch_perfmon pebs bts rep_good nopl xtopology nonstop_tsc aperfmperf pni pclmulqdq dtes64 monitor ds_cpl vmx est tm2 ssse3 cx16 xtpr pdcm sse4_1 sse4_2 movbe popcnt tsc_deadline_timer aes rdrand lahf_lm 3dnowprefetch ida arat epb dtherm tpr_shadow vnmi flexpriority ept vpid tsc_adjust smep erms
bugs		:
bogomips	: 3199.51
clflush size	: 64
cache_alignment	: 64
address sizes	: 36 bits physical, 48 bits virtual
power management:



Memory: 4k page, physical 1965740k(68636k free), swap 2011132k(676k free)

vm_info: OpenJDK 64-Bit Server VM (24.91-b01) for linux-amd64 JRE (1.7.0_91-b02), built on Nov 19 2015 06:14:37 by "buildd" with gcc 4.8.2

time: Thu Feb 18 17:23:35 2016
elapsed time: 82 seconds

