#
# There is insufficient memory for the Java Runtime Environment to continue.
# Native memory allocation (malloc) failed to allocate 83886080 bytes for committing reserved memory.
# Possible reasons:
#   The system is out of physical RAM or swap space
#   In 32 bit mode, the process size limit was hit
# Possible solutions:
#   Reduce memory load on the system
#   Increase physical memory or swap space
#   Check if swap backing store is full
#   Use 64 bit Java on a 64 bit OS
#   Decrease Java heap size (-Xmx/-Xms)
#   Decrease number of Java threads
#   Decrease Java thread stack sizes (-Xss)
#   Set larger code cache with -XX:ReservedCodeCacheSize=
# This output file may be truncated or incomplete.
#
#  Out of Memory Error (os_linux.cpp:2827), pid=21184, tid=139942797227776
#
# JRE version: OpenJDK Runtime Environment (7.0_91-b02) (build 1.7.0_91-b02)
# Java VM: OpenJDK 64-Bit Server VM (24.91-b01 mixed mode linux-amd64 compressed oops)
# Derivative: IcedTea 2.6.3
# Distribution: Ubuntu 14.04 LTS, package 7u91-2.6.3-0ubuntu0.14.04.1
# Failed to write core dump. Core dumps have been disabled. To enable core dumping, try "ulimit -c unlimited" before starting Java again
#

---------------  T H R E A D  ---------------

Current thread (0x00007f4700071800):  VMThread [stack: 0x00007f46f8a7b000,0x00007f46f8b7c000] [id=21192]

Stack: [0x00007f46f8a7b000,0x00007f46f8b7c000],  sp=0x00007f46f8b7a490,  free space=1021k
Native frames: (J=compiled Java code, j=interpreted, Vv=VM code, C=native code)
V  [libjvm.so+0x953e15]  VMError::report_and_die()+0x175
V  [libjvm.so+0x48fd94]  report_vm_out_of_memory(char const*, int, unsigned long, char const*)+0x74
V  [libjvm.so+0x7cf87b]  os::pd_commit_memory(char*, unsigned long, unsigned long, bool)+0xeb
V  [libjvm.so+0x7ca33f]  os::commit_memory(char*, unsigned long, unsigned long, bool)+0x1f
V  [libjvm.so+0x83dacb]  PSVirtualSpace::expand_by(unsigned long)+0x5b
V  [libjvm.so+0x82d86b]  PSOldGen::expand_by(unsigned long) [clone .part.79]+0x1b
V  [libjvm.so+0x82da2b]  PSOldGen::expand(unsigned long) [clone .part.80]+0xdb
V  [libjvm.so+0x82e958]  PSOldGen::resize(unsigned long)+0x188
V  [libjvm.so+0x8355b4]  PSParallelCompact::invoke_no_policy(bool)+0x9c4
V  [libjvm.so+0x83bc0d]  PSScavenge::invoke()+0x17d
V  [libjvm.so+0x7f2083]  ParallelScavengeHeap::failed_mem_allocate(unsigned long)+0x63
V  [libjvm.so+0x955814]  VM_ParallelGCFailedAllocation::doit()+0x84
V  [libjvm.so+0x959917]  VM_Operation::evaluate()+0x47
V  [libjvm.so+0x9583d8]  VMThread::evaluate_operation(VM_Operation*)+0x318
V  [libjvm.so+0x958839]  VMThread::loop()+0x219
V  [libjvm.so+0x958c82]  VMThread::run()+0x72
V  [libjvm.so+0x7cc742]  java_start(Thread*)+0xf2

VM_Operation (0x00007f46e2178ff0): ParallelGCFailedAllocation, mode: safepoint, requested by thread 0x00007f47001a0000


---------------  P R O C E S S  ---------------

Java Threads: ( => current thread )
  0x00007f47001a2000 JavaThread "pool-1-thread-4" [_thread_blocked, id=21204, stack(0x00007f46e1f79000,0x00007f46e207a000)]
  0x00007f47001a0000 JavaThread "pool-1-thread-3" [_thread_blocked, id=21203, stack(0x00007f46e207a000,0x00007f46e217b000)]
  0x00007f470019f000 JavaThread "pool-1-thread-2" [_thread_blocked, id=21202, stack(0x00007f46e217b000,0x00007f46e227c000)]
  0x00007f470019a000 JavaThread "pool-2-thread-1" [_thread_blocked, id=21201, stack(0x00007f46e227c000,0x00007f46e237d000)]
  0x00007f4700197000 JavaThread "pool-1-thread-1" [_thread_blocked, id=21200, stack(0x00007f46e237d000,0x00007f46e247e000)]
  0x00007f47000ac800 JavaThread "Service Thread" daemon [_thread_blocked, id=21198, stack(0x00007f46e3cfd000,0x00007f46e3dfe000)]
  0x00007f47000aa000 JavaThread "C2 CompilerThread1" daemon [_thread_blocked, id=21197, stack(0x00007f46e3dfe000,0x00007f46e3eff000)]
  0x00007f47000a7800 JavaThread "C2 CompilerThread0" daemon [_thread_blocked, id=21196, stack(0x00007f46e3eff000,0x00007f46e4000000)]
  0x00007f47000a5000 JavaThread "Signal Dispatcher" daemon [_thread_blocked, id=21195, stack(0x00007f46f8096000,0x00007f46f8197000)]
  0x00007f4700078000 JavaThread "Finalizer" daemon [_thread_blocked, id=21194, stack(0x00007f46f8879000,0x00007f46f897a000)]
  0x00007f4700076000 JavaThread "Reference Handler" daemon [_thread_blocked, id=21193, stack(0x00007f46f897a000,0x00007f46f8a7b000)]
  0x00007f470000a800 JavaThread "main" [_thread_blocked, id=21188, stack(0x00007f4706936000,0x00007f4706a37000)]

Other Threads:
=>0x00007f4700071800 VMThread [stack: 0x00007f46f8a7b000,0x00007f46f8b7c000] [id=21192]
  0x00007f47000b7000 WatcherThread [stack: 0x00007f46e3bfc000,0x00007f46e3cfd000] [id=21199]

VM state:at safepoint (normal execution)

VM Mutex/Monitor currently owned by a thread:  ([mutex/lock_event])
[0x00007f4700006440] ExpandHeap_lock - owner thread: 0x00007f4700071800
[0x00007f4700006ac0] Threads_lock - owner thread: 0x00007f4700071800
[0x00007f4700006fc0] Heap_lock - owner thread: 0x00007f47001a0000

Heap
 PSYoungGen      total 202752K, used 11221K [0x00000000eaa80000, 0x00000000fc200000, 0x0000000100000000)
  eden space 132096K, 0% used [0x00000000eaa80000,0x00000000eaa80000,0x00000000f2b80000)
  from space 70656K, 15% used [0x00000000f7300000,0x00000000f7df56d8,0x00000000fb800000)
  to   space 73216K, 0% used [0x00000000f2b80000,0x00000000f2b80000,0x00000000f7300000)
 ParOldGen       total 172032K, used 171894K [0x00000000c0000000, 0x00000000ca800000, 0x00000000eaa80000)
  object space 172032K, 99% used [0x00000000c0000000,0x00000000ca7ddba0,0x00000000ca800000)
 PSPermGen       total 21504K, used 6309K [0x00000000b5a00000, 0x00000000b6f00000, 0x00000000c0000000)
  object space 21504K, 29% used [0x00000000b5a00000,0x00000000b60295e0,0x00000000b6f00000)

Card table byte_map: [0x00007f46fc139000,0x00007f46fc38d000] byte_map_base: 0x00007f46fbb8c000

Polling page: 0x00007f4706a51000

Code Cache  [0x00007f46fc38d000, 0x00007f46fc6cd000, 0x00007f46ff38d000)
 total_blobs=1045 nmethods=815 adapters=184 free_code_cache=45958Kb largest_free_block=46942400

Compilation events (10 events):
Event: 82.529 Thread 0x00007f47000aa000  845             com.android.dx.util.IntList::equals (82 bytes)
Event: 82.530 Thread 0x00007f47000aa000 nmethod 845 0x00007f46fc416290 code [0x00007f46fc4163c0, 0x00007f46fc416438]
Event: 82.531 Thread 0x00007f47000aa000  846 %           com.android.dx.ssa.SCCP::simulateBlock @ 8 (54 bytes)
Event: 82.573 Thread 0x00007f47000aa000 nmethod 846% 0x00007f46fc4638d0 code [0x00007f46fc463a60, 0x00007f46fc463d78]
Event: 82.573 Thread 0x00007f47000aa000  847             com.android.dx.rop.cst.CstInteger::make (47 bytes)
Event: 82.593 Thread 0x00007f47000aa000 nmethod 847 0x00007f46fc463550 code [0x00007f46fc4636a0, 0x00007f46fc463818]
Event: 82.593 Thread 0x00007f47000aa000  848             com.android.dx.ssa.SCCP::simulateBlock (54 bytes)
Event: 82.647 Thread 0x00007f47000aa000 nmethod 848 0x00007f46fc6ad550 code [0x00007f46fc6ad6c0, 0x00007f46fc6ad938]
Event: 82.706 Thread 0x00007f47000aa000  849             com.android.dx.rop.code.ThrowingInsn::<init> (49 bytes)
Event: 82.709 Thread 0x00007f47000aa000 nmethod 849 0x00007f46fc467150 code [0x00007f46fc4672a0, 0x00007f46fc4673f8]

GC Heap History (10 events):
Event: 71.513 GC heap after
Heap after GC invocations=16 (full 3):
 PSYoungGen      total 121344K, used 15968K [0x00000000eaa80000, 0x00000000f5b80000, 0x0000000100000000)
  eden space 81408K, 0% used [0x00000000eaa80000,0x00000000eaa80000,0x00000000efa00000)
  from space 39936K, 39% used [0x00000000efa00000,0x00000000f0998000,0x00000000f2100000)
  to   space 38400K, 0% used [0x00000000f3600000,0x00000000f3600000,0x00000000f5b80000)
 ParOldGen       total 105472K, used 57354K [0x00000000c0000000, 0x00000000c6700000, 0x00000000eaa80000)
  object space 105472K, 54% used [0x00000000c0000000,0x00000000c38029b8,0x00000000c6700000)
 PSPermGen       total 21504K, used 6287K [0x00000000b5a00000, 0x00000000b6f00000, 0x00000000c0000000)
  object space 21504K, 29% used [0x00000000b5a00000,0x00000000b6023f30,0x00000000b6f00000)
}
Event: 77.109 GC heap before
{Heap before GC invocations=17 (full 3):
 PSYoungGen      total 121344K, used 97376K [0x00000000eaa80000, 0x00000000f5b80000, 0x0000000100000000)
  eden space 81408K, 100% used [0x00000000eaa80000,0x00000000efa00000,0x00000000efa00000)
  from space 39936K, 39% used [0x00000000efa00000,0x00000000f0998000,0x00000000f2100000)
  to   space 38400K, 0% used [0x00000000f3600000,0x00000000f3600000,0x00000000f5b80000)
 ParOldGen       total 105472K, used 57354K [0x00000000c0000000, 0x00000000c6700000, 0x00000000eaa80000)
  object space 105472K, 54% used [0x00000000c0000000,0x00000000c38029b8,0x00000000c6700000)
 PSPermGen       total 21504K, used 6305K [0x00000000b5a00000, 0x00000000b6f00000, 0x00000000c0000000)
  object space 21504K, 29% used [0x00000000b5a00000,0x00000000b6028780,0x00000000b6f00000)
Event: 77.684 GC heap after
Heap after GC invocations=17 (full 3):
 PSYoungGen      total 135168K, used 38383K [0x00000000eaa80000, 0x00000000f6b00000, 0x0000000100000000)
  eden space 96768K, 0% used [0x00000000eaa80000,0x00000000eaa80000,0x00000000f0900000)
  from space 38400K, 99% used [0x00000000f3600000,0x00000000f5b7bfc8,0x00000000f5b80000)
  to   space 46080K, 0% used [0x00000000f0900000,0x00000000f0900000,0x00000000f3600000)
 ParOldGen       total 105472K, used 61032K [0x00000000c0000000, 0x00000000c6700000, 0x00000000eaa80000)
  object space 105472K, 57% used [0x00000000c0000000,0x00000000c3b9a380,0x00000000c6700000)
 PSPermGen       total 21504K, used 6305K [0x00000000b5a00000, 0x00000000b6f00000, 0x00000000c0000000)
  object space 21504K, 29% used [0x00000000b5a00000,0x00000000b6028780,0x00000000b6f00000)
}
Event: 78.724 GC heap before
{Heap before GC invocations=18 (full 3):
 PSYoungGen      total 135168K, used 135151K [0x00000000eaa80000, 0x00000000f6b00000, 0x0000000100000000)
  eden space 96768K, 100% used [0x00000000eaa80000,0x00000000f0900000,0x00000000f0900000)
  from space 38400K, 99% used [0x00000000f3600000,0x00000000f5b7bfc8,0x00000000f5b80000)
  to   space 46080K, 0% used [0x00000000f0900000,0x00000000f0900000,0x00000000f3600000)
 ParOldGen       total 105472K, used 61032K [0x00000000c0000000, 0x00000000c6700000, 0x00000000eaa80000)
  object space 105472K, 57% used [0x00000000c0000000,0x00000000c3b9a380,0x00000000c6700000)
 PSPermGen       total 21504K, used 6308K [0x00000000b5a00000, 0x00000000b6f00000, 0x00000000c0000000)
  object space 21504K, 29% used [0x00000000b5a00000,0x00000000b6029258,0x00000000b6f00000)
Event: 79.403 GC heap after
Heap after GC invocations=18 (full 3):
 PSYoungGen      total 142848K, used 46048K [0x00000000eaa80000, 0x00000000fb800000, 0x0000000100000000)
  eden space 96768K, 0% used [0x00000000eaa80000,0x00000000eaa80000,0x00000000f0900000)
  from space 46080K, 99% used [0x00000000f0900000,0x00000000f35f8288,0x00000000f3600000)
  to   space 70656K, 0% used [0x00000000f7300000,0x00000000f7300000,0x00000000fb800000)
 ParOldGen       total 105472K, used 105382K [0x00000000c0000000, 0x00000000c6700000, 0x00000000eaa80000)
  object space 105472K, 99% used [0x00000000c0000000,0x00000000c66e9a28,0x00000000c6700000)
 PSPermGen       total 21504K, used 6308K [0x00000000b5a00000, 0x00000000b6f00000, 0x00000000c0000000)
  object space 21504K, 29% used [0x00000000b5a00000,0x00000000b6029258,0x00000000b6f00000)
}
Event: 79.403 GC heap before
{Heap before GC invocations=19 (full 4):
 PSYoungGen      total 142848K, used 46048K [0x00000000eaa80000, 0x00000000fb800000, 0x0000000100000000)
  eden space 96768K, 0% used [0x00000000eaa80000,0x00000000eaa80000,0x00000000f0900000)
  from space 46080K, 99% used [0x00000000f0900000,0x00000000f35f8288,0x00000000f3600000)
  to   space 70656K, 0% used [0x00000000f7300000,0x00000000f7300000,0x00000000fb800000)
 ParOldGen       total 105472K, used 105382K [0x00000000c0000000, 0x00000000c6700000, 0x00000000eaa80000)
  object space 105472K, 99% used [0x00000000c0000000,0x00000000c66e9a28,0x00000000c6700000)
 PSPermGen       total 21504K, used 6308K [0x00000000b5a00000, 0x00000000b6f00000, 0x00000000c0000000)
  object space 21504K, 29% used [0x00000000b5a00000,0x00000000b6029258,0x00000000b6f00000)
Event: 81.892 GC heap after
Heap after GC invocations=19 (full 4):
 PSYoungGen      total 142848K, used 39648K [0x00000000eaa80000, 0x00000000fb800000, 0x0000000100000000)
  eden space 96768K, 0% used [0x00000000eaa80000,0x00000000eaa80000,0x00000000f0900000)
  from space 46080K, 86% used [0x00000000f0900000,0x00000000f2fb8198,0x00000000f3600000)
  to   space 70656K, 0% used [0x00000000f7300000,0x00000000f7300000,0x00000000fb800000)
 ParOldGen       total 172032K, used 105189K [0x00000000c0000000, 0x00000000ca800000, 0x00000000eaa80000)
  object space 172032K, 61% used [0x00000000c0000000,0x00000000c66b9558,0x00000000ca800000)
 PSPermGen       total 21504K, used 6308K [0x00000000b5a00000, 0x00000000b6f00000, 0x00000000c0000000)
  object space 21504K, 29% used [0x00000000b5a00000,0x00000000b60291b8,0x00000000b6f00000)
}
Event: 82.754 GC heap before
{Heap before GC invocations=20 (full 4):
 PSYoungGen      total 142848K, used 136416K [0x00000000eaa80000, 0x00000000fb800000, 0x0000000100000000)
  eden space 96768K, 100% used [0x00000000eaa80000,0x00000000f0900000,0x00000000f0900000)
  from space 46080K, 86% used [0x00000000f0900000,0x00000000f2fb8198,0x00000000f3600000)
  to   space 70656K, 0% used [0x00000000f7300000,0x00000000f7300000,0x00000000fb800000)
 ParOldGen       total 172032K, used 105189K [0x00000000c0000000, 0x00000000ca800000, 0x00000000eaa80000)
  object space 172032K, 61% used [0x00000000c0000000,0x00000000c66b9558,0x00000000ca800000)
 PSPermGen       total 21504K, used 6309K [0x00000000b5a00000, 0x00000000b6f00000, 0x00000000c0000000)
  object space 21504K, 29% used [0x00000000b5a00000,0x00000000b6029600,0x00000000b6f00000)
Event: 88.088 GC heap after
Heap after GC invocations=20 (full 4):
 PSYoungGen      total 202752K, used 43065K [0x00000000eaa80000, 0x00000000fc200000, 0x0000000100000000)
  eden space 132096K, 0% used [0x00000000eaa80000,0x00000000eaa80000,0x00000000f2b80000)
  from space 70656K, 60% used [0x00000000f7300000,0x00000000f9d0e750,0x00000000fb800000)
  to   space 73216K, 0% used [0x00000000f2b80000,0x00000000f2b80000,0x00000000f7300000)
 ParOldGen       total 172032K, used 146760K [0x00000000c0000000, 0x00000000ca800000, 0x00000000eaa80000)
  object space 172032K, 85% used [0x00000000c0000000,0x00000000c8f52158,0x00000000ca800000)
 PSPermGen       total 21504K, used 6309K [0x00000000b5a00000, 0x00000000b6f00000, 0x00000000c0000000)
  object space 21504K, 29% used [0x00000000b5a00000,0x00000000b6029600,0x00000000b6f00000)
}
Event: 88.089 GC heap before
{Heap before GC invocations=21 (full 5):
 PSYoungGen      total 202752K, used 43065K [0x00000000eaa80000, 0x00000000fc200000, 0x0000000100000000)
  eden space 132096K, 0% used [0x00000000eaa80000,0x00000000eaa80000,0x00000000f2b80000)
  from space 70656K, 60% used [0x00000000f7300000,0x00000000f9d0e750,0x00000000fb800000)
  to   space 73216K, 0% used [0x00000000f2b80000,0x00000000f2b80000,0x00000000f7300000)
 ParOldGen       total 172032K, used 146760K [0x00000000c0000000, 0x00000000ca800000, 0x00000000eaa80000)
  object space 172032K, 85% used [0x00000000c0000000,0x00000000c8f52158,0x00000000ca800000)
 PSPermGen       total 21504K, used 6309K [0x00000000b5a00000, 0x00000000b6f00000, 0x00000000c0000000)
  object space 21504K, 29% used [0x00000000b5a00000,0x00000000b6029600,0x00000000b6f00000)

Deoptimization events (10 events):
Event: 69.334 Thread 0x00007f470000a800 Uncommon trap: reason=unstable_if action=reinterpret pc=0x00007f46fc4cebd4 method=com.android.dx.cf.code.Merger.mergeStack(Lcom/android/dx/cf/code/ExecutionStack;Lcom/android/dx/cf/code/ExecutionStack;)Lcom/android/dx/cf/code/ExecutionStack; @ 2
Event: 75.136 Thread 0x00007f470000a800 Uncommon trap: reason=null_check action=make_not_entrant pc=0x00007f46fc5887ec method=com.android.dx.rop.cst.CstType.intern(Lcom/android/dx/rop/type/Type;)Lcom/android/dx/rop/cst/CstType; @ 13
Event: 75.830 Thread 0x00007f470000a800 Uncommon trap: reason=bimorphic action=maybe_recompile pc=0x00007f46fc699b90 method=com.android.dx.cf.code.BytecodeArray.parseInstruction(ILcom/android/dx/cf/code/BytecodeArray$Visitor;)I @ 1597
Event: 75.830 Thread 0x00007f470000a800 Uncommon trap: reason=bimorphic action=maybe_recompile pc=0x00007f46fc69ca54 method=com.android.dx.cf.code.BytecodeArray.parseInstruction(ILcom/android/dx/cf/code/BytecodeArray$Visitor;)I @ 1357
Event: 75.833 Thread 0x00007f470000a800 Uncommon trap: reason=bimorphic action=maybe_recompile pc=0x00007f46fc699b90 method=com.android.dx.cf.code.BytecodeArray.parseInstruction(ILcom/android/dx/cf/code/BytecodeArray$Visitor;)I @ 1597
Event: 78.601 Thread 0x00007f47001a2000 Uncommon trap: reason=predicate action=maybe_recompile pc=0x00007f46fc53b804 method=com.android.dx.ssa.DomFront.run()[Lcom/android/dx/ssa/DomFront$DomInfo; @ 175
Event: 78.694 Thread 0x00007f47001a2000 Uncommon trap: reason=class_check action=maybe_recompile pc=0x00007f46fc446620 method=com.android.dx.ssa.SsaConverter.placePhiFunctions(Lcom/android/dx/ssa/SsaMethod;Lcom/android/dx/ssa/LocalVariableInfo;I)V @ 257
Event: 82.390 Thread 0x00007f470000a800 Uncommon trap: reason=bimorphic action=maybe_recompile pc=0x00007f46fc48e264 method=com.android.dx.ssa.SCCP.simulatePhi(Lcom/android/dx/ssa/PhiInsn;)V @ 124
Event: 82.390 Thread 0x00007f470000a800 Uncommon trap: reason=bimorphic action=maybe_recompile pc=0x00007f46fc48e264 method=com.android.dx.ssa.SCCP.simulatePhi(Lcom/android/dx/ssa/PhiInsn;)V @ 124
Event: 82.415 Thread 0x00007f4700197000 Uncommon trap: reason=class_check action=maybe_recompile pc=0x00007f46fc446620 method=com.android.dx.ssa.SsaConverter.placePhiFunctions(Lcom/android/dx/ssa/SsaMethod;Lcom/android/dx/ssa/LocalVariableInfo;I)V @ 257

Internal exceptions (10 events):
Event: 3.897 Thread 0x00007f470000a800 Threw 0x00000000eac7cf08 at /build/openjdk-7-zaTxYK/openjdk-7-7u91-2.6.3/build/openjdk/hotspot/src/share/vm/prims/jvm.cpp:1322
Event: 4.244 Thread 0x00007f470000a800 Threw 0x00000000eaf841e8 at /build/openjdk-7-zaTxYK/openjdk-7-7u91-2.6.3/build/openjdk/hotspot/src/share/vm/prims/jvm.cpp:1322
Event: 8.016 Thread 0x00007f470000a800 Threw 0x00000000eaf04008 at /build/openjdk-7-zaTxYK/openjdk-7-7u91-2.6.3/build/openjdk/hotspot/src/share/vm/prims/jvm.cpp:1322
Event: 10.461 Thread 0x00007f47001a0000 Threw 0x00000000ec6809a8 at /build/openjdk-7-zaTxYK/openjdk-7-7u91-2.6.3/build/openjdk/hotspot/src/share/vm/prims/jvm.cpp:1322
Event: 11.768 Thread 0x00007f47001a2000 Threw 0x00000000eb466b40 at /build/openjdk-7-zaTxYK/openjdk-7-7u91-2.6.3/build/openjdk/hotspot/src/share/vm/prims/jvm.cpp:1322
Event: 24.770 Thread 0x00007f470000a800 Implicit null exception at 0x00007f46fc4b083d to 0x00007f46fc4b4629
Event: 24.983 Thread 0x00007f470000a800 Implicit null exception at 0x00007f46fc4ac893 to 0x00007f46fc4acf75
Event: 44.870 Thread 0x00007f470000a800 Threw 0x00000000ed65db60 at /build/openjdk-7-zaTxYK/openjdk-7-7u91-2.6.3/build/openjdk/hotspot/src/share/vm/prims/jvm.cpp:1322
Event: 45.028 Thread 0x00007f470000a800 Threw 0x00000000ed73d680 at /build/openjdk-7-zaTxYK/openjdk-7-7u91-2.6.3/build/openjdk/hotspot/src/share/vm/prims/jvm.cpp:1322
Event: 75.136 Thread 0x00007f470000a800 Implicit null exception at 0x00007f46fc5862b1 to 0x00007f46fc5887d1

Events (10 events):
Event: 82.390 Thread 0x00007f470000a800 Uncommon trap: trap_request=0xffffffc6 fr.pc=0x00007f46fc48e264
Event: 82.390 Thread 0x00007f470000a800 DEOPT PACKING pc=0x00007f46fc48e264 sp=0x00007f4706a349e0
Event: 82.390 Thread 0x00007f470000a800 DEOPT UNPACKING pc=0x00007f46fc3c6045 sp=0x00007f4706a34948 mode 2
Event: 82.390 Thread 0x00007f470000a800 Uncommon trap: trap_request=0xffffffc6 fr.pc=0x00007f46fc48e264
Event: 82.390 Thread 0x00007f470000a800 DEOPT PACKING pc=0x00007f46fc48e264 sp=0x00007f4706a349e0
Event: 82.390 Thread 0x00007f470000a800 DEOPT UNPACKING pc=0x00007f46fc3c6045 sp=0x00007f4706a34948 mode 2
Event: 82.415 Thread 0x00007f4700197000 Uncommon trap: trap_request=0xffffffde fr.pc=0x00007f46fc446620
Event: 82.415 Thread 0x00007f4700197000 DEOPT PACKING pc=0x00007f46fc446620 sp=0x00007f46e247c220
Event: 82.415 Thread 0x00007f4700197000 DEOPT UNPACKING pc=0x00007f46fc3c6045 sp=0x00007f46e247c1e0 mode 2
Event: 82.747 Executing VM operation: ParallelGCFailedAllocation


Dynamic libraries:
00400000-00401000 r-xp 00000000 b3:01 406352                             /usr/lib/jvm/java-7-openjdk-amd64/jre/bin/java
00600000-00601000 r--p 00000000 b3:01 406352                             /usr/lib/jvm/java-7-openjdk-amd64/jre/bin/java
00601000-00602000 rw-p 00001000 b3:01 406352                             /usr/lib/jvm/java-7-openjdk-amd64/jre/bin/java
007a8000-007ef000 rw-p 00000000 00:00 0                                  [heap]
b5a00000-b6f00000 rw-p 00000000 00:00 0 
b6f00000-c0000000 rw-p 00000000 00:00 0 
c0000000-ca800000 rw-p 00000000 00:00 0 
cf800000-eaa80000 rw-p 00000000 00:00 0 
eaa80000-fc200000 rw-p 00000000 00:00 0 
fc200000-100000000 rw-p 00000000 00:00 0 
7f46bc000000-7f46bc021000 rw-p 00000000 00:00 0 
7f46bc021000-7f46c0000000 ---p 00000000 00:00 0 
7f46c0000000-7f46c0031000 rw-p 00000000 00:00 0 
7f46c0031000-7f46c4000000 ---p 00000000 00:00 0 
7f46c4000000-7f46c4021000 rw-p 00000000 00:00 0 
7f46c4021000-7f46c8000000 ---p 00000000 00:00 0 
7f46c8000000-7f46c8021000 rw-p 00000000 00:00 0 
7f46c8021000-7f46cc000000 ---p 00000000 00:00 0 
7f46cc000000-7f46cc021000 rw-p 00000000 00:00 0 
7f46cc021000-7f46d0000000 ---p 00000000 00:00 0 
7f46d0000000-7f46d0021000 rw-p 00000000 00:00 0 
7f46d0021000-7f46d4000000 ---p 00000000 00:00 0 
7f46d4000000-7f46d5773000 rw-p 00000000 00:00 0 
7f46d5773000-7f46d8000000 ---p 00000000 00:00 0 
7f46d8000000-7f46d97c6000 rw-p 00000000 00:00 0 
7f46d97c6000-7f46dc000000 ---p 00000000 00:00 0 
7f46dc000000-7f46dc021000 rw-p 00000000 00:00 0 
7f46dc021000-7f46e0000000 ---p 00000000 00:00 0 
7f46e1f79000-7f46e1f7c000 ---p 00000000 00:00 0 
7f46e1f7c000-7f46e207a000 rw-p 00000000 00:00 0                          [stack:21204]
7f46e207a000-7f46e207d000 ---p 00000000 00:00 0 
7f46e207d000-7f46e217b000 rw-p 00000000 00:00 0                          [stack:21203]
7f46e217b000-7f46e217e000 ---p 00000000 00:00 0 
7f46e217e000-7f46e227c000 rw-p 00000000 00:00 0                          [stack:21202]
7f46e227c000-7f46e227f000 ---p 00000000 00:00 0 
7f46e227f000-7f46e237d000 rw-p 00000000 00:00 0                          [stack:21201]
7f46e237d000-7f46e2380000 ---p 00000000 00:00 0 
7f46e2380000-7f46e247e000 rw-p 00000000 00:00 0                          [stack:21200]
7f46e247e000-7f46e24bb000 r-xp 00000000 b3:01 3543473                    /lib/x86_64-linux-gnu/libpcre.so.3.13.1
7f46e24bb000-7f46e26ba000 ---p 0003d000 b3:01 3543473                    /lib/x86_64-linux-gnu/libpcre.so.3.13.1
7f46e26ba000-7f46e26bb000 r--p 0003c000 b3:01 3543473                    /lib/x86_64-linux-gnu/libpcre.so.3.13.1
7f46e26bb000-7f46e26bc000 rw-p 0003d000 b3:01 3543473                    /lib/x86_64-linux-gnu/libpcre.so.3.13.1
7f46e26bc000-7f46e26c3000 r-xp 00000000 b3:01 271610                     /usr/lib/x86_64-linux-gnu/libffi.so.6.0.1
7f46e26c3000-7f46e28c2000 ---p 00007000 b3:01 271610                     /usr/lib/x86_64-linux-gnu/libffi.so.6.0.1
7f46e28c2000-7f46e28c3000 r--p 00006000 b3:01 271610                     /usr/lib/x86_64-linux-gnu/libffi.so.6.0.1
7f46e28c3000-7f46e28c4000 rw-p 00007000 b3:01 271610                     /usr/lib/x86_64-linux-gnu/libffi.so.6.0.1
7f46e28c4000-7f46e28db000 r-xp 00000000 b3:01 3543496                    /lib/x86_64-linux-gnu/libresolv-2.19.so
7f46e28db000-7f46e2adb000 ---p 00017000 b3:01 3543496                    /lib/x86_64-linux-gnu/libresolv-2.19.so
7f46e2adb000-7f46e2adc000 r--p 00017000 b3:01 3543496                    /lib/x86_64-linux-gnu/libresolv-2.19.so
7f46e2adc000-7f46e2add000 rw-p 00018000 b3:01 3543496                    /lib/x86_64-linux-gnu/libresolv-2.19.so
7f46e2add000-7f46e2adf000 rw-p 00000000 00:00 0 
7f46e2adf000-7f46e2aff000 r-xp 00000000 b3:01 3543500                    /lib/x86_64-linux-gnu/libselinux.so.1
7f46e2aff000-7f46e2cfe000 ---p 00020000 b3:01 3543500                    /lib/x86_64-linux-gnu/libselinux.so.1
7f46e2cfe000-7f46e2cff000 r--p 0001f000 b3:01 3543500                    /lib/x86_64-linux-gnu/libselinux.so.1
7f46e2cff000-7f46e2d00000 rw-p 00020000 b3:01 3543500                    /lib/x86_64-linux-gnu/libselinux.so.1
7f46e2d00000-7f46e2d02000 rw-p 00000000 00:00 0 
7f46e2d02000-7f46e2d05000 r-xp 00000000 b3:01 271723                     /usr/lib/x86_64-linux-gnu/libgmodule-2.0.so.0.4002.0
7f46e2d05000-7f46e2f04000 ---p 00003000 b3:01 271723                     /usr/lib/x86_64-linux-gnu/libgmodule-2.0.so.0.4002.0
7f46e2f04000-7f46e2f05000 r--p 00002000 b3:01 271723                     /usr/lib/x86_64-linux-gnu/libgmodule-2.0.so.0.4002.0
7f46e2f05000-7f46e2f06000 rw-p 00003000 b3:01 271723                     /usr/lib/x86_64-linux-gnu/libgmodule-2.0.so.0.4002.0
7f46e2f06000-7f46e300c000 r-xp 00000000 b3:01 3543401                    /lib/x86_64-linux-gnu/libglib-2.0.so.0.4002.0
7f46e300c000-7f46e320b000 ---p 00106000 b3:01 3543401                    /lib/x86_64-linux-gnu/libglib-2.0.so.0.4002.0
7f46e320b000-7f46e320c000 r--p 00105000 b3:01 3543401                    /lib/x86_64-linux-gnu/libglib-2.0.so.0.4002.0
7f46e320c000-7f46e320d000 rw-p 00106000 b3:01 3543401                    /lib/x86_64-linux-gnu/libglib-2.0.so.0.4002.0
7f46e320d000-7f46e320e000 rw-p 00000000 00:00 0 
7f46e320e000-7f46e325d000 r-xp 00000000 b3:01 271739                     /usr/lib/x86_64-linux-gnu/libgobject-2.0.so.0.4002.0
7f46e325d000-7f46e345d000 ---p 0004f000 b3:01 271739                     /usr/lib/x86_64-linux-gnu/libgobject-2.0.so.0.4002.0
7f46e345d000-7f46e345e000 r--p 0004f000 b3:01 271739                     /usr/lib/x86_64-linux-gnu/libgobject-2.0.so.0.4002.0
7f46e345e000-7f46e345f000 rw-p 00050000 b3:01 271739                     /usr/lib/x86_64-linux-gnu/libgobject-2.0.so.0.4002.0
7f46e345f000-7f46e35cb000 r-xp 00000000 b3:01 271711                     /usr/lib/x86_64-linux-gnu/libgio-2.0.so.0.4002.0
7f46e35cb000-7f46e37ca000 ---p 0016c000 b3:01 271711                     /usr/lib/x86_64-linux-gnu/libgio-2.0.so.0.4002.0
7f46e37ca000-7f46e37ce000 r--p 0016b000 b3:01 271711                     /usr/lib/x86_64-linux-gnu/libgio-2.0.so.0.4002.0
7f46e37ce000-7f46e37d0000 rw-p 0016f000 b3:01 271711                     /usr/lib/x86_64-linux-gnu/libgio-2.0.so.0.4002.0
7f46e37d0000-7f46e37d2000 rw-p 00000000 00:00 0 
7f46e37d2000-7f46e37e9000 r-xp 00000000 b3:01 406415                     /usr/lib/jvm/java-7-openjdk-amd64/jre/lib/amd64/libnet.so
7f46e37e9000-7f46e39e8000 ---p 00017000 b3:01 406415                     /usr/lib/jvm/java-7-openjdk-amd64/jre/lib/amd64/libnet.so
7f46e39e8000-7f46e39e9000 r--p 00016000 b3:01 406415                     /usr/lib/jvm/java-7-openjdk-amd64/jre/lib/amd64/libnet.so
7f46e39e9000-7f46e39ea000 rw-p 00017000 b3:01 406415                     /usr/lib/jvm/java-7-openjdk-amd64/jre/lib/amd64/libnet.so
7f46e39ea000-7f46e39fa000 r-xp 00000000 b3:01 406382                     /usr/lib/jvm/java-7-openjdk-amd64/jre/lib/amd64/libnio.so
7f46e39fa000-7f46e3bfa000 ---p 00010000 b3:01 406382                     /usr/lib/jvm/java-7-openjdk-amd64/jre/lib/amd64/libnio.so
7f46e3bfa000-7f46e3bfb000 r--p 00010000 b3:01 406382                     /usr/lib/jvm/java-7-openjdk-amd64/jre/lib/amd64/libnio.so
7f46e3bfb000-7f46e3bfc000 rw-p 00011000 b3:01 406382                     /usr/lib/jvm/java-7-openjdk-amd64/jre/lib/amd64/libnio.so
7f46e3bfc000-7f46e3bfd000 ---p 00000000 00:00 0 
7f46e3bfd000-7f46e3cfd000 rw-p 00000000 00:00 0                          [stack:21199]
7f46e3cfd000-7f46e3d00000 ---p 00000000 00:00 0 
7f46e3d00000-7f46e3dfe000 rw-p 00000000 00:00 0                          [stack:21198]
7f46e3dfe000-7f46e3e01000 ---p 00000000 00:00 0 
7f46e3e01000-7f46e3eff000 rw-p 00000000 00:00 0                          [stack:21197]
7f46e3eff000-7f46e3f02000 ---p 00000000 00:00 0 
7f46e3f02000-7f46e4000000 rw-p 00000000 00:00 0                          [stack:21196]
7f46e4000000-7f46e4021000 rw-p 00000000 00:00 0 
7f46e4021000-7f46e8000000 ---p 00000000 00:00 0 
7f46e8000000-7f46e8021000 rw-p 00000000 00:00 0 
7f46e8021000-7f46ec000000 ---p 00000000 00:00 0 
7f46ec000000-7f46ec029000 rw-p 00000000 00:00 0 
7f46ec029000-7f46f0000000 ---p 00000000 00:00 0 
7f46f0000000-7f46f0242000 rw-p 00000000 00:00 0 
7f46f0242000-7f46f4000000 ---p 00000000 00:00 0 
7f46f4000000-7f46f4021000 rw-p 00000000 00:00 0 
7f46f4021000-7f46f8000000 ---p 00000000 00:00 0 
7f46f8028000-7f46f8059000 rw-p 00000000 00:00 0 
7f46f806f000-7f46f8087000 r--s 000e7000 b3:01 1215845                    /home/jared/Documents/Repos/Android-Workspace/DropChat/app/build/intermediates/exploded-aar/com.google.android.gms/play-services-ads/8.3.0/jars/classes.jar
7f46f8087000-7f46f8096000 r--s 000df000 b3:01 3285324                    /home/jared/Android/Sdk/build-tools/23.0.2/lib/dx.jar
7f46f8096000-7f46f8099000 ---p 00000000 00:00 0 
7f46f8099000-7f46f8197000 rw-p 00000000 00:00 0                          [stack:21195]
7f46f8197000-7f46f8879000 r--p 00000000 b3:01 270176                     /usr/lib/locale/locale-archive
7f46f8879000-7f46f887c000 ---p 00000000 00:00 0 
7f46f887c000-7f46f897a000 rw-p 00000000 00:00 0                          [stack:21194]
7f46f897a000-7f46f897d000 ---p 00000000 00:00 0 
7f46f897d000-7f46f8a7b000 rw-p 00000000 00:00 0                          [stack:21193]
7f46f8a7b000-7f46f8a7c000 ---p 00000000 00:00 0 
7f46f8a7c000-7f46f9531000 rw-p 00000000 00:00 0                          [stack:21192]
7f46f9531000-7f46f96e3000 r--s 01d2e000 b3:01 406375                     /usr/lib/jvm/java-7-openjdk-amd64/jre/lib/rt.jar
7f46f96e3000-7f46fbf37000 rw-p 00000000 00:00 0 
7f46fbf37000-7f46fbf38000 ---p 00000000 00:00 0 
7f46fbf38000-7f46fc038000 rw-p 00000000 00:00 0                          [stack:21191]
7f46fc038000-7f46fc039000 ---p 00000000 00:00 0 
7f46fc039000-7f46fc144000 rw-p 00000000 00:00 0                          [stack:21190]
7f46fc144000-7f46fc18c000 rw-p 00000000 00:00 0 
7f46fc18c000-7f46fc1e0000 rw-p 00000000 00:00 0 
7f46fc1e0000-7f46fc2e1000 rw-p 00000000 00:00 0 
7f46fc2e1000-7f46fc36d000 rw-p 00000000 00:00 0 
7f46fc36d000-7f46fc38c000 rw-p 00000000 00:00 0 
7f46fc38c000-7f46fc38d000 rw-p 00000000 00:00 0 
7f46fc38d000-7f46fc6cd000 rwxp 00000000 00:00 0 
7f46fc6cd000-7f46ff38d000 rw-p 00000000 00:00 0 
7f46ff38d000-7f46ff395000 r-xp 00000000 b3:01 406386                     /usr/lib/jvm/java-7-openjdk-amd64/jre/lib/amd64/libzip.so
7f46ff395000-7f46ff594000 ---p 00008000 b3:01 406386                     /usr/lib/jvm/java-7-openjdk-amd64/jre/lib/amd64/libzip.so
7f46ff594000-7f46ff595000 r--p 00007000 b3:01 406386                     /usr/lib/jvm/java-7-openjdk-amd64/jre/lib/amd64/libzip.so
7f46ff595000-7f46ff596000 rw-p 00008000 b3:01 406386                     /usr/lib/jvm/java-7-openjdk-amd64/jre/lib/amd64/libzip.so
7f46ff596000-7f46ff5a1000 r-xp 00000000 b3:01 3543445                    /lib/x86_64-linux-gnu/libnss_files-2.19.so
7f46ff5a1000-7f46ff7a0000 ---p 0000b000 b3:01 3543445                    /lib/x86_64-linux-gnu/libnss_files-2.19.so
7f46ff7a0000-7f46ff7a1000 r--p 0000a000 b3:01 3543445                    /lib/x86_64-linux-gnu/libnss_files-2.19.so
7f46ff7a1000-7f46ff7a2000 rw-p 0000b000 b3:01 3543445                    /lib/x86_64-linux-gnu/libnss_files-2.19.so
7f46ff7a2000-7f46ff7ad000 r-xp 00000000 b3:01 3543455                    /lib/x86_64-linux-gnu/libnss_nis-2.19.so
7f46ff7ad000-7f46ff9ac000 ---p 0000b000 b3:01 3543455                    /lib/x86_64-linux-gnu/libnss_nis-2.19.so
7f46ff9ac000-7f46ff9ad000 r--p 0000a000 b3:01 3543455                    /lib/x86_64-linux-gnu/libnss_nis-2.19.so
7f46ff9ad000-7f46ff9ae000 rw-p 0000b000 b3:01 3543455                    /lib/x86_64-linux-gnu/libnss_nis-2.19.so
7f46ff9ae000-7f46ff9c5000 r-xp 00000000 b3:01 3543439                    /lib/x86_64-linux-gnu/libnsl-2.19.so
7f46ff9c5000-7f46ffbc4000 ---p 00017000 b3:01 3543439                    /lib/x86_64-linux-gnu/libnsl-2.19.so
7f46ffbc4000-7f46ffbc5000 r--p 00016000 b3:01 3543439                    /lib/x86_64-linux-gnu/libnsl-2.19.so
7f46ffbc5000-7f46ffbc6000 rw-p 00017000 b3:01 3543439                    /lib/x86_64-linux-gnu/libnsl-2.19.so
7f46ffbc6000-7f46ffbc8000 rw-p 00000000 00:00 0 
7f46ffbc8000-7f46ffbd1000 r-xp 00000000 b3:01 3543441                    /lib/x86_64-linux-gnu/libnss_compat-2.19.so
7f46ffbd1000-7f46ffdd0000 ---p 00009000 b3:01 3543441                    /lib/x86_64-linux-gnu/libnss_compat-2.19.so
7f46ffdd0000-7f46ffdd1000 r--p 00008000 b3:01 3543441                    /lib/x86_64-linux-gnu/libnss_compat-2.19.so
7f46ffdd1000-7f46ffdd2000 rw-p 00009000 b3:01 3543441                    /lib/x86_64-linux-gnu/libnss_compat-2.19.so
7f46ffdd2000-7f46ffdfd000 r-xp 00000000 b3:01 406394                     /usr/lib/jvm/java-7-openjdk-amd64/jre/lib/amd64/libjava.so
7f46ffdfd000-7f46ffffd000 ---p 0002b000 b3:01 406394                     /usr/lib/jvm/java-7-openjdk-amd64/jre/lib/amd64/libjava.so
7f46ffffd000-7f46ffffe000 r--p 0002b000 b3:01 406394                     /usr/lib/jvm/java-7-openjdk-amd64/jre/lib/amd64/libjava.so
7f46ffffe000-7f4700000000 rw-p 0002c000 b3:01 406394                     /usr/lib/jvm/java-7-openjdk-amd64/jre/lib/amd64/libjava.so
7f4700000000-7f47001df000 rw-p 00000000 00:00 0 
7f47001df000-7f4704000000 ---p 00000000 00:00 0 
7f470400a000-7f470403d000 rw-p 00000000 00:00 0 
7f470403d000-7f4704085000 rw-p 00000000 00:00 0 
7f4704085000-7f47040d9000 rw-p 00000000 00:00 0 
7f47040d9000-7f47041db000 rw-p 00000000 00:00 0 
7f47041db000-7f47041eb000 r-xp 00000000 b3:01 406410                     /usr/lib/jvm/java-7-openjdk-amd64/jre/lib/amd64/libverify.so
7f47041eb000-7f47043ea000 ---p 00010000 b3:01 406410                     /usr/lib/jvm/java-7-openjdk-amd64/jre/lib/amd64/libverify.so
7f47043ea000-7f47043ec000 r--p 0000f000 b3:01 406410                     /usr/lib/jvm/java-7-openjdk-amd64/jre/lib/amd64/libverify.so
7f47043ec000-7f47043ed000 rw-p 00011000 b3:01 406410                     /usr/lib/jvm/java-7-openjdk-amd64/jre/lib/amd64/libverify.so
7f47043ed000-7f47043f4000 r-xp 00000000 b3:01 3543498                    /lib/x86_64-linux-gnu/librt-2.19.so
7f47043f4000-7f47045f3000 ---p 00007000 b3:01 3543498                    /lib/x86_64-linux-gnu/librt-2.19.so
7f47045f3000-7f47045f4000 r--p 00006000 b3:01 3543498                    /lib/x86_64-linux-gnu/librt-2.19.so
7f47045f4000-7f47045f5000 rw-p 00007000 b3:01 3543498                    /lib/x86_64-linux-gnu/librt-2.19.so
7f47045f5000-7f470460b000 r-xp 00000000 b3:01 3543397                    /lib/x86_64-linux-gnu/libgcc_s.so.1
7f470460b000-7f470480a000 ---p 00016000 b3:01 3543397                    /lib/x86_64-linux-gnu/libgcc_s.so.1
7f470480a000-7f470480b000 rw-p 00015000 b3:01 3543397                    /lib/x86_64-linux-gnu/libgcc_s.so.1
7f470480b000-7f4704910000 r-xp 00000000 b3:01 3543420                    /lib/x86_64-linux-gnu/libm-2.19.so
7f4704910000-7f4704b0f000 ---p 00105000 b3:01 3543420                    /lib/x86_64-linux-gnu/libm-2.19.so
7f4704b0f000-7f4704b10000 r--p 00104000 b3:01 3543420                    /lib/x86_64-linux-gnu/libm-2.19.so
7f4704b10000-7f4704b11000 rw-p 00105000 b3:01 3543420                    /lib/x86_64-linux-gnu/libm-2.19.so
7f4704b11000-7f4704bf7000 r-xp 00000000 b3:01 272232                     /usr/lib/x86_64-linux-gnu/libstdc++.so.6.0.19
7f4704bf7000-7f4704df6000 ---p 000e6000 b3:01 272232                     /usr/lib/x86_64-linux-gnu/libstdc++.so.6.0.19
7f4704df6000-7f4704dfe000 r--p 000e5000 b3:01 272232                     /usr/lib/x86_64-linux-gnu/libstdc++.so.6.0.19
7f4704dfe000-7f4704e00000 rw-p 000ed000 b3:01 272232                     /usr/lib/x86_64-linux-gnu/libstdc++.so.6.0.19
7f4704e00000-7f4704e15000 rw-p 00000000 00:00 0 
7f4704e15000-7f4705939000 r-xp 00000000 b3:01 406401                     /usr/lib/jvm/java-7-openjdk-amd64/jre/lib/amd64/server/libjvm.so
7f4705939000-7f4705b39000 ---p 00b24000 b3:01 406401                     /usr/lib/jvm/java-7-openjdk-amd64/jre/lib/amd64/server/libjvm.so
7f4705b39000-7f4705bd3000 r--p 00b24000 b3:01 406401                     /usr/lib/jvm/java-7-openjdk-amd64/jre/lib/amd64/server/libjvm.so
7f4705bd3000-7f4705bf6000 rw-p 00bbe000 b3:01 406401                     /usr/lib/jvm/java-7-openjdk-amd64/jre/lib/amd64/server/libjvm.so
7f4705bf6000-7f4705c24000 rw-p 00000000 00:00 0 
7f4705c24000-7f4705c3c000 r-xp 00000000 b3:01 3543533                    /lib/x86_64-linux-gnu/libz.so.1.2.8
7f4705c3c000-7f4705e3b000 ---p 00018000 b3:01 3543533                    /lib/x86_64-linux-gnu/libz.so.1.2.8
7f4705e3b000-7f4705e3c000 r--p 00017000 b3:01 3543533                    /lib/x86_64-linux-gnu/libz.so.1.2.8
7f4705e3c000-7f4705e3d000 rw-p 00018000 b3:01 3543533                    /lib/x86_64-linux-gnu/libz.so.1.2.8
7f4705e3d000-7f4705e56000 r-xp 00000000 b3:01 3543490                    /lib/x86_64-linux-gnu/libpthread-2.19.so
7f4705e56000-7f4706055000 ---p 00019000 b3:01 3543490                    /lib/x86_64-linux-gnu/libpthread-2.19.so
7f4706055000-7f4706056000 r--p 00018000 b3:01 3543490                    /lib/x86_64-linux-gnu/libpthread-2.19.so
7f4706056000-7f4706057000 rw-p 00019000 b3:01 3543490                    /lib/x86_64-linux-gnu/libpthread-2.19.so
7f4706057000-7f470605b000 rw-p 00000000 00:00 0 
7f470605b000-7f470605e000 r-xp 00000000 b3:01 3543387                    /lib/x86_64-linux-gnu/libdl-2.19.so
7f470605e000-7f470625d000 ---p 00003000 b3:01 3543387                    /lib/x86_64-linux-gnu/libdl-2.19.so
7f470625d000-7f470625e000 r--p 00002000 b3:01 3543387                    /lib/x86_64-linux-gnu/libdl-2.19.so
7f470625e000-7f470625f000 rw-p 00003000 b3:01 3543387                    /lib/x86_64-linux-gnu/libdl-2.19.so
7f470625f000-7f470641a000 r-xp 00000000 b3:01 3543370                    /lib/x86_64-linux-gnu/libc-2.19.so
7f470641a000-7f4706619000 ---p 001bb000 b3:01 3543370                    /lib/x86_64-linux-gnu/libc-2.19.so
7f4706619000-7f470661d000 r--p 001ba000 b3:01 3543370                    /lib/x86_64-linux-gnu/libc-2.19.so
7f470661d000-7f470661f000 rw-p 001be000 b3:01 3543370                    /lib/x86_64-linux-gnu/libc-2.19.so
7f470661f000-7f4706624000 rw-p 00000000 00:00 0 
7f4706624000-7f4706631000 r-xp 00000000 b3:01 406412                     /usr/lib/jvm/java-7-openjdk-amd64/jre/lib/amd64/jli/libjli.so
7f4706631000-7f4706830000 ---p 0000d000 b3:01 406412                     /usr/lib/jvm/java-7-openjdk-amd64/jre/lib/amd64/jli/libjli.so
7f4706830000-7f4706831000 r--p 0000c000 b3:01 406412                     /usr/lib/jvm/java-7-openjdk-amd64/jre/lib/amd64/jli/libjli.so
7f4706831000-7f4706832000 rw-p 0000d000 b3:01 406412                     /usr/lib/jvm/java-7-openjdk-amd64/jre/lib/amd64/jli/libjli.so
7f4706832000-7f4706855000 r-xp 00000000 b3:01 3543346                    /lib/x86_64-linux-gnu/ld-2.19.so
7f4706855000-7f4706856000 rw-p 00000000 00:00 0 
7f4706856000-7f4706858000 r--s 00012000 b3:01 406366                     /usr/lib/jvm/java-7-openjdk-amd64/jre/lib/ext/zipfs.jar
7f4706858000-7f470685c000 r--s 0003c000 b3:01 406370                     /usr/lib/jvm/java-7-openjdk-amd64/jre/lib/ext/sunpkcs11.jar
7f470685c000-7f470685e000 r--s 00006000 b3:01 668640                     /usr/share/java/java-atk-wrapper.jar
7f470685e000-7f4706883000 rw-p 00000000 00:00 0 
7f4706883000-7f4706936000 rw-p 00000000 00:00 0 
7f4706936000-7f4706939000 ---p 00000000 00:00 0 
7f4706939000-7f4706a3c000 rw-p 00000000 00:00 0                          [stack:21188]
7f4706a3c000-7f4706a3f000 r--s 0000f000 b3:01 406368                     /usr/lib/jvm/java-7-openjdk-amd64/jre/lib/ext/icedtea-sound.jar
7f4706a3f000-7f4706a43000 r--s 00034000 b3:01 406369                     /usr/lib/jvm/java-7-openjdk-amd64/jre/lib/ext/sunjce_provider.jar
7f4706a43000-7f4706a47000 r--s 00085000 b3:01 406367                     /usr/lib/jvm/java-7-openjdk-amd64/jre/lib/ext/localedata.jar
7f4706a47000-7f4706a48000 r--s 00002000 b3:01 406371                     /usr/lib/jvm/java-7-openjdk-amd64/jre/lib/ext/dnsns.jar
7f4706a48000-7f4706a50000 rw-s 00000000 b3:01 1356435                    /tmp/hsperfdata_jared/21184
7f4706a50000-7f4706a51000 rw-p 00000000 00:00 0 
7f4706a51000-7f4706a52000 ---p 00000000 00:00 0 
7f4706a52000-7f4706a54000 rw-p 00000000 00:00 0 
7f4706a54000-7f4706a55000 r--p 00022000 b3:01 3543346                    /lib/x86_64-linux-gnu/ld-2.19.so
7f4706a55000-7f4706a56000 rw-p 00023000 b3:01 3543346                    /lib/x86_64-linux-gnu/ld-2.19.so
7f4706a56000-7f4706a57000 rw-p 00000000 00:00 0 
7ffd9e023000-7ffd9e044000 rw-p 00000000 00:00 0                          [stack]
7ffd9e08d000-7ffd9e08f000 r--p 00000000 00:00 0                          [vvar]
7ffd9e08f000-7ffd9e091000 r-xp 00000000 00:00 0                          [vdso]
ffffffffff600000-ffffffffff601000 r-xp 00000000 00:00 0                  [vsyscall]

VM Arguments:
jvm_args: -Djava.awt.headless=true -Xmx1024M -Dfile.encoding=UTF-8 -Duser.country=CA -Duser.language=en -Duser.variant 
java_command: com.android.dx.command.Main --dex --num-threads=4 --output /home/jared/Documents/Repos/Android-Workspace/DropChat/app/build/intermediates/pre-dexed/debug/com.google.android.gms-play-services-ads-8.3.0_b6e693b8320231ffcecd47ea768b934001308c34.jar /home/jared/Documents/Repos/Android-Workspace/DropChat/app/build/intermediates/exploded-aar/com.google.android.gms/play-services-ads/8.3.0/jars/classes.jar
Launcher Type: SUN_STANDARD

Environment Variables:
JAVA_HOME=/usr/lib/jvm/java-7-oracle
PATH=/usr/local/sbin:/usr/local/bin:/usr/sbin:/usr/bin:/sbin:/bin:/usr/games:/usr/local/games:/usr/lib/jvm/java-7-oracle/bin:/usr/lib/jvm/java-7-oracle/db/bin:/usr/lib/jvm/java-7-oracle/jre/bin
LD_LIBRARY_PATH=/opt/android-studio/bin:
SHELL=/bin/bash
DISPLAY=:0

Signal Handlers:
SIGSEGV: [libjvm.so+0x9548f0], sa_mask[0]=0x7ffbfeff, sa_flags=0x10000004
SIGBUS: [libjvm.so+0x9548f0], sa_mask[0]=0x7ffbfeff, sa_flags=0x10000004
SIGFPE: [libjvm.so+0x7cb0b0], sa_mask[0]=0x7ffbfeff, sa_flags=0x10000004
SIGPIPE: [libjvm.so+0x7cb0b0], sa_mask[0]=0x7ffbfeff, sa_flags=0x10000004
SIGXFSZ: [libjvm.so+0x7cb0b0], sa_mask[0]=0x7ffbfeff, sa_flags=0x10000004
SIGILL: [libjvm.so+0x7cb0b0], sa_mask[0]=0x7ffbfeff, sa_flags=0x10000004
SIGUSR1: SIG_DFL, sa_mask[0]=0x00000000, sa_flags=0x00000000
SIGUSR2: [libjvm.so+0x7caf50], sa_mask[0]=0x00000004, sa_flags=0x10000004
SIGHUP: [libjvm.so+0x7cb130], sa_mask[0]=0x7ffbfeff, sa_flags=0x10000004
SIGINT: [libjvm.so+0x7cb130], sa_mask[0]=0x7ffbfeff, sa_flags=0x10000004
SIGTERM: [libjvm.so+0x7cb130], sa_mask[0]=0x7ffbfeff, sa_flags=0x10000004
SIGQUIT: [libjvm.so+0x7cb130], sa_mask[0]=0x7ffbfeff, sa_flags=0x10000004
SIGTRAP: SIG_DFL, sa_mask[0]=0x00000000, sa_flags=0x00000000


---------------  S Y S T E M  ---------------

OS:Ubuntu 14.04 (trusty)
uname:Linux 3.19.0-25-generic #26~14.04.1-Ubuntu SMP Fri Jul 24 21:16:20 UTC 2015 x86_64
libc:glibc 2.19 NPTL 2.19 
rlimit: STACK 8192k, CORE 0k, NPROC 7595, NOFILE 4096, AS infinity
load average:10.19 9.92 9.30

/proc/meminfo:
MemTotal:        1965740 kB
MemFree:           61856 kB
MemAvailable:      39432 kB
Buffers:            1048 kB
Cached:           147884 kB
SwapCached:         7800 kB
Active:          1311780 kB
Inactive:         454476 kB
Active(anon):    1287468 kB
Inactive(anon):   442292 kB
Active(file):      24312 kB
Inactive(file):    12184 kB
Unevictable:         112 kB
Mlocked:             112 kB
SwapTotal:       2011132 kB
SwapFree:           3124 kB
Dirty:                80 kB
Writeback:          1580 kB
AnonPages:       1609892 kB
Mapped:            35452 kB
Shmem:            112240 kB
Slab:              62756 kB
SReclaimable:      31280 kB
SUnreclaim:        31476 kB
KernelStack:        8752 kB
PageTables:        37216 kB
NFS_Unstable:          0 kB
Bounce:                0 kB
WritebackTmp:          0 kB
CommitLimit:     2994000 kB
Committed_AS:    7149728 kB
VmallocTotal:   34359738367 kB
VmallocUsed:      353784 kB
VmallocChunk:   34359305852 kB
HardwareCorrupted:     0 kB
AnonHugePages:    243712 kB
CmaTotal:              0 kB
CmaFree:               0 kB
HugePages_Total:       0
HugePages_Free:        0
HugePages_Rsvd:        0
HugePages_Surp:        0
Hugepagesize:       2048 kB
DirectMap4k:      162560 kB
DirectMap2M:     1851392 kB


CPU:total 2 (2 cores per cpu, 1 threads per core) family 6 model 76 stepping 3, cmov, cx8, fxsr, mmx, sse, sse2, sse3, ssse3, sse4.1, sse4.2, popcnt, aes, erms, tsc, tscinvbit

/proc/cpuinfo:
processor	: 0
vendor_id	: GenuineIntel
cpu family	: 6
model		: 76
model name	: Intel(R) Celeron(R) CPU  N3050  @ 1.60GHz
stepping	: 3
microcode	: 0x34f
cpu MHz		: 2249.100
cache size	: 1024 KB
physical id	: 0
siblings	: 2
core id		: 0
cpu cores	: 2
apicid		: 0
initial apicid	: 0
fpu		: yes
fpu_exception	: yes
cpuid level	: 11
wp		: yes
flags		: fpu vme de pse tsc msr pae mce cx8 apic sep mtrr pge mca cmov pat pse36 clflush dts acpi mmx fxsr sse sse2 ss ht tm pbe syscall nx rdtscp lm constant_tsc arch_perfmon pebs bts rep_good nopl xtopology nonstop_tsc aperfmperf pni pclmulqdq dtes64 monitor ds_cpl vmx est tm2 ssse3 cx16 xtpr pdcm sse4_1 sse4_2 movbe popcnt tsc_deadline_timer aes rdrand lahf_lm 3dnowprefetch ida arat epb dtherm tpr_shadow vnmi flexpriority ept vpid tsc_adjust smep erms
bugs		:
bogomips	: 3199.51
clflush size	: 64
cache_alignment	: 64
address sizes	: 36 bits physical, 48 bits virtual
power management:

processor	: 1
vendor_id	: GenuineIntel
cpu family	: 6
model		: 76
model name	: Intel(R) Celeron(R) CPU  N3050  @ 1.60GHz
stepping	: 3
microcode	: 0x34f
cpu MHz		: 2249.100
cache size	: 1024 KB
physical id	: 0
siblings	: 2
core id		: 2
cpu cores	: 2
apicid		: 4
initial apicid	: 4
fpu		: yes
fpu_exception	: yes
cpuid level	: 11
wp		: yes
flags		: fpu vme de pse tsc msr pae mce cx8 apic sep mtrr pge mca cmov pat pse36 clflush dts acpi mmx fxsr sse sse2 ss ht tm pbe syscall nx rdtscp lm constant_tsc arch_perfmon pebs bts rep_good nopl xtopology nonstop_tsc aperfmperf pni pclmulqdq dtes64 monitor ds_cpl vmx est tm2 ssse3 cx16 xtpr pdcm sse4_1 sse4_2 movbe popcnt tsc_deadline_timer aes rdrand lahf_lm 3dnowprefetch ida arat epb dtherm tpr_shadow vnmi flexpriority ept vpid tsc_adjust smep erms
bugs		:
bogomips	: 3199.51
clflush size	: 64
cache_alignment	: 64
address sizes	: 36 bits physical, 48 bits virtual
power management:



Memory: 4k page, physical 1965740k(61856k free), swap 2011132k(3148k free)

vm_info: OpenJDK 64-Bit Server VM (24.91-b01) for linux-amd64 JRE (1.7.0_91-b02), built on Nov 19 2015 06:14:37 by "buildd" with gcc 4.8.2

time: Thu Feb 18 17:41:15 2016
elapsed time: 90 seconds

