#
# There is insufficient memory for the Java Runtime Environment to continue.
# Native memory allocation (malloc) failed to allocate 100139008 bytes for committing reserved memory.
# Possible reasons:
#   The system is out of physical RAM or swap space
#   In 32 bit mode, the process size limit was hit
# Possible solutions:
#   Reduce memory load on the system
#   Increase physical memory or swap space
#   Check if swap backing store is full
#   Use 64 bit Java on a 64 bit OS
#   Decrease Java heap size (-Xmx/-Xms)
#   Decrease number of Java threads
#   Decrease Java thread stack sizes (-Xss)
#   Set larger code cache with -XX:ReservedCodeCacheSize=
# This output file may be truncated or incomplete.
#
#  Out of Memory Error (os_linux.cpp:2827), pid=9385, tid=140036813899520
#
# JRE version: OpenJDK Runtime Environment (7.0_91-b02) (build 1.7.0_91-b02)
# Java VM: OpenJDK 64-Bit Server VM (24.91-b01 mixed mode linux-amd64 compressed oops)
# Derivative: IcedTea 2.6.3
# Distribution: Ubuntu 14.04 LTS, package 7u91-2.6.3-0ubuntu0.14.04.1
# Failed to write core dump. Core dumps have been disabled. To enable core dumping, try "ulimit -c unlimited" before starting Java again
#

---------------  T H R E A D  ---------------

Current thread (0x00007f5cd8071800):  VMThread [stack: 0x00007f5cdc7c4000,0x00007f5cdc8c5000] [id=9392]

Stack: [0x00007f5cdc7c4000,0x00007f5cdc8c5000],  sp=0x00007f5cdc8c3490,  free space=1021k
Native frames: (J=compiled Java code, j=interpreted, Vv=VM code, C=native code)
V  [libjvm.so+0x953e15]  VMError::report_and_die()+0x175
V  [libjvm.so+0x48fd94]  report_vm_out_of_memory(char const*, int, unsigned long, char const*)+0x74
V  [libjvm.so+0x7cf87b]  os::pd_commit_memory(char*, unsigned long, unsigned long, bool)+0xeb
V  [libjvm.so+0x7ca33f]  os::commit_memory(char*, unsigned long, unsigned long, bool)+0x1f
V  [libjvm.so+0x83dacb]  PSVirtualSpace::expand_by(unsigned long)+0x5b
V  [libjvm.so+0x82d86b]  PSOldGen::expand_by(unsigned long) [clone .part.79]+0x1b
V  [libjvm.so+0x82da2b]  PSOldGen::expand(unsigned long) [clone .part.80]+0xdb
V  [libjvm.so+0x82e958]  PSOldGen::resize(unsigned long)+0x188
V  [libjvm.so+0x8355b4]  PSParallelCompact::invoke_no_policy(bool)+0x9c4
V  [libjvm.so+0x83bc0d]  PSScavenge::invoke()+0x17d
V  [libjvm.so+0x7f2083]  ParallelScavengeHeap::failed_mem_allocate(unsigned long)+0x63
V  [libjvm.so+0x955814]  VM_ParallelGCFailedAllocation::doit()+0x84
V  [libjvm.so+0x959917]  VM_Operation::evaluate()+0x47
V  [libjvm.so+0x9583d8]  VMThread::evaluate_operation(VM_Operation*)+0x318
V  [libjvm.so+0x958839]  VMThread::loop()+0x219
V  [libjvm.so+0x958c82]  VMThread::run()+0x72
V  [libjvm.so+0x7cc742]  java_start(Thread*)+0xf2

VM_Operation (0x00007f5ccc7ea020): ParallelGCFailedAllocation, mode: safepoint, requested by thread 0x00007f5cd81b1800


---------------  P R O C E S S  ---------------

Java Threads: ( => current thread )
  0x00007f5cd81b1800 JavaThread "pool-1-thread-4" [_thread_blocked, id=9404, stack(0x00007f5ccc6eb000,0x00007f5ccc7ec000)]
  0x00007f5cd81af800 JavaThread "pool-1-thread-3" [_thread_blocked, id=9403, stack(0x00007f5ccc7ec000,0x00007f5ccc8ed000)]
  0x00007f5cd81ad800 JavaThread "pool-1-thread-2" [_thread_blocked, id=9402, stack(0x00007f5ccc8ed000,0x00007f5ccc9ee000)]
  0x00007f5cd81ab000 JavaThread "pool-2-thread-1" [_thread_blocked, id=9401, stack(0x00007f5ccc9ee000,0x00007f5cccaef000)]
  0x00007f5cd81a6800 JavaThread "pool-1-thread-1" [_thread_blocked, id=9400, stack(0x00007f5cd4080000,0x00007f5cd4181000)]
  0x00007f5cd80ac800 JavaThread "Service Thread" daemon [_thread_blocked, id=9398, stack(0x00007f5cdc1be000,0x00007f5cdc2bf000)]
  0x00007f5cd80aa000 JavaThread "C2 CompilerThread1" daemon [_thread_blocked, id=9397, stack(0x00007f5cdc2bf000,0x00007f5cdc3c0000)]
  0x00007f5cd80a7800 JavaThread "C2 CompilerThread0" daemon [_thread_blocked, id=9396, stack(0x00007f5cdc3c0000,0x00007f5cdc4c1000)]
  0x00007f5cd80a5000 JavaThread "Signal Dispatcher" daemon [_thread_blocked, id=9395, stack(0x00007f5cdc4c1000,0x00007f5cdc5c2000)]
  0x00007f5cd8078000 JavaThread "Finalizer" daemon [_thread_blocked, id=9394, stack(0x00007f5cdc5c2000,0x00007f5cdc6c3000)]
  0x00007f5cd8076000 JavaThread "Reference Handler" daemon [_thread_blocked, id=9393, stack(0x00007f5cdc6c3000,0x00007f5cdc7c4000)]
  0x00007f5cd800a800 JavaThread "main" [_thread_blocked, id=9388, stack(0x00007f5ce1145000,0x00007f5ce1246000)]

Other Threads:
=>0x00007f5cd8071800 VMThread [stack: 0x00007f5cdc7c4000,0x00007f5cdc8c5000] [id=9392]
  0x00007f5cd80b7000 WatcherThread [stack: 0x00007f5cdc0bd000,0x00007f5cdc1be000] [id=9399]

VM state:at safepoint (normal execution)

VM Mutex/Monitor currently owned by a thread:  ([mutex/lock_event])
[0x00007f5cd8006460] ExpandHeap_lock - owner thread: 0x00007f5cd8071800
[0x00007f5cd8006ae0] Threads_lock - owner thread: 0x00007f5cd8071800
[0x00007f5cd8006fe0] Heap_lock - owner thread: 0x00007f5cd81b1800

Heap
 PSYoungGen      total 219136K, used 28283K [0x00000000eaa80000, 0x0000000100000000, 0x0000000100000000)
  eden space 102912K, 0% used [0x00000000eaa80000,0x00000000eaa80000,0x00000000f0f00000)
  from space 116224K, 24% used [0x00000000f0f00000,0x00000000f2a9ec48,0x00000000f8080000)
  to   space 111104K, 0% used [0x00000000f9380000,0x00000000f9380000,0x0000000100000000)
 ParOldGen       total 159232K, used 158930K [0x00000000c0000000, 0x00000000c9b80000, 0x00000000eaa80000)
  object space 159232K, 99% used [0x00000000c0000000,0x00000000c9b34b60,0x00000000c9b80000)
 PSPermGen       total 21504K, used 6028K [0x00000000b5a00000, 0x00000000b6f00000, 0x00000000c0000000)
  object space 21504K, 28% used [0x00000000b5a00000,0x00000000b5fe32a0,0x00000000b6f00000)

Card table byte_map: [0x00007f5cddb23000,0x00007f5cddd77000] byte_map_base: 0x00007f5cdd576000

Polling page: 0x00007f5ce1260000

Code Cache  [0x00007f5cd5000000, 0x00007f5cd5280000, 0x00007f5cd8000000)
 total_blobs=822 nmethods=592 adapters=184 free_code_cache=46732Kb largest_free_block=47772160

Compilation events (10 events):
Event: 60.126 Thread 0x00007f5cd80a7800 nmethod 641 0x00007f5cd509de90 code [0x00007f5cd509dfe0, 0x00007f5cd509e158]
Event: 60.126 Thread 0x00007f5cd80a7800  642             java.lang.AbstractStringBuilder::ensureCapacityInternal (16 bytes)
Event: 60.147 Thread 0x00007f5cd80a7800 nmethod 642 0x00007f5cd51557d0 code [0x00007f5cd5155920, 0x00007f5cd5155b98]
Event: 60.147 Thread 0x00007f5cd80a7800  643             java.lang.String::<init> (67 bytes)
Event: 60.169 Thread 0x00007f5cd80a7800 nmethod 643 0x00007f5cd51bc710 code [0x00007f5cd51bc860, 0x00007f5cd51bcaf8]
Event: 61.262 Thread 0x00007f5cd80aa000 nmethod 636 0x00007f5cd525f190 code [0x00007f5cd525f740, 0x00007f5cd52642e8]
Event: 66.325 Thread 0x00007f5cd80a7800  644             com.android.dx.cf.code.Simulator$SimVisitor::visitNoArgs (2108 bytes)
Event: 66.868 Thread 0x00007f5cd80a7800 nmethod 644 0x00007f5cd5269790 code [0x00007f5cd526a780, 0x00007f5cd526cef8]
Event: 75.317 Thread 0x00007f5cd80aa000  645 %           com.android.dx.ssa.SCCP::replaceConstants @ 2 (209 bytes)
Event: 75.568 Thread 0x00007f5cd80aa000 nmethod 645% 0x00007f5cd50c10d0 code [0x00007f5cd50c1380, 0x00007f5cd50c1ef0]

GC Heap History (10 events):
Event: 57.151 GC heap after
Heap after GC invocations=17 (full 3):
 PSYoungGen      total 173568K, used 69684K [0x00000000eaa80000, 0x00000000fc480000, 0x0000000100000000)
  eden space 84992K, 0% used [0x00000000eaa80000,0x00000000eaa80000,0x00000000efd80000)
  from space 88576K, 78% used [0x00000000f5c00000,0x00000000fa00d0c0,0x00000000fb280000)
  to   space 96768K, 0% used [0x00000000efd80000,0x00000000efd80000,0x00000000f5c00000)
 ParOldGen       total 117760K, used 107311K [0x00000000c0000000, 0x00000000c7300000, 0x00000000eaa80000)
  object space 117760K, 91% used [0x00000000c0000000,0x00000000c68cbfb0,0x00000000c7300000)
 PSPermGen       total 21504K, used 6027K [0x00000000b5a00000, 0x00000000b6f00000, 0x00000000c0000000)
  object space 21504K, 28% used [0x00000000b5a00000,0x00000000b5fe2cb8,0x00000000b6f00000)
}
Event: 57.156 GC heap before
{Heap before GC invocations=18 (full 4):
 PSYoungGen      total 173568K, used 69684K [0x00000000eaa80000, 0x00000000fc480000, 0x0000000100000000)
  eden space 84992K, 0% used [0x00000000eaa80000,0x00000000eaa80000,0x00000000efd80000)
  from space 88576K, 78% used [0x00000000f5c00000,0x00000000fa00d0c0,0x00000000fb280000)
  to   space 96768K, 0% used [0x00000000efd80000,0x00000000efd80000,0x00000000f5c00000)
 ParOldGen       total 117760K, used 107311K [0x00000000c0000000, 0x00000000c7300000, 0x00000000eaa80000)
  object space 117760K, 91% used [0x00000000c0000000,0x00000000c68cbfb0,0x00000000c7300000)
 PSPermGen       total 21504K, used 6027K [0x00000000b5a00000, 0x00000000b6f00000, 0x00000000c0000000)
  object space 21504K, 28% used [0x00000000b5a00000,0x00000000b5fe2cb8,0x00000000b6f00000)
Event: 58.506 GC heap after
Heap after GC invocations=18 (full 4):
 PSYoungGen      total 173568K, used 0K [0x00000000eaa80000, 0x00000000fc480000, 0x0000000100000000)
  eden space 84992K, 0% used [0x00000000eaa80000,0x00000000eaa80000,0x00000000efd80000)
  from space 88576K, 0% used [0x00000000f5c00000,0x00000000f5c00000,0x00000000fb280000)
  to   space 96768K, 0% used [0x00000000efd80000,0x00000000efd80000,0x00000000f5c00000)
 ParOldGen       total 117760K, used 51212K [0x00000000c0000000, 0x00000000c7300000, 0x00000000eaa80000)
  object space 117760K, 43% used [0x00000000c0000000,0x00000000c32030c0,0x00000000c7300000)
 PSPermGen       total 21504K, used 6026K [0x00000000b5a00000, 0x00000000b6f00000, 0x00000000c0000000)
  object space 21504K, 28% used [0x00000000b5a00000,0x00000000b5fe2a98,0x00000000b6f00000)
}
Event: 73.341 GC heap before
{Heap before GC invocations=19 (full 4):
 PSYoungGen      total 173568K, used 84992K [0x00000000eaa80000, 0x00000000fc480000, 0x0000000100000000)
  eden space 84992K, 100% used [0x00000000eaa80000,0x00000000efd80000,0x00000000efd80000)
  from space 88576K, 0% used [0x00000000f5c00000,0x00000000f5c00000,0x00000000fb280000)
  to   space 96768K, 0% used [0x00000000efd80000,0x00000000efd80000,0x00000000f5c00000)
 ParOldGen       total 117760K, used 51212K [0x00000000c0000000, 0x00000000c7300000, 0x00000000eaa80000)
  object space 117760K, 43% used [0x00000000c0000000,0x00000000c32030c0,0x00000000c7300000)
 PSPermGen       total 21504K, used 6028K [0x00000000b5a00000, 0x00000000b6f00000, 0x00000000c0000000)
  object space 21504K, 28% used [0x00000000b5a00000,0x00000000b5fe3068,0x00000000b6f00000)
Event: 73.574 GC heap after
Heap after GC invocations=19 (full 4):
 PSYoungGen      total 181760K, used 53798K [0x00000000eaa80000, 0x00000000fdf00000, 0x0000000100000000)
  eden space 84992K, 0% used [0x00000000eaa80000,0x00000000eaa80000,0x00000000efd80000)
  from space 96768K, 55% used [0x00000000efd80000,0x00000000f3209af8,0x00000000f5c00000)
  to   space 96768K, 0% used [0x00000000f8080000,0x00000000f8080000,0x00000000fdf00000)
 ParOldGen       total 117760K, used 51212K [0x00000000c0000000, 0x00000000c7300000, 0x00000000eaa80000)
  object space 117760K, 43% used [0x00000000c0000000,0x00000000c32030c0,0x00000000c7300000)
 PSPermGen       total 21504K, used 6028K [0x00000000b5a00000, 0x00000000b6f00000, 0x00000000c0000000)
  object space 21504K, 28% used [0x00000000b5a00000,0x00000000b5fe3068,0x00000000b6f00000)
}
Event: 74.062 GC heap before
{Heap before GC invocations=20 (full 4):
 PSYoungGen      total 181760K, used 138790K [0x00000000eaa80000, 0x00000000fdf00000, 0x0000000100000000)
  eden space 84992K, 100% used [0x00000000eaa80000,0x00000000efd80000,0x00000000efd80000)
  from space 96768K, 55% used [0x00000000efd80000,0x00000000f3209af8,0x00000000f5c00000)
  to   space 96768K, 0% used [0x00000000f8080000,0x00000000f8080000,0x00000000fdf00000)
 ParOldGen       total 117760K, used 51212K [0x00000000c0000000, 0x00000000c7300000, 0x00000000eaa80000)
  object space 117760K, 43% used [0x00000000c0000000,0x00000000c32030c0,0x00000000c7300000)
 PSPermGen       total 21504K, used 6028K [0x00000000b5a00000, 0x00000000b6f00000, 0x00000000c0000000)
  object space 21504K, 28% used [0x00000000b5a00000,0x00000000b5fe3088,0x00000000b6f00000)
Event: 74.877 GC heap after
Heap after GC invocations=20 (full 4):
 PSYoungGen      total 199680K, used 96738K [0x00000000eaa80000, 0x0000000100000000, 0x0000000100000000)
  eden space 102912K, 0% used [0x00000000eaa80000,0x00000000eaa80000,0x00000000f0f00000)
  from space 96768K, 99% used [0x00000000f8080000,0x00000000fdef89e8,0x00000000fdf00000)
  to   space 116224K, 0% used [0x00000000f0f00000,0x00000000f0f00000,0x00000000f8080000)
 ParOldGen       total 117760K, used 63540K [0x00000000c0000000, 0x00000000c7300000, 0x00000000eaa80000)
  object space 117760K, 53% used [0x00000000c0000000,0x00000000c3e0d0c0,0x00000000c7300000)
 PSPermGen       total 21504K, used 6028K [0x00000000b5a00000, 0x00000000b6f00000, 0x00000000c0000000)
  object space 21504K, 28% used [0x00000000b5a00000,0x00000000b5fe3088,0x00000000b6f00000)
}
Event: 75.882 GC heap before
{Heap before GC invocations=21 (full 4):
 PSYoungGen      total 199680K, used 199650K [0x00000000eaa80000, 0x0000000100000000, 0x0000000100000000)
  eden space 102912K, 100% used [0x00000000eaa80000,0x00000000f0f00000,0x00000000f0f00000)
  from space 96768K, 99% used [0x00000000f8080000,0x00000000fdef89e8,0x00000000fdf00000)
  to   space 116224K, 0% used [0x00000000f0f00000,0x00000000f0f00000,0x00000000f8080000)
 ParOldGen       total 117760K, used 63540K [0x00000000c0000000, 0x00000000c7300000, 0x00000000eaa80000)
  object space 117760K, 53% used [0x00000000c0000000,0x00000000c3e0d0c0,0x00000000c7300000)
 PSPermGen       total 21504K, used 6028K [0x00000000b5a00000, 0x00000000b6f00000, 0x00000000c0000000)
  object space 21504K, 28% used [0x00000000b5a00000,0x00000000b5fe32c0,0x00000000b6f00000)
Event: 77.294 GC heap after
Heap after GC invocations=21 (full 4):
 PSYoungGen      total 219136K, used 40526K [0x00000000eaa80000, 0x0000000100000000, 0x0000000100000000)
  eden space 102912K, 0% used [0x00000000eaa80000,0x00000000eaa80000,0x00000000f0f00000)
  from space 116224K, 34% used [0x00000000f0f00000,0x00000000f3693b58,0x00000000f8080000)
  to   space 111104K, 0% used [0x00000000f9380000,0x00000000f9380000,0x0000000100000000)
 ParOldGen       total 159232K, used 158852K [0x00000000c0000000, 0x00000000c9b80000, 0x00000000eaa80000)
  object space 159232K, 99% used [0x00000000c0000000,0x00000000c9b21388,0x00000000c9b80000)
 PSPermGen       total 21504K, used 6028K [0x00000000b5a00000, 0x00000000b6f00000, 0x00000000c0000000)
  object space 21504K, 28% used [0x00000000b5a00000,0x00000000b5fe32c0,0x00000000b6f00000)
}
Event: 77.294 GC heap before
{Heap before GC invocations=22 (full 5):
 PSYoungGen      total 219136K, used 40526K [0x00000000eaa80000, 0x0000000100000000, 0x0000000100000000)
  eden space 102912K, 0% used [0x00000000eaa80000,0x00000000eaa80000,0x00000000f0f00000)
  from space 116224K, 34% used [0x00000000f0f00000,0x00000000f3693b58,0x00000000f8080000)
  to   space 111104K, 0% used [0x00000000f9380000,0x00000000f9380000,0x0000000100000000)
 ParOldGen       total 159232K, used 158852K [0x00000000c0000000, 0x00000000c9b80000, 0x00000000eaa80000)
  object space 159232K, 99% used [0x00000000c0000000,0x00000000c9b21388,0x00000000c9b80000)
 PSPermGen       total 21504K, used 6028K [0x00000000b5a00000, 0x00000000b6f00000, 0x00000000c0000000)
  object space 21504K, 28% used [0x00000000b5a00000,0x00000000b5fe32c0,0x00000000b6f00000)

Deoptimization events (10 events):
Event: 55.360 Thread 0x00007f5cd800a800 Uncommon trap: reason=class_check action=maybe_recompile pc=0x00007f5cd51b58d8 method=com.android.dx.ssa.SCCP.replaceConstants()V @ 127
Event: 55.413 Thread 0x00007f5cd81b1800 Uncommon trap: reason=null_check action=make_not_entrant pc=0x00007f5cd50a4550 method=com.android.dx.cf.code.Ropper$CatchInfo.getSetup(Lcom/android/dx/rop/type/Type;)Lcom/android/dx/cf/code/Ropper$ExceptionHandlerSetup; @ 10
Event: 55.425 Thread 0x00007f5cd81b1800 Uncommon trap: reason=class_check action=maybe_recompile pc=0x00007f5cd51c3df8 method=com.android.dx.ssa.ConstCollector.getConstsSortedByCountUse()Ljava/util/ArrayList; @ 168
Event: 55.463 Thread 0x00007f5cd81b1800 Uncommon trap: reason=class_check action=maybe_recompile pc=0x00007f5cd51b58d8 method=com.android.dx.ssa.SCCP.replaceConstants()V @ 127
Event: 55.463 Thread 0x00007f5cd81b1800 Uncommon trap: reason=class_check action=maybe_recompile pc=0x00007f5cd51c3df8 method=com.android.dx.ssa.ConstCollector.getConstsSortedByCountUse()Ljava/util/ArrayList; @ 168
Event: 55.476 Thread 0x00007f5cd81b1800 Uncommon trap: reason=bimorphic action=maybe_recompile pc=0x00007f5cd5227ddc method=com.android.dx.cf.code.Merger.mergeType(Lcom/android/dx/rop/type/TypeBearer;Lcom/android/dx/rop/type/TypeBearer;)Lcom/android/dx/rop/type/TypeBearer; @ 21
Event: 55.504 Thread 0x00007f5cd800a800 Uncommon trap: reason=class_check action=maybe_recompile pc=0x00007f5cd51b58d8 method=com.android.dx.ssa.SCCP.replaceConstants()V @ 127
Event: 55.547 Thread 0x00007f5cd81b1800 Uncommon trap: reason=bimorphic action=maybe_recompile pc=0x00007f5cd519d634 method=com.android.dx.cf.code.Merger.mergeType(Lcom/android/dx/rop/type/TypeBearer;Lcom/android/dx/rop/type/TypeBearer;)Lcom/android/dx/rop/type/TypeBearer; @ 21
Event: 58.824 Thread 0x00007f5cd81b1800 Uncommon trap: reason=bimorphic action=maybe_recompile pc=0x00007f5cd523ac28 method=com.android.dx.cf.code.BytecodeArray.parseInstruction(ILcom/android/dx/cf/code/BytecodeArray$Visitor;)I @ 2484
Event: 58.842 Thread 0x00007f5cd81b1800 Uncommon trap: reason=bimorphic action=maybe_recompile pc=0x00007f5cd523ac28 method=com.android.dx.cf.code.BytecodeArray.parseInstruction(ILcom/android/dx/cf/code/BytecodeArray$Visitor;)I @ 2484

Internal exceptions (10 events):
Event: 1.926 Thread 0x00007f5cd81af800 Threw 0x00000000eabf3150 at /build/openjdk-7-zaTxYK/openjdk-7-7u91-2.6.3/build/openjdk/hotspot/src/share/vm/prims/jvm.cpp:1322
Event: 1.934 Thread 0x00007f5cd800a800 Threw 0x00000000eac21488 at /build/openjdk-7-zaTxYK/openjdk-7-7u91-2.6.3/build/openjdk/hotspot/src/share/vm/prims/jvm.cpp:1322
Event: 2.802 Thread 0x00007f5cd800a800 Threw 0x00000000eb185b40 at /build/openjdk-7-zaTxYK/openjdk-7-7u91-2.6.3/build/openjdk/hotspot/src/share/vm/prims/jvm.cpp:1322
Event: 4.456 Thread 0x00007f5cd81a6800 Implicit null exception at 0x00007f5cd50829d2 to 0x00007f5cd5082ac3
Event: 21.216 Thread 0x00007f5cd800a800 Threw 0x00000000eaf62268 at /build/openjdk-7-zaTxYK/openjdk-7-7u91-2.6.3/build/openjdk/hotspot/src/share/vm/prims/jvm.cpp:1322
Event: 21.314 Thread 0x00007f5cd800a800 Threw 0x00000000eb041d98 at /build/openjdk-7-zaTxYK/openjdk-7-7u91-2.6.3/build/openjdk/hotspot/src/share/vm/prims/jvm.cpp:1322
Event: 21.464 Thread 0x00007f5cd800a800 Threw 0x00000000eb22d4e0 at /build/openjdk-7-zaTxYK/openjdk-7-7u91-2.6.3/build/openjdk/hotspot/src/share/vm/prims/jvm.cpp:1322
Event: 24.355 Thread 0x00007f5cd81b1800 Threw 0x00000000eb21ff98 at /build/openjdk-7-zaTxYK/openjdk-7-7u91-2.6.3/build/openjdk/hotspot/src/share/vm/prims/jvm.cpp:1322
Event: 55.413 Thread 0x00007f5cd81b1800 Implicit null exception at 0x00007f5cd50a1715 to 0x00007f5cd50a4509
Event: 55.544 Thread 0x00007f5cd800a800 Threw 0x00000000ee594f30 at /build/openjdk-7-zaTxYK/openjdk-7-7u91-2.6.3/build/openjdk/hotspot/src/share/vm/prims/jvm.cpp:1322

Events (10 events):
Event: 58.824 Thread 0x00007f5cd81b1800 DEOPT PACKING pc=0x00007f5cd523ac28 sp=0x00007f5ccc7ea030
Event: 58.824 Thread 0x00007f5cd81b1800 DEOPT UNPACKING pc=0x00007f5cd5039045 sp=0x00007f5ccc7e9ff8 mode 2
Event: 58.842 Thread 0x00007f5cd81b1800 Uncommon trap: trap_request=0xffffffc6 fr.pc=0x00007f5cd523ac28
Event: 58.842 Thread 0x00007f5cd81b1800 DEOPT PACKING pc=0x00007f5cd523ac28 sp=0x00007f5ccc7ea010
Event: 58.842 Thread 0x00007f5cd81b1800 DEOPT UNPACKING pc=0x00007f5cd5039045 sp=0x00007f5ccc7e9fd8 mode 2
Event: 73.327 Executing VM operation: ParallelGCFailedAllocation
Event: 73.574 Executing VM operation: ParallelGCFailedAllocation done
Event: 74.040 Executing VM operation: ParallelGCFailedAllocation
Event: 74.877 Executing VM operation: ParallelGCFailedAllocation done
Event: 75.875 Executing VM operation: ParallelGCFailedAllocation


Dynamic libraries:
00400000-00401000 r-xp 00000000 b3:01 406352                             /usr/lib/jvm/java-7-openjdk-amd64/jre/bin/java
00600000-00601000 r--p 00000000 b3:01 406352                             /usr/lib/jvm/java-7-openjdk-amd64/jre/bin/java
00601000-00602000 rw-p 00001000 b3:01 406352                             /usr/lib/jvm/java-7-openjdk-amd64/jre/bin/java
018f3000-01934000 rw-p 00000000 00:00 0                                  [heap]
b5a00000-b6f00000 rw-p 00000000 00:00 0 
b6f00000-c0000000 rw-p 00000000 00:00 0 
c0000000-c9b80000 rw-p 00000000 00:00 0 
cfb00000-eaa80000 rw-p 00000000 00:00 0 
eaa80000-100000000 rw-p 00000000 00:00 0 
7f5c98000000-7f5c98032000 rw-p 00000000 00:00 0 
7f5c98032000-7f5c9c000000 ---p 00000000 00:00 0 
7f5c9c000000-7f5c9c021000 rw-p 00000000 00:00 0 
7f5c9c021000-7f5ca0000000 ---p 00000000 00:00 0 
7f5ca0000000-7f5ca0028000 rw-p 00000000 00:00 0 
7f5ca0028000-7f5ca4000000 ---p 00000000 00:00 0 
7f5ca4000000-7f5ca4021000 rw-p 00000000 00:00 0 
7f5ca4021000-7f5ca8000000 ---p 00000000 00:00 0 
7f5ca8000000-7f5ca8021000 rw-p 00000000 00:00 0 
7f5ca8021000-7f5cac000000 ---p 00000000 00:00 0 
7f5cac000000-7f5cac021000 rw-p 00000000 00:00 0 
7f5cac021000-7f5cb0000000 ---p 00000000 00:00 0 
7f5cb0000000-7f5cb0ef3000 rw-p 00000000 00:00 0 
7f5cb0ef3000-7f5cb4000000 ---p 00000000 00:00 0 
7f5cb4000000-7f5cb56bc000 rw-p 00000000 00:00 0 
7f5cb56bc000-7f5cb8000000 ---p 00000000 00:00 0 
7f5cb8000000-7f5cb8021000 rw-p 00000000 00:00 0 
7f5cb8021000-7f5cbc000000 ---p 00000000 00:00 0 
7f5cbc000000-7f5cbc021000 rw-p 00000000 00:00 0 
7f5cbc021000-7f5cc0000000 ---p 00000000 00:00 0 
7f5cc0000000-7f5cc0242000 rw-p 00000000 00:00 0 
7f5cc0242000-7f5cc4000000 ---p 00000000 00:00 0 
7f5cc4000000-7f5cc4021000 rw-p 00000000 00:00 0 
7f5cc4021000-7f5cc8000000 ---p 00000000 00:00 0 
7f5cc8000000-7f5cc8021000 rw-p 00000000 00:00 0 
7f5cc8021000-7f5ccc000000 ---p 00000000 00:00 0 
7f5ccc6eb000-7f5ccc6ee000 ---p 00000000 00:00 0 
7f5ccc6ee000-7f5ccc7ec000 rw-p 00000000 00:00 0                          [stack:9404]
7f5ccc7ec000-7f5ccc7ef000 ---p 00000000 00:00 0 
7f5ccc7ef000-7f5ccc8ed000 rw-p 00000000 00:00 0                          [stack:9403]
7f5ccc8ed000-7f5ccc8f0000 ---p 00000000 00:00 0 
7f5ccc8f0000-7f5ccc9ee000 rw-p 00000000 00:00 0                          [stack:9402]
7f5ccc9ee000-7f5ccc9f1000 ---p 00000000 00:00 0 
7f5ccc9f1000-7f5cccaef000 rw-p 00000000 00:00 0                          [stack:9401]
7f5cccaef000-7f5cccb2c000 r-xp 00000000 b3:01 3543473                    /lib/x86_64-linux-gnu/libpcre.so.3.13.1
7f5cccb2c000-7f5cccd2b000 ---p 0003d000 b3:01 3543473                    /lib/x86_64-linux-gnu/libpcre.so.3.13.1
7f5cccd2b000-7f5cccd2c000 r--p 0003c000 b3:01 3543473                    /lib/x86_64-linux-gnu/libpcre.so.3.13.1
7f5cccd2c000-7f5cccd2d000 rw-p 0003d000 b3:01 3543473                    /lib/x86_64-linux-gnu/libpcre.so.3.13.1
7f5cccd2d000-7f5cccd34000 r-xp 00000000 b3:01 271610                     /usr/lib/x86_64-linux-gnu/libffi.so.6.0.1
7f5cccd34000-7f5cccf33000 ---p 00007000 b3:01 271610                     /usr/lib/x86_64-linux-gnu/libffi.so.6.0.1
7f5cccf33000-7f5cccf34000 r--p 00006000 b3:01 271610                     /usr/lib/x86_64-linux-gnu/libffi.so.6.0.1
7f5cccf34000-7f5cccf35000 rw-p 00007000 b3:01 271610                     /usr/lib/x86_64-linux-gnu/libffi.so.6.0.1
7f5cccf35000-7f5cccf4c000 r-xp 00000000 b3:01 3543496                    /lib/x86_64-linux-gnu/libresolv-2.19.so
7f5cccf4c000-7f5ccd14c000 ---p 00017000 b3:01 3543496                    /lib/x86_64-linux-gnu/libresolv-2.19.so
7f5ccd14c000-7f5ccd14d000 r--p 00017000 b3:01 3543496                    /lib/x86_64-linux-gnu/libresolv-2.19.so
7f5ccd14d000-7f5ccd14e000 rw-p 00018000 b3:01 3543496                    /lib/x86_64-linux-gnu/libresolv-2.19.so
7f5ccd14e000-7f5ccd150000 rw-p 00000000 00:00 0 
7f5ccd150000-7f5ccd170000 r-xp 00000000 b3:01 3543500                    /lib/x86_64-linux-gnu/libselinux.so.1
7f5ccd170000-7f5ccd36f000 ---p 00020000 b3:01 3543500                    /lib/x86_64-linux-gnu/libselinux.so.1
7f5ccd36f000-7f5ccd370000 r--p 0001f000 b3:01 3543500                    /lib/x86_64-linux-gnu/libselinux.so.1
7f5ccd370000-7f5ccd371000 rw-p 00020000 b3:01 3543500                    /lib/x86_64-linux-gnu/libselinux.so.1
7f5ccd371000-7f5ccd373000 rw-p 00000000 00:00 0 
7f5ccd373000-7f5ccd376000 r-xp 00000000 b3:01 271723                     /usr/lib/x86_64-linux-gnu/libgmodule-2.0.so.0.4002.0
7f5ccd376000-7f5ccd575000 ---p 00003000 b3:01 271723                     /usr/lib/x86_64-linux-gnu/libgmodule-2.0.so.0.4002.0
7f5ccd575000-7f5ccd576000 r--p 00002000 b3:01 271723                     /usr/lib/x86_64-linux-gnu/libgmodule-2.0.so.0.4002.0
7f5ccd576000-7f5ccd577000 rw-p 00003000 b3:01 271723                     /usr/lib/x86_64-linux-gnu/libgmodule-2.0.so.0.4002.0
7f5ccd577000-7f5ccd67d000 r-xp 00000000 b3:01 3543401                    /lib/x86_64-linux-gnu/libglib-2.0.so.0.4002.0
7f5ccd67d000-7f5ccd87c000 ---p 00106000 b3:01 3543401                    /lib/x86_64-linux-gnu/libglib-2.0.so.0.4002.0
7f5ccd87c000-7f5ccd87d000 r--p 00105000 b3:01 3543401                    /lib/x86_64-linux-gnu/libglib-2.0.so.0.4002.0
7f5ccd87d000-7f5ccd87e000 rw-p 00106000 b3:01 3543401                    /lib/x86_64-linux-gnu/libglib-2.0.so.0.4002.0
7f5ccd87e000-7f5ccd87f000 rw-p 00000000 00:00 0 
7f5ccd87f000-7f5ccd8ce000 r-xp 00000000 b3:01 271739                     /usr/lib/x86_64-linux-gnu/libgobject-2.0.so.0.4002.0
7f5ccd8ce000-7f5ccdace000 ---p 0004f000 b3:01 271739                     /usr/lib/x86_64-linux-gnu/libgobject-2.0.so.0.4002.0
7f5ccdace000-7f5ccdacf000 r--p 0004f000 b3:01 271739                     /usr/lib/x86_64-linux-gnu/libgobject-2.0.so.0.4002.0
7f5ccdacf000-7f5ccdad0000 rw-p 00050000 b3:01 271739                     /usr/lib/x86_64-linux-gnu/libgobject-2.0.so.0.4002.0
7f5ccdad0000-7f5cd0000000 rw-p 00000000 00:00 0 
7f5cd0000000-7f5cd0021000 rw-p 00000000 00:00 0 
7f5cd0021000-7f5cd4000000 ---p 00000000 00:00 0 
7f5cd4080000-7f5cd4083000 ---p 00000000 00:00 0 
7f5cd4083000-7f5cd4181000 rw-p 00000000 00:00 0                          [stack:9400]
7f5cd4181000-7f5cd42ed000 r-xp 00000000 b3:01 271711                     /usr/lib/x86_64-linux-gnu/libgio-2.0.so.0.4002.0
7f5cd42ed000-7f5cd44ec000 ---p 0016c000 b3:01 271711                     /usr/lib/x86_64-linux-gnu/libgio-2.0.so.0.4002.0
7f5cd44ec000-7f5cd44f0000 r--p 0016b000 b3:01 271711                     /usr/lib/x86_64-linux-gnu/libgio-2.0.so.0.4002.0
7f5cd44f0000-7f5cd44f2000 rw-p 0016f000 b3:01 271711                     /usr/lib/x86_64-linux-gnu/libgio-2.0.so.0.4002.0
7f5cd44f2000-7f5cd44f4000 rw-p 00000000 00:00 0 
7f5cd44f4000-7f5cd450b000 r-xp 00000000 b3:01 406415                     /usr/lib/jvm/java-7-openjdk-amd64/jre/lib/amd64/libnet.so
7f5cd450b000-7f5cd470a000 ---p 00017000 b3:01 406415                     /usr/lib/jvm/java-7-openjdk-amd64/jre/lib/amd64/libnet.so
7f5cd470a000-7f5cd470b000 r--p 00016000 b3:01 406415                     /usr/lib/jvm/java-7-openjdk-amd64/jre/lib/amd64/libnet.so
7f5cd470b000-7f5cd470c000 rw-p 00017000 b3:01 406415                     /usr/lib/jvm/java-7-openjdk-amd64/jre/lib/amd64/libnet.so
7f5cd470c000-7f5cd471c000 r-xp 00000000 b3:01 406382                     /usr/lib/jvm/java-7-openjdk-amd64/jre/lib/amd64/libnio.so
7f5cd471c000-7f5cd491c000 ---p 00010000 b3:01 406382                     /usr/lib/jvm/java-7-openjdk-amd64/jre/lib/amd64/libnio.so
7f5cd491c000-7f5cd491d000 r--p 00010000 b3:01 406382                     /usr/lib/jvm/java-7-openjdk-amd64/jre/lib/amd64/libnio.so
7f5cd491d000-7f5cd491e000 rw-p 00011000 b3:01 406382                     /usr/lib/jvm/java-7-openjdk-amd64/jre/lib/amd64/libnio.so
7f5cd491e000-7f5cd5000000 r--p 00000000 b3:01 270176                     /usr/lib/locale/locale-archive
7f5cd5000000-7f5cd5280000 rwxp 00000000 00:00 0 
7f5cd5280000-7f5cd81e1000 rw-p 00000000 00:00 0 
7f5cd81e1000-7f5cdc000000 ---p 00000000 00:00 0 
7f5cdc05c000-7f5cdc08d000 rw-p 00000000 00:00 0 
7f5cdc0a3000-7f5cdc0ae000 r--s 0007a000 b3:01 2369434                    /home/jared/Documents/Repos/Android-Workspace/AG_Framework/app/build/intermediates/exploded-aar/com.google.android.gms/play-services-analytics/7.8.0/jars/classes.jar
7f5cdc0ae000-7f5cdc0bd000 r--s 000df000 b3:01 3288820                    /home/jared/Android/Sdk/build-tools/23.0.1/lib/dx.jar
7f5cdc0bd000-7f5cdc0be000 ---p 00000000 00:00 0 
7f5cdc0be000-7f5cdc1be000 rw-p 00000000 00:00 0                          [stack:9399]
7f5cdc1be000-7f5cdc1c1000 ---p 00000000 00:00 0 
7f5cdc1c1000-7f5cdc2bf000 rw-p 00000000 00:00 0                          [stack:9398]
7f5cdc2bf000-7f5cdc2c2000 ---p 00000000 00:00 0 
7f5cdc2c2000-7f5cdc3c0000 rw-p 00000000 00:00 0                          [stack:9397]
7f5cdc3c0000-7f5cdc3c3000 ---p 00000000 00:00 0 
7f5cdc3c3000-7f5cdc4c1000 rw-p 00000000 00:00 0                          [stack:9396]
7f5cdc4c1000-7f5cdc4c4000 ---p 00000000 00:00 0 
7f5cdc4c4000-7f5cdc5c2000 rw-p 00000000 00:00 0                          [stack:9395]
7f5cdc5c2000-7f5cdc5c5000 ---p 00000000 00:00 0 
7f5cdc5c5000-7f5cdc6c3000 rw-p 00000000 00:00 0                          [stack:9394]
7f5cdc6c3000-7f5cdc6c6000 ---p 00000000 00:00 0 
7f5cdc6c6000-7f5cdc7c4000 rw-p 00000000 00:00 0                          [stack:9393]
7f5cdc7c4000-7f5cdc7c5000 ---p 00000000 00:00 0 
7f5cdc7c5000-7f5cdd27a000 rw-p 00000000 00:00 0                          [stack:9392]
7f5cdd27a000-7f5cdd42c000 r--s 01d2e000 b3:01 406375                     /usr/lib/jvm/java-7-openjdk-amd64/jre/lib/rt.jar
7f5cdd42c000-7f5cdd778000 rw-p 00000000 00:00 0 
7f5cdd778000-7f5cdd779000 ---p 00000000 00:00 0 
7f5cdd779000-7f5cdd879000 rw-p 00000000 00:00 0                          [stack:9391]
7f5cdd879000-7f5cdd87a000 ---p 00000000 00:00 0 
7f5cdd87a000-7f5cdd985000 rw-p 00000000 00:00 0                          [stack:9390]
7f5cdd985000-7f5cdd9cd000 rw-p 00000000 00:00 0 
7f5cdd9cd000-7f5cdda1b000 rw-p 00000000 00:00 0 
7f5cdda1b000-7f5cddb23000 rw-p 00000000 00:00 0 
7f5cddb23000-7f5cddb2e000 rw-p 00000000 00:00 0 
7f5cddb2e000-7f5cddb76000 rw-p 00000000 00:00 0 
7f5cddb76000-7f5cddbc4000 rw-p 00000000 00:00 0 
7f5cddbc4000-7f5cddccb000 rw-p 00000000 00:00 0 
7f5cddccb000-7f5cddd76000 rw-p 00000000 00:00 0 
7f5cddd76000-7f5cddd77000 rw-p 00000000 00:00 0 
7f5cddd77000-7f5cddd7f000 r-xp 00000000 b3:01 406386                     /usr/lib/jvm/java-7-openjdk-amd64/jre/lib/amd64/libzip.so
7f5cddd7f000-7f5cddf7e000 ---p 00008000 b3:01 406386                     /usr/lib/jvm/java-7-openjdk-amd64/jre/lib/amd64/libzip.so
7f5cddf7e000-7f5cddf7f000 r--p 00007000 b3:01 406386                     /usr/lib/jvm/java-7-openjdk-amd64/jre/lib/amd64/libzip.so
7f5cddf7f000-7f5cddf80000 rw-p 00008000 b3:01 406386                     /usr/lib/jvm/java-7-openjdk-amd64/jre/lib/amd64/libzip.so
7f5cddf80000-7f5cddf8b000 r-xp 00000000 b3:01 3543445                    /lib/x86_64-linux-gnu/libnss_files-2.19.so
7f5cddf8b000-7f5cde18a000 ---p 0000b000 b3:01 3543445                    /lib/x86_64-linux-gnu/libnss_files-2.19.so
7f5cde18a000-7f5cde18b000 r--p 0000a000 b3:01 3543445                    /lib/x86_64-linux-gnu/libnss_files-2.19.so
7f5cde18b000-7f5cde18c000 rw-p 0000b000 b3:01 3543445                    /lib/x86_64-linux-gnu/libnss_files-2.19.so
7f5cde18c000-7f5cde197000 r-xp 00000000 b3:01 3543455                    /lib/x86_64-linux-gnu/libnss_nis-2.19.so
7f5cde197000-7f5cde396000 ---p 0000b000 b3:01 3543455                    /lib/x86_64-linux-gnu/libnss_nis-2.19.so
7f5cde396000-7f5cde397000 r--p 0000a000 b3:01 3543455                    /lib/x86_64-linux-gnu/libnss_nis-2.19.so
7f5cde397000-7f5cde398000 rw-p 0000b000 b3:01 3543455                    /lib/x86_64-linux-gnu/libnss_nis-2.19.so
7f5cde398000-7f5cde3af000 r-xp 00000000 b3:01 3543439                    /lib/x86_64-linux-gnu/libnsl-2.19.so
7f5cde3af000-7f5cde5ae000 ---p 00017000 b3:01 3543439                    /lib/x86_64-linux-gnu/libnsl-2.19.so
7f5cde5ae000-7f5cde5af000 r--p 00016000 b3:01 3543439                    /lib/x86_64-linux-gnu/libnsl-2.19.so
7f5cde5af000-7f5cde5b0000 rw-p 00017000 b3:01 3543439                    /lib/x86_64-linux-gnu/libnsl-2.19.so
7f5cde5b0000-7f5cde5b2000 rw-p 00000000 00:00 0 
7f5cde5b2000-7f5cde5bb000 r-xp 00000000 b3:01 3543441                    /lib/x86_64-linux-gnu/libnss_compat-2.19.so
7f5cde5bb000-7f5cde7ba000 ---p 00009000 b3:01 3543441                    /lib/x86_64-linux-gnu/libnss_compat-2.19.so
7f5cde7ba000-7f5cde7bb000 r--p 00008000 b3:01 3543441                    /lib/x86_64-linux-gnu/libnss_compat-2.19.so
7f5cde7bb000-7f5cde7bc000 rw-p 00009000 b3:01 3543441                    /lib/x86_64-linux-gnu/libnss_compat-2.19.so
7f5cde7bc000-7f5cde7e7000 r-xp 00000000 b3:01 406394                     /usr/lib/jvm/java-7-openjdk-amd64/jre/lib/amd64/libjava.so
7f5cde7e7000-7f5cde9e7000 ---p 0002b000 b3:01 406394                     /usr/lib/jvm/java-7-openjdk-amd64/jre/lib/amd64/libjava.so
7f5cde9e7000-7f5cde9e8000 r--p 0002b000 b3:01 406394                     /usr/lib/jvm/java-7-openjdk-amd64/jre/lib/amd64/libjava.so
7f5cde9e8000-7f5cde9ea000 rw-p 0002c000 b3:01 406394                     /usr/lib/jvm/java-7-openjdk-amd64/jre/lib/amd64/libjava.so
7f5cde9ea000-7f5cde9fa000 r-xp 00000000 b3:01 406410                     /usr/lib/jvm/java-7-openjdk-amd64/jre/lib/amd64/libverify.so
7f5cde9fa000-7f5cdebf9000 ---p 00010000 b3:01 406410                     /usr/lib/jvm/java-7-openjdk-amd64/jre/lib/amd64/libverify.so
7f5cdebf9000-7f5cdebfb000 r--p 0000f000 b3:01 406410                     /usr/lib/jvm/java-7-openjdk-amd64/jre/lib/amd64/libverify.so
7f5cdebfb000-7f5cdebfc000 rw-p 00011000 b3:01 406410                     /usr/lib/jvm/java-7-openjdk-amd64/jre/lib/amd64/libverify.so
7f5cdebfc000-7f5cdec03000 r-xp 00000000 b3:01 3543498                    /lib/x86_64-linux-gnu/librt-2.19.so
7f5cdec03000-7f5cdee02000 ---p 00007000 b3:01 3543498                    /lib/x86_64-linux-gnu/librt-2.19.so
7f5cdee02000-7f5cdee03000 r--p 00006000 b3:01 3543498                    /lib/x86_64-linux-gnu/librt-2.19.so
7f5cdee03000-7f5cdee04000 rw-p 00007000 b3:01 3543498                    /lib/x86_64-linux-gnu/librt-2.19.so
7f5cdee04000-7f5cdee1a000 r-xp 00000000 b3:01 3543397                    /lib/x86_64-linux-gnu/libgcc_s.so.1
7f5cdee1a000-7f5cdf019000 ---p 00016000 b3:01 3543397                    /lib/x86_64-linux-gnu/libgcc_s.so.1
7f5cdf019000-7f5cdf01a000 rw-p 00015000 b3:01 3543397                    /lib/x86_64-linux-gnu/libgcc_s.so.1
7f5cdf01a000-7f5cdf11f000 r-xp 00000000 b3:01 3543420                    /lib/x86_64-linux-gnu/libm-2.19.so
7f5cdf11f000-7f5cdf31e000 ---p 00105000 b3:01 3543420                    /lib/x86_64-linux-gnu/libm-2.19.so
7f5cdf31e000-7f5cdf31f000 r--p 00104000 b3:01 3543420                    /lib/x86_64-linux-gnu/libm-2.19.so
7f5cdf31f000-7f5cdf320000 rw-p 00105000 b3:01 3543420                    /lib/x86_64-linux-gnu/libm-2.19.so
7f5cdf320000-7f5cdf406000 r-xp 00000000 b3:01 272232                     /usr/lib/x86_64-linux-gnu/libstdc++.so.6.0.19
7f5cdf406000-7f5cdf605000 ---p 000e6000 b3:01 272232                     /usr/lib/x86_64-linux-gnu/libstdc++.so.6.0.19
7f5cdf605000-7f5cdf60d000 r--p 000e5000 b3:01 272232                     /usr/lib/x86_64-linux-gnu/libstdc++.so.6.0.19
7f5cdf60d000-7f5cdf60f000 rw-p 000ed000 b3:01 272232                     /usr/lib/x86_64-linux-gnu/libstdc++.so.6.0.19
7f5cdf60f000-7f5cdf624000 rw-p 00000000 00:00 0 
7f5cdf624000-7f5ce0148000 r-xp 00000000 b3:01 406401                     /usr/lib/jvm/java-7-openjdk-amd64/jre/lib/amd64/server/libjvm.so
7f5ce0148000-7f5ce0348000 ---p 00b24000 b3:01 406401                     /usr/lib/jvm/java-7-openjdk-amd64/jre/lib/amd64/server/libjvm.so
7f5ce0348000-7f5ce03e2000 r--p 00b24000 b3:01 406401                     /usr/lib/jvm/java-7-openjdk-amd64/jre/lib/amd64/server/libjvm.so
7f5ce03e2000-7f5ce0405000 rw-p 00bbe000 b3:01 406401                     /usr/lib/jvm/java-7-openjdk-amd64/jre/lib/amd64/server/libjvm.so
7f5ce0405000-7f5ce0433000 rw-p 00000000 00:00 0 
7f5ce0433000-7f5ce044b000 r-xp 00000000 b3:01 3543533                    /lib/x86_64-linux-gnu/libz.so.1.2.8
7f5ce044b000-7f5ce064a000 ---p 00018000 b3:01 3543533                    /lib/x86_64-linux-gnu/libz.so.1.2.8
7f5ce064a000-7f5ce064b000 r--p 00017000 b3:01 3543533                    /lib/x86_64-linux-gnu/libz.so.1.2.8
7f5ce064b000-7f5ce064c000 rw-p 00018000 b3:01 3543533                    /lib/x86_64-linux-gnu/libz.so.1.2.8
7f5ce064c000-7f5ce0665000 r-xp 00000000 b3:01 3543490                    /lib/x86_64-linux-gnu/libpthread-2.19.so
7f5ce0665000-7f5ce0864000 ---p 00019000 b3:01 3543490                    /lib/x86_64-linux-gnu/libpthread-2.19.so
7f5ce0864000-7f5ce0865000 r--p 00018000 b3:01 3543490                    /lib/x86_64-linux-gnu/libpthread-2.19.so
7f5ce0865000-7f5ce0866000 rw-p 00019000 b3:01 3543490                    /lib/x86_64-linux-gnu/libpthread-2.19.so
7f5ce0866000-7f5ce086a000 rw-p 00000000 00:00 0 
7f5ce086a000-7f5ce086d000 r-xp 00000000 b3:01 3543387                    /lib/x86_64-linux-gnu/libdl-2.19.so
7f5ce086d000-7f5ce0a6c000 ---p 00003000 b3:01 3543387                    /lib/x86_64-linux-gnu/libdl-2.19.so
7f5ce0a6c000-7f5ce0a6d000 r--p 00002000 b3:01 3543387                    /lib/x86_64-linux-gnu/libdl-2.19.so
7f5ce0a6d000-7f5ce0a6e000 rw-p 00003000 b3:01 3543387                    /lib/x86_64-linux-gnu/libdl-2.19.so
7f5ce0a6e000-7f5ce0c29000 r-xp 00000000 b3:01 3543370                    /lib/x86_64-linux-gnu/libc-2.19.so
7f5ce0c29000-7f5ce0e28000 ---p 001bb000 b3:01 3543370                    /lib/x86_64-linux-gnu/libc-2.19.so
7f5ce0e28000-7f5ce0e2c000 r--p 001ba000 b3:01 3543370                    /lib/x86_64-linux-gnu/libc-2.19.so
7f5ce0e2c000-7f5ce0e2e000 rw-p 001be000 b3:01 3543370                    /lib/x86_64-linux-gnu/libc-2.19.so
7f5ce0e2e000-7f5ce0e33000 rw-p 00000000 00:00 0 
7f5ce0e33000-7f5ce0e40000 r-xp 00000000 b3:01 406412                     /usr/lib/jvm/java-7-openjdk-amd64/jre/lib/amd64/jli/libjli.so
7f5ce0e40000-7f5ce103f000 ---p 0000d000 b3:01 406412                     /usr/lib/jvm/java-7-openjdk-amd64/jre/lib/amd64/jli/libjli.so
7f5ce103f000-7f5ce1040000 r--p 0000c000 b3:01 406412                     /usr/lib/jvm/java-7-openjdk-amd64/jre/lib/amd64/jli/libjli.so
7f5ce1040000-7f5ce1041000 rw-p 0000d000 b3:01 406412                     /usr/lib/jvm/java-7-openjdk-amd64/jre/lib/amd64/jli/libjli.so
7f5ce1041000-7f5ce1064000 r-xp 00000000 b3:01 3543346                    /lib/x86_64-linux-gnu/ld-2.19.so
7f5ce1064000-7f5ce1065000 rw-p 00000000 00:00 0 
7f5ce1065000-7f5ce1067000 r--s 00012000 b3:01 406366                     /usr/lib/jvm/java-7-openjdk-amd64/jre/lib/ext/zipfs.jar
7f5ce1067000-7f5ce106b000 r--s 0003c000 b3:01 406370                     /usr/lib/jvm/java-7-openjdk-amd64/jre/lib/ext/sunpkcs11.jar
7f5ce106b000-7f5ce106d000 r--s 00006000 b3:01 668640                     /usr/share/java/java-atk-wrapper.jar
7f5ce106d000-7f5ce108f000 rw-p 00000000 00:00 0 
7f5ce108f000-7f5ce1145000 rw-p 00000000 00:00 0 
7f5ce1145000-7f5ce1148000 ---p 00000000 00:00 0 
7f5ce1148000-7f5ce124b000 rw-p 00000000 00:00 0                          [stack:9388]
7f5ce124b000-7f5ce124e000 r--s 0000f000 b3:01 406368                     /usr/lib/jvm/java-7-openjdk-amd64/jre/lib/ext/icedtea-sound.jar
7f5ce124e000-7f5ce1252000 r--s 00034000 b3:01 406369                     /usr/lib/jvm/java-7-openjdk-amd64/jre/lib/ext/sunjce_provider.jar
7f5ce1252000-7f5ce1256000 r--s 00085000 b3:01 406367                     /usr/lib/jvm/java-7-openjdk-amd64/jre/lib/ext/localedata.jar
7f5ce1256000-7f5ce1257000 r--s 00002000 b3:01 406371                     /usr/lib/jvm/java-7-openjdk-amd64/jre/lib/ext/dnsns.jar
7f5ce1257000-7f5ce125f000 rw-s 00000000 b3:01 1350235                    /tmp/hsperfdata_jared/9385
7f5ce125f000-7f5ce1260000 rw-p 00000000 00:00 0 
7f5ce1260000-7f5ce1261000 ---p 00000000 00:00 0 
7f5ce1261000-7f5ce1263000 rw-p 00000000 00:00 0 
7f5ce1263000-7f5ce1264000 r--p 00022000 b3:01 3543346                    /lib/x86_64-linux-gnu/ld-2.19.so
7f5ce1264000-7f5ce1265000 rw-p 00023000 b3:01 3543346                    /lib/x86_64-linux-gnu/ld-2.19.so
7f5ce1265000-7f5ce1266000 rw-p 00000000 00:00 0 
7ffc683e2000-7ffc68403000 rw-p 00000000 00:00 0                          [stack]
7ffc6849c000-7ffc6849e000 r--p 00000000 00:00 0                          [vvar]
7ffc6849e000-7ffc684a0000 r-xp 00000000 00:00 0                          [vdso]
ffffffffff600000-ffffffffff601000 r-xp 00000000 00:00 0                  [vsyscall]

VM Arguments:
jvm_args: -Djava.awt.headless=true -Xmx1024M -Dfile.encoding=UTF-8 -Duser.country=CA -Duser.language=en -Duser.variant 
java_command: com.android.dx.command.Main --dex --num-threads=4 --output /home/jared/Documents/Repos/Android-Workspace/AG_Framework/app/build/intermediates/pre-dexed/debug/com.google.android.gms-play-services-analytics-7.8.0_8a5218f5f808e51d985e73dc800b4466ff5abf83.jar /home/jared/Documents/Repos/Android-Workspace/AG_Framework/app/build/intermediates/exploded-aar/com.google.android.gms/play-services-analytics/7.8.0/jars/classes.jar
Launcher Type: SUN_STANDARD

Environment Variables:
JAVA_HOME=/usr/lib/jvm/java-7-oracle
PATH=/usr/local/sbin:/usr/local/bin:/usr/sbin:/usr/bin:/sbin:/bin:/usr/games:/usr/local/games:/usr/lib/jvm/java-7-oracle/bin:/usr/lib/jvm/java-7-oracle/db/bin:/usr/lib/jvm/java-7-oracle/jre/bin
LD_LIBRARY_PATH=/opt/android-studio/bin:
SHELL=/bin/bash
DISPLAY=:0

Signal Handlers:
SIGSEGV: [libjvm.so+0x9548f0], sa_mask[0]=0x7ffbfeff, sa_flags=0x10000004
SIGBUS: [libjvm.so+0x9548f0], sa_mask[0]=0x7ffbfeff, sa_flags=0x10000004
SIGFPE: [libjvm.so+0x7cb0b0], sa_mask[0]=0x7ffbfeff, sa_flags=0x10000004
SIGPIPE: [libjvm.so+0x7cb0b0], sa_mask[0]=0x7ffbfeff, sa_flags=0x10000004
SIGXFSZ: [libjvm.so+0x7cb0b0], sa_mask[0]=0x7ffbfeff, sa_flags=0x10000004
SIGILL: [libjvm.so+0x7cb0b0], sa_mask[0]=0x7ffbfeff, sa_flags=0x10000004
SIGUSR1: SIG_DFL, sa_mask[0]=0x00000000, sa_flags=0x00000000
SIGUSR2: [libjvm.so+0x7caf50], sa_mask[0]=0x00000004, sa_flags=0x10000004
SIGHUP: [libjvm.so+0x7cb130], sa_mask[0]=0x7ffbfeff, sa_flags=0x10000004
SIGINT: [libjvm.so+0x7cb130], sa_mask[0]=0x7ffbfeff, sa_flags=0x10000004
SIGTERM: [libjvm.so+0x7cb130], sa_mask[0]=0x7ffbfeff, sa_flags=0x10000004
SIGQUIT: [libjvm.so+0x7cb130], sa_mask[0]=0x7ffbfeff, sa_flags=0x10000004
SIGTRAP: SIG_DFL, sa_mask[0]=0x00000000, sa_flags=0x00000000


---------------  S Y S T E M  ---------------

OS:Ubuntu 14.04 (trusty)
uname:Linux 3.19.0-25-generic #26~14.04.1-Ubuntu SMP Fri Jul 24 21:16:20 UTC 2015 x86_64
libc:glibc 2.19 NPTL 2.19 
rlimit: STACK 8192k, CORE 0k, NPROC 7595, NOFILE 4096, AS infinity
load average:9.67 9.12 6.06

/proc/meminfo:
MemTotal:        1965740 kB
MemFree:           69828 kB
MemAvailable:      53156 kB
Buffers:            1624 kB
Cached:           149648 kB
SwapCached:         3572 kB
Active:          1308068 kB
Inactive:         442416 kB
Active(anon):    1275616 kB
Inactive(anon):   424504 kB
Active(file):      32452 kB
Inactive(file):    17912 kB
Unevictable:         144 kB
Mlocked:             144 kB
SwapTotal:       2011132 kB
SwapFree:          14020 kB
Dirty:               108 kB
Writeback:          1116 kB
AnonPages:       1596612 kB
Mapped:            37288 kB
Shmem:            100820 kB
Slab:              60232 kB
SReclaimable:      28912 kB
SUnreclaim:        31320 kB
KernelStack:        9536 kB
PageTables:        43984 kB
NFS_Unstable:          0 kB
Bounce:                0 kB
WritebackTmp:          0 kB
CommitLimit:     2994000 kB
Committed_AS:    8059616 kB
VmallocTotal:   34359738367 kB
VmallocUsed:      353848 kB
VmallocChunk:   34359321980 kB
HardwareCorrupted:     0 kB
AnonHugePages:    276480 kB
CmaTotal:              0 kB
CmaFree:               0 kB
HugePages_Total:       0
HugePages_Free:        0
HugePages_Rsvd:        0
HugePages_Surp:        0
Hugepagesize:       2048 kB
DirectMap4k:      137984 kB
DirectMap2M:     1875968 kB


CPU:total 2 (2 cores per cpu, 1 threads per core) family 6 model 76 stepping 3, cmov, cx8, fxsr, mmx, sse, sse2, sse3, ssse3, sse4.1, sse4.2, popcnt, aes, erms, tsc, tscinvbit

/proc/cpuinfo:
processor	: 0
vendor_id	: GenuineIntel
cpu family	: 6
model		: 76
model name	: Intel(R) Celeron(R) CPU  N3050  @ 1.60GHz
stepping	: 3
microcode	: 0x34f
cpu MHz		: 2249.100
cache size	: 1024 KB
physical id	: 0
siblings	: 2
core id		: 0
cpu cores	: 2
apicid		: 0
initial apicid	: 0
fpu		: yes
fpu_exception	: yes
cpuid level	: 11
wp		: yes
flags		: fpu vme de pse tsc msr pae mce cx8 apic sep mtrr pge mca cmov pat pse36 clflush dts acpi mmx fxsr sse sse2 ss ht tm pbe syscall nx rdtscp lm constant_tsc arch_perfmon pebs bts rep_good nopl xtopology nonstop_tsc aperfmperf pni pclmulqdq dtes64 monitor ds_cpl vmx est tm2 ssse3 cx16 xtpr pdcm sse4_1 sse4_2 movbe popcnt tsc_deadline_timer aes rdrand lahf_lm 3dnowprefetch ida arat epb dtherm tpr_shadow vnmi flexpriority ept vpid tsc_adjust smep erms
bugs		:
bogomips	: 3199.51
clflush size	: 64
cache_alignment	: 64
address sizes	: 36 bits physical, 48 bits virtual
power management:

processor	: 1
vendor_id	: GenuineIntel
cpu family	: 6
model		: 76
model name	: Intel(R) Celeron(R) CPU  N3050  @ 1.60GHz
stepping	: 3
microcode	: 0x34f
cpu MHz		: 2249.100
cache size	: 1024 KB
physical id	: 0
siblings	: 2
core id		: 2
cpu cores	: 2
apicid		: 4
initial apicid	: 4
fpu		: yes
fpu_exception	: yes
cpuid level	: 11
wp		: yes
flags		: fpu vme de pse tsc msr pae mce cx8 apic sep mtrr pge mca cmov pat pse36 clflush dts acpi mmx fxsr sse sse2 ss ht tm pbe syscall nx rdtscp lm constant_tsc arch_perfmon pebs bts rep_good nopl xtopology nonstop_tsc aperfmperf pni pclmulqdq dtes64 monitor ds_cpl vmx est tm2 ssse3 cx16 xtpr pdcm sse4_1 sse4_2 movbe popcnt tsc_deadline_timer aes rdrand lahf_lm 3dnowprefetch ida arat epb dtherm tpr_shadow vnmi flexpriority ept vpid tsc_adjust smep erms
bugs		:
bogomips	: 3199.51
clflush size	: 64
cache_alignment	: 64
address sizes	: 36 bits physical, 48 bits virtual
power management:



Memory: 4k page, physical 1965740k(69828k free), swap 2011132k(14020k free)

vm_info: OpenJDK 64-Bit Server VM (24.91-b01) for linux-amd64 JRE (1.7.0_91-b02), built on Nov 19 2015 06:14:37 by "buildd" with gcc 4.8.2

time: Thu Feb 18 14:15:43 2016
elapsed time: 79 seconds

