#
# There is insufficient memory for the Java Runtime Environment to continue.
# Native memory allocation (malloc) failed to allocate 81788928 bytes for committing reserved memory.
# Possible reasons:
#   The system is out of physical RAM or swap space
#   In 32 bit mode, the process size limit was hit
# Possible solutions:
#   Reduce memory load on the system
#   Increase physical memory or swap space
#   Check if swap backing store is full
#   Use 64 bit Java on a 64 bit OS
#   Decrease Java heap size (-Xmx/-Xms)
#   Decrease number of Java threads
#   Decrease Java thread stack sizes (-Xss)
#   Set larger code cache with -XX:ReservedCodeCacheSize=
# This output file may be truncated or incomplete.
#
#  Out of Memory Error (os_linux.cpp:2827), pid=10232, tid=140514073470720
#
# JRE version: OpenJDK Runtime Environment (7.0_91-b02) (build 1.7.0_91-b02)
# Java VM: OpenJDK 64-Bit Server VM (24.91-b01 mixed mode linux-amd64 compressed oops)
# Derivative: IcedTea 2.6.3
# Distribution: Ubuntu 14.04 LTS, package 7u91-2.6.3-0ubuntu0.14.04.1
# Failed to write core dump. Core dumps have been disabled. To enable core dumping, try "ulimit -c unlimited" before starting Java again
#

---------------  T H R E A D  ---------------

Current thread (0x00007fcc0c071800):  VMThread [stack: 0x00007fcbfb5f6000,0x00007fcbfb6f7000] [id=10241]

Stack: [0x00007fcbfb5f6000,0x00007fcbfb6f7000],  sp=0x00007fcbfb6f5490,  free space=1021k
Native frames: (J=compiled Java code, j=interpreted, Vv=VM code, C=native code)
V  [libjvm.so+0x953e15]  VMError::report_and_die()+0x175
V  [libjvm.so+0x48fd94]  report_vm_out_of_memory(char const*, int, unsigned long, char const*)+0x74
V  [libjvm.so+0x7cf87b]  os::pd_commit_memory(char*, unsigned long, unsigned long, bool)+0xeb
V  [libjvm.so+0x7ca33f]  os::commit_memory(char*, unsigned long, unsigned long, bool)+0x1f
V  [libjvm.so+0x83dacb]  PSVirtualSpace::expand_by(unsigned long)+0x5b
V  [libjvm.so+0x83e930]  PSYoungGen::resize_generation(unsigned long, unsigned long)+0xb0
V  [libjvm.so+0x83f01b]  PSYoungGen::resize(unsigned long, unsigned long)+0x1b
V  [libjvm.so+0x83b258]  PSScavenge::invoke_no_policy()+0xd68
V  [libjvm.so+0x83bac8]  PSScavenge::invoke()+0x38
V  [libjvm.so+0x7f2083]  ParallelScavengeHeap::failed_mem_allocate(unsigned long)+0x63
V  [libjvm.so+0x955814]  VM_ParallelGCFailedAllocation::doit()+0x84
V  [libjvm.so+0x959917]  VM_Operation::evaluate()+0x47
V  [libjvm.so+0x9583d8]  VMThread::evaluate_operation(VM_Operation*)+0x318
V  [libjvm.so+0x958839]  VMThread::loop()+0x219
V  [libjvm.so+0x958c82]  VMThread::run()+0x72
V  [libjvm.so+0x7cc742]  java_start(Thread*)+0xf2

VM_Operation (0x00007fcbf8c9fd70): ParallelGCFailedAllocation, mode: safepoint, requested by thread 0x00007fcc0c21c000


---------------  P R O C E S S  ---------------

Java Threads: ( => current thread )
  0x00007fcc0c21d800 JavaThread "pool-2-thread-4" [_thread_blocked, id=10253, stack(0x00007fcbf8aa0000,0x00007fcbf8ba1000)]
  0x00007fcc0c21c000 JavaThread "pool-2-thread-3" [_thread_blocked, id=10252, stack(0x00007fcbf8ba1000,0x00007fcbf8ca2000)]
  0x00007fcc0c21a000 JavaThread "pool-2-thread-2" [_thread_blocked, id=10251, stack(0x00007fcbf8ca2000,0x00007fcbf8da3000)]
  0x00007fcc0c219800 JavaThread "pool-3-thread-1" [_thread_blocked, id=10250, stack(0x00007fcbf8da3000,0x00007fcbf8ea4000)]
  0x00007fcc0c1e4000 JavaThread "pool-2-thread-1" [_thread_blocked, id=10249, stack(0x00007fcbf8ea4000,0x00007fcbf8fa5000)]
  0x00007fcc0c0aa800 JavaThread "Service Thread" daemon [_thread_blocked, id=10247, stack(0x00007fcbfa90e000,0x00007fcbfaa0f000)]
  0x00007fcc0c0a8000 JavaThread "C2 CompilerThread1" daemon [_thread_blocked, id=10246, stack(0x00007fcbfaa0f000,0x00007fcbfab10000)]
  0x00007fcc0c0a5800 JavaThread "C2 CompilerThread0" daemon [_thread_blocked, id=10245, stack(0x00007fcbfab10000,0x00007fcbfac11000)]
  0x00007fcc0c0a3000 JavaThread "Signal Dispatcher" daemon [_thread_blocked, id=10244, stack(0x00007fcbfac11000,0x00007fcbfad12000)]
  0x00007fcc0c078000 JavaThread "Finalizer" daemon [_thread_blocked, id=10243, stack(0x00007fcbfb3f4000,0x00007fcbfb4f5000)]
  0x00007fcc0c076000 JavaThread "Reference Handler" daemon [_thread_blocked, id=10242, stack(0x00007fcbfb4f5000,0x00007fcbfb5f6000)]
  0x00007fcc0c00a800 JavaThread "main" [_thread_blocked, id=10238, stack(0x00007fcc13c67000,0x00007fcc13d68000)]

Other Threads:
=>0x00007fcc0c071800 VMThread [stack: 0x00007fcbfb5f6000,0x00007fcbfb6f7000] [id=10241]
  0x00007fcc0c0b5800 WatcherThread [stack: 0x00007fcbfa80d000,0x00007fcbfa90e000] [id=10248]

VM state:at safepoint (normal execution)

VM Mutex/Monitor currently owned by a thread:  ([mutex/lock_event])
[0x00007fcc0c006b40] Threads_lock - owner thread: 0x00007fcc0c071800
[0x00007fcc0c007040] Heap_lock - owner thread: 0x00007fcc0c21c000

Heap
 PSYoungGen      total 291328K, used 35320K [0x00000007aaa80000, 0x00000007bf000000, 0x0000000800000000)
  eden space 256000K, 0% used [0x00000007aaa80000,0x00000007aaa80000,0x00000007ba480000)
  from space 35328K, 99% used [0x00000007ba480000,0x00000007bc6fe020,0x00000007bc700000)
  to   space 37888K, 0% used [0x00000007bc700000,0x00000007bc700000,0x00000007bec00000)
 ParOldGen       total 134144K, used 94978K [0x0000000700000000, 0x0000000708300000, 0x00000007aaa80000)
  object space 134144K, 70% used [0x0000000700000000,0x0000000705cc08a8,0x0000000708300000)
 PSPermGen       total 21504K, used 6456K [0x00000006f5a00000, 0x00000006f6f00000, 0x0000000700000000)
  object space 21504K, 30% used [0x00000006f5a00000,0x00000006f604e130,0x00000006f6f00000)

Card table byte_map: [0x00007fcc10045000,0x00007fcc10899000] byte_map_base: 0x00007fcc0c898000

Polling page: 0x00007fcc13d82000

Code Cache  [0x00007fcc09000000, 0x00007fcc092d0000, 0x00007fcc0c000000)
 total_blobs=981 nmethods=751 adapters=184 free_code_cache=46335Kb largest_free_block=47391808

Compilation events (10 events):
Event: 53.634 Thread 0x00007fcc0c0a8000 nmethod 772 0x00007fcc092aa950 code [0x00007fcc092aaa80, 0x00007fcc092aaad8]
Event: 53.634 Thread 0x00007fcc0c0a8000  773             com.android.dx.rop.code.BasicBlockList::getRegCount (34 bytes)
Event: 53.663 Thread 0x00007fcc0c0a8000 nmethod 773 0x00007fcc092a9f10 code [0x00007fcc092aa080, 0x00007fcc092aa438]
Event: 53.663 Thread 0x00007fcc0c0a8000  774             com.android.dx.rop.type.Prototype::<init> (67 bytes)
Event: 53.673 Thread 0x00007fcc0c0a8000 nmethod 774 0x00007fcc092a5f10 code [0x00007fcc092a6060, 0x00007fcc092a6178]
Event: 53.673 Thread 0x00007fcc0c0a8000  775   !         com.android.dx.rop.type.Prototype::putIntern (50 bytes)
Event: 53.715 Thread 0x00007fcc0c0a8000 nmethod 775 0x00007fcc092ac750 code [0x00007fcc092ac8e0, 0x00007fcc092ad148]
Event: 53.715 Thread 0x00007fcc0c0a8000  776             com.android.dx.rop.type.Prototype::getDescriptor (5 bytes)
Event: 53.716 Thread 0x00007fcc0c0a8000 nmethod 776 0x00007fcc092ac550 code [0x00007fcc092ac680, 0x00007fcc092ac6f8]
Event: 53.716 Thread 0x00007fcc0c0a8000  777 %           com.android.dx.ssa.Dominators::run @ 403 (506 bytes)

GC Heap History (10 events):
Event: 32.346 GC heap after
Heap after GC invocations=11 (full 1):
 PSYoungGen      total 199168K, used 18918K [0x00000007aaa80000, 0x00000007b9700000, 0x0000000800000000)
  eden space 180224K, 0% used [0x00000007aaa80000,0x00000007aaa80000,0x00000007b5a80000)
  from space 18944K, 99% used [0x00000007b8480000,0x00000007b96f98d0,0x00000007b9700000)
  to   space 26112K, 0% used [0x00000007b6400000,0x00000007b6400000,0x00000007b7d80000)
 ParOldGen       total 51712K, used 39086K [0x0000000700000000, 0x0000000703280000, 0x00000007aaa80000)
  object space 51712K, 75% used [0x0000000700000000,0x000000070262b998,0x0000000703280000)
 PSPermGen       total 21504K, used 6399K [0x00000006f5a00000, 0x00000006f6f00000, 0x0000000700000000)
  object space 21504K, 29% used [0x00000006f5a00000,0x00000006f603fec8,0x00000006f6f00000)
}
Event: 39.862 GC heap before
{Heap before GC invocations=12 (full 1):
 PSYoungGen      total 199168K, used 199142K [0x00000007aaa80000, 0x00000007b9700000, 0x0000000800000000)
  eden space 180224K, 100% used [0x00000007aaa80000,0x00000007b5a80000,0x00000007b5a80000)
  from space 18944K, 99% used [0x00000007b8480000,0x00000007b96f98d0,0x00000007b9700000)
  to   space 26112K, 0% used [0x00000007b6400000,0x00000007b6400000,0x00000007b7d80000)
 ParOldGen       total 51712K, used 39086K [0x0000000700000000, 0x0000000703280000, 0x00000007aaa80000)
  object space 51712K, 75% used [0x0000000700000000,0x000000070262b998,0x0000000703280000)
 PSPermGen       total 21504K, used 6427K [0x00000006f5a00000, 0x00000006f6f00000, 0x0000000700000000)
  object space 21504K, 29% used [0x00000006f5a00000,0x00000006f6046e80,0x00000006f6f00000)
Event: 40.579 GC heap after
Heap after GC invocations=12 (full 1):
 PSYoungGen      total 216064K, used 26102K [0x00000007aaa80000, 0x00000007bec00000, 0x0000000800000000)
  eden space 189952K, 0% used [0x00000007aaa80000,0x00000007aaa80000,0x00000007b6400000)
  from space 26112K, 99% used [0x00000007b6400000,0x00000007b7d7d820,0x00000007b7d80000)
  to   space 37888K, 0% used [0x00000007bc700000,0x00000007bc700000,0x00000007bec00000)
 ParOldGen       total 58368K, used 58017K [0x0000000700000000, 0x0000000703900000, 0x00000007aaa80000)
  object space 58368K, 99% used [0x0000000700000000,0x00000007038a8628,0x0000000703900000)
 PSPermGen       total 21504K, used 6427K [0x00000006f5a00000, 0x00000006f6f00000, 0x0000000700000000)
  object space 21504K, 29% used [0x00000006f5a00000,0x00000006f6046e80,0x00000006f6f00000)
}
Event: 40.579 GC heap before
{Heap before GC invocations=13 (full 2):
 PSYoungGen      total 216064K, used 26102K [0x00000007aaa80000, 0x00000007bec00000, 0x0000000800000000)
  eden space 189952K, 0% used [0x00000007aaa80000,0x00000007aaa80000,0x00000007b6400000)
  from space 26112K, 99% used [0x00000007b6400000,0x00000007b7d7d820,0x00000007b7d80000)
  to   space 37888K, 0% used [0x00000007bc700000,0x00000007bc700000,0x00000007bec00000)
 ParOldGen       total 58368K, used 58017K [0x0000000700000000, 0x0000000703900000, 0x00000007aaa80000)
  object space 58368K, 99% used [0x0000000700000000,0x00000007038a8628,0x0000000703900000)
 PSPermGen       total 21504K, used 6427K [0x00000006f5a00000, 0x00000006f6f00000, 0x0000000700000000)
  object space 21504K, 29% used [0x00000006f5a00000,0x00000006f6046e80,0x00000006f6f00000)
Event: 41.998 GC heap after
Heap after GC invocations=13 (full 2):
 PSYoungGen      total 216064K, used 22394K [0x00000007aaa80000, 0x00000007bec00000, 0x0000000800000000)
  eden space 189952K, 0% used [0x00000007aaa80000,0x00000007aaa80000,0x00000007b6400000)
  from space 26112K, 85% used [0x00000007b6400000,0x00000007b79deae8,0x00000007b7d80000)
  to   space 37888K, 0% used [0x00000007bc700000,0x00000007bc700000,0x00000007bec00000)
 ParOldGen       total 91136K, used 58166K [0x0000000700000000, 0x0000000705900000, 0x00000007aaa80000)
  object space 91136K, 63% used [0x0000000700000000,0x00000007038cd838,0x0000000705900000)
 PSPermGen       total 21504K, used 6425K [0x00000006f5a00000, 0x00000006f6f00000, 0x0000000700000000)
  object space 21504K, 29% used [0x00000006f5a00000,0x00000006f6046780,0x00000006f6f00000)
}
Event: 44.622 GC heap before
{Heap before GC invocations=14 (full 2):
 PSYoungGen      total 216064K, used 212346K [0x00000007aaa80000, 0x00000007bec00000, 0x0000000800000000)
  eden space 189952K, 100% used [0x00000007aaa80000,0x00000007b6400000,0x00000007b6400000)
  from space 26112K, 85% used [0x00000007b6400000,0x00000007b79deae8,0x00000007b7d80000)
  to   space 37888K, 0% used [0x00000007bc700000,0x00000007bc700000,0x00000007bec00000)
 ParOldGen       total 91136K, used 58166K [0x0000000700000000, 0x0000000705900000, 0x00000007aaa80000)
  object space 91136K, 63% used [0x0000000700000000,0x00000007038cd838,0x0000000705900000)
 PSPermGen       total 21504K, used 6431K [0x00000006f5a00000, 0x00000006f6f00000, 0x0000000700000000)
  object space 21504K, 29% used [0x00000006f5a00000,0x00000006f6047e98,0x00000006f6f00000)
Event: 45.262 GC heap after
Heap after GC invocations=14 (full 2):
 PSYoungGen      total 293888K, used 12831K [0x00000007aaa80000, 0x00000007bf000000, 0x0000000800000000)
  eden space 256000K, 0% used [0x00000007aaa80000,0x00000007aaa80000,0x00000007ba480000)
  from space 37888K, 33% used [0x00000007bc700000,0x00000007bd387d18,0x00000007bec00000)
  to   space 35328K, 0% used [0x00000007ba480000,0x00000007ba480000,0x00000007bc700000)
 ParOldGen       total 91136K, used 80528K [0x0000000700000000, 0x0000000705900000, 0x00000007aaa80000)
  object space 91136K, 88% used [0x0000000700000000,0x0000000704ea4160,0x0000000705900000)
 PSPermGen       total 21504K, used 6431K [0x00000006f5a00000, 0x00000006f6f00000, 0x0000000700000000)
  object space 21504K, 29% used [0x00000006f5a00000,0x00000006f6047e98,0x00000006f6f00000)
}
Event: 45.262 GC heap before
{Heap before GC invocations=15 (full 3):
 PSYoungGen      total 293888K, used 12831K [0x00000007aaa80000, 0x00000007bf000000, 0x0000000800000000)
  eden space 256000K, 0% used [0x00000007aaa80000,0x00000007aaa80000,0x00000007ba480000)
  from space 37888K, 33% used [0x00000007bc700000,0x00000007bd387d18,0x00000007bec00000)
  to   space 35328K, 0% used [0x00000007ba480000,0x00000007ba480000,0x00000007bc700000)
 ParOldGen       total 91136K, used 80528K [0x0000000700000000, 0x0000000705900000, 0x00000007aaa80000)
  object space 91136K, 88% used [0x0000000700000000,0x0000000704ea4160,0x0000000705900000)
 PSPermGen       total 21504K, used 6431K [0x00000006f5a00000, 0x00000006f6f00000, 0x0000000700000000)
  object space 21504K, 29% used [0x00000006f5a00000,0x00000006f6047e98,0x00000006f6f00000)
Event: 46.093 GC heap after
Heap after GC invocations=15 (full 3):
 PSYoungGen      total 293888K, used 0K [0x00000007aaa80000, 0x00000007bf000000, 0x0000000800000000)
  eden space 256000K, 0% used [0x00000007aaa80000,0x00000007aaa80000,0x00000007ba480000)
  from space 37888K, 0% used [0x00000007bc700000,0x00000007bc700000,0x00000007bec00000)
  to   space 35328K, 0% used [0x00000007ba480000,0x00000007ba480000,0x00000007bc700000)
 ParOldGen       total 134144K, used 90644K [0x0000000700000000, 0x0000000708300000, 0x00000007aaa80000)
  object space 134144K, 67% used [0x0000000700000000,0x0000000705885150,0x0000000708300000)
 PSPermGen       total 21504K, used 6431K [0x00000006f5a00000, 0x00000006f6f00000, 0x0000000700000000)
  object space 21504K, 29% used [0x00000006f5a00000,0x00000006f6047e78,0x00000006f6f00000)
}
Event: 53.759 GC heap before
{Heap before GC invocations=16 (full 3):
 PSYoungGen      total 293888K, used 256000K [0x00000007aaa80000, 0x00000007bf000000, 0x0000000800000000)
  eden space 256000K, 100% used [0x00000007aaa80000,0x00000007ba480000,0x00000007ba480000)
  from space 37888K, 0% used [0x00000007bc700000,0x00000007bc700000,0x00000007bec00000)
  to   space 35328K, 0% used [0x00000007ba480000,0x00000007ba480000,0x00000007bc700000)
 ParOldGen       total 134144K, used 90644K [0x0000000700000000, 0x0000000708300000, 0x00000007aaa80000)
  object space 134144K, 67% used [0x0000000700000000,0x0000000705885150,0x0000000708300000)
 PSPermGen       total 21504K, used 6456K [0x00000006f5a00000, 0x00000006f6f00000, 0x0000000700000000)
  object space 21504K, 30% used [0x00000006f5a00000,0x00000006f604e130,0x00000006f6f00000)

Deoptimization events (10 events):
Event: 50.280 Thread 0x00007fcc0c21c000 Uncommon trap: reason=class_check action=maybe_recompile pc=0x00007fcc09178a54 method=com.android.dx.ssa.SCCP.replaceConstants()V @ 127
Event: 50.522 Thread 0x00007fcc0c21a000 Uncommon trap: reason=unstable_if action=reinterpret pc=0x00007fcc091c48d0 method=com.android.dx.rop.code.LocalItem.compareHandlesNulls(Lcom/android/dx/rop/cst/CstString;Lcom/android/dx/rop/cst/CstString;)I @ 14
Event: 50.523 Thread 0x00007fcc0c21a000 Uncommon trap: reason=unstable_if action=reinterpret pc=0x00007fcc0919b1dc method=com.android.dx.rop.code.LocalItem.compareHandlesNulls(Lcom/android/dx/rop/cst/CstString;Lcom/android/dx/rop/cst/CstString;)I @ 14
Event: 50.688 Thread 0x00007fcc0c1e4000 Uncommon trap: reason=unstable_if action=reinterpret pc=0x00007fcc0913ea78 method=com.android.dx.rop.code.LocalItem.compareHandlesNulls(Lcom/android/dx/rop/cst/CstString;Lcom/android/dx/rop/cst/CstString;)I @ 14
Event: 50.688 Thread 0x00007fcc0c1e4000 Uncommon trap: reason=unstable_if action=reinterpret pc=0x00007fcc091051cc method=com.android.dx.rop.code.LocalItem.compareHandlesNulls(Lcom/android/dx/rop/cst/CstString;Lcom/android/dx/rop/cst/CstString;)I @ 14
Event: 51.243 Thread 0x00007fcc0c21d800 Uncommon trap: reason=class_check action=maybe_recompile pc=0x00007fcc09178a54 method=com.android.dx.ssa.SCCP.replaceConstants()V @ 127
Event: 52.066 Thread 0x00007fcc0c21c000 Uncommon trap: reason=unstable_if action=reinterpret pc=0x00007fcc0921dd90 method=com.android.dx.dex.code.RopTranslator.outputBlock(Lcom/android/dx/rop/code/BasicBlock;I)V @ 140
Event: 52.089 Thread 0x00007fcc0c21c000 Uncommon trap: reason=unstable_if action=reinterpret pc=0x00007fcc09227f3c method=com.android.dx.dex.code.RopTranslator.outputBlock(Lcom/android/dx/rop/code/BasicBlock;I)V @ 140
Event: 52.611 Thread 0x00007fcc0c1e4000 Uncommon trap: reason=bimorphic action=maybe_recompile pc=0x00007fcc0918d91c method=com.android.dx.ssa.LiteralOpUpgrader.tryReplacingWithConstant(Lcom/android/dx/ssa/NormalSsaInsn;)Z @ 62
Event: 52.706 Thread 0x00007fcc0c1e4000 Uncommon trap: reason=bimorphic action=maybe_recompile pc=0x00007fcc0918d91c method=com.android.dx.ssa.LiteralOpUpgrader.tryReplacingWithConstant(Lcom/android/dx/ssa/NormalSsaInsn;)Z @ 62

Internal exceptions (10 events):
Event: 8.490 Thread 0x00007fcc0c00a800 Threw 0x00000007ac0efc60 at /build/openjdk-7-zaTxYK/openjdk-7-7u91-2.6.3/build/openjdk/hotspot/src/share/vm/prims/jvm.cpp:1322
Event: 10.405 Thread 0x00007fcc0c00a800 Threw 0x00000007ad8b1d98 at /build/openjdk-7-zaTxYK/openjdk-7-7u91-2.6.3/build/openjdk/hotspot/src/share/vm/prims/jvm.cpp:1322
Event: 12.298 Thread 0x00007fcc0c21a000 Threw 0x00000007aaf72c20 at /build/openjdk-7-zaTxYK/openjdk-7-7u91-2.6.3/build/openjdk/hotspot/src/share/vm/prims/jvm.cpp:1322
Event: 16.589 Thread 0x00007fcc0c00a800 Threw 0x00000007adb8c338 at /build/openjdk-7-zaTxYK/openjdk-7-7u91-2.6.3/build/openjdk/hotspot/src/share/vm/prims/jvm.cpp:1322
Event: 17.056 Thread 0x00007fcc0c1e4000 Implicit null exception at 0x00007fcc09139fb5 to 0x00007fcc0913df4d
Event: 43.661 Thread 0x00007fcc0c00a800 Threw 0x00000007ad75b958 at /build/openjdk-7-zaTxYK/openjdk-7-7u91-2.6.3/build/openjdk/hotspot/src/share/vm/prims/jvm.cpp:1322
Event: 50.522 Thread 0x00007fcc0c21a000 Implicit null exception at 0x00007fcc091c3d53 to 0x00007fcc091c48a9
Event: 50.523 Thread 0x00007fcc0c21a000 Implicit null exception at 0x00007fcc0919af30 to 0x00007fcc0919b1c9
Event: 50.688 Thread 0x00007fcc0c1e4000 Implicit null exception at 0x00007fcc0913d29f to 0x00007fcc0913ea59
Event: 50.688 Thread 0x00007fcc0c1e4000 Implicit null exception at 0x00007fcc09104f3c to 0x00007fcc091051b9

Events (10 events):
Event: 52.089 Thread 0x00007fcc0c21c000 Uncommon trap: trap_request=0xffffff75 fr.pc=0x00007fcc09227f3c
Event: 52.089 Thread 0x00007fcc0c21c000 DEOPT PACKING pc=0x00007fcc09227f3c sp=0x00007fcbf8ca0230
Event: 52.089 Thread 0x00007fcc0c21c000 DEOPT UNPACKING pc=0x00007fcc09039045 sp=0x00007fcbf8ca01f8 mode 2
Event: 52.611 Thread 0x00007fcc0c1e4000 Uncommon trap: trap_request=0xffffffc6 fr.pc=0x00007fcc0918d91c
Event: 52.612 Thread 0x00007fcc0c1e4000 DEOPT PACKING pc=0x00007fcc0918d91c sp=0x00007fcbf8fa30b0
Event: 52.612 Thread 0x00007fcc0c1e4000 DEOPT UNPACKING pc=0x00007fcc09039045 sp=0x00007fcbf8fa2f98 mode 2
Event: 52.706 Thread 0x00007fcc0c1e4000 Uncommon trap: trap_request=0xffffffc6 fr.pc=0x00007fcc0918d91c
Event: 52.707 Thread 0x00007fcc0c1e4000 DEOPT PACKING pc=0x00007fcc0918d91c sp=0x00007fcbf8fa3020
Event: 52.707 Thread 0x00007fcc0c1e4000 DEOPT UNPACKING pc=0x00007fcc09039045 sp=0x00007fcbf8fa2f08 mode 2
Event: 53.753 Executing VM operation: ParallelGCFailedAllocation


Dynamic libraries:
00400000-00401000 r-xp 00000000 b3:01 406352                             /usr/lib/jvm/java-7-openjdk-amd64/jre/bin/java
00600000-00601000 r--p 00000000 b3:01 406352                             /usr/lib/jvm/java-7-openjdk-amd64/jre/bin/java
00601000-00602000 rw-p 00001000 b3:01 406352                             /usr/lib/jvm/java-7-openjdk-amd64/jre/bin/java
00de3000-00e25000 rw-p 00000000 00:00 0                                  [heap]
6f5a00000-6f6f00000 rw-p 00000000 00:00 0 
6f6f00000-700000000 rw-p 00000000 00:00 0 
700000000-708300000 rw-p 00000000 00:00 0 
708300000-7aaa80000 rw-p 00000000 00:00 0 
7aaa80000-7bf000000 rw-p 00000000 00:00 0 
7c3e00000-800000000 rw-p 00000000 00:00 0 
7fcbbc000000-7fcbbc023000 rw-p 00000000 00:00 0 
7fcbbc023000-7fcbc0000000 ---p 00000000 00:00 0 
7fcbc0000000-7fcbc0021000 rw-p 00000000 00:00 0 
7fcbc0021000-7fcbc4000000 ---p 00000000 00:00 0 
7fcbc4000000-7fcbc4039000 rw-p 00000000 00:00 0 
7fcbc4039000-7fcbc8000000 ---p 00000000 00:00 0 
7fcbc8000000-7fcbc8021000 rw-p 00000000 00:00 0 
7fcbc8021000-7fcbcc000000 ---p 00000000 00:00 0 
7fcbcc000000-7fcbcc021000 rw-p 00000000 00:00 0 
7fcbcc021000-7fcbd0000000 ---p 00000000 00:00 0 
7fcbd0000000-7fcbd0021000 rw-p 00000000 00:00 0 
7fcbd0021000-7fcbd4000000 ---p 00000000 00:00 0 
7fcbd4000000-7fcbd598d000 rw-p 00000000 00:00 0 
7fcbd598d000-7fcbd8000000 ---p 00000000 00:00 0 
7fcbdc000000-7fcbdc021000 rw-p 00000000 00:00 0 
7fcbdc021000-7fcbe0000000 ---p 00000000 00:00 0 
7fcbe0000000-7fcbe1c24000 rw-p 00000000 00:00 0 
7fcbe1c24000-7fcbe4000000 ---p 00000000 00:00 0 
7fcbe4000000-7fcbe4021000 rw-p 00000000 00:00 0 
7fcbe4021000-7fcbe8000000 ---p 00000000 00:00 0 
7fcbe8000000-7fcbe8021000 rw-p 00000000 00:00 0 
7fcbe8021000-7fcbec000000 ---p 00000000 00:00 0 
7fcbec000000-7fcbec242000 rw-p 00000000 00:00 0 
7fcbec242000-7fcbf0000000 ---p 00000000 00:00 0 
7fcbf37ad000-7fcbf4000000 rw-p 00000000 00:00 0 
7fcbf4000000-7fcbf4021000 rw-p 00000000 00:00 0 
7fcbf4021000-7fcbf8000000 ---p 00000000 00:00 0 
7fcbf82d1000-7fcbf8325000 rw-p 00000000 00:00 0 
7fcbf8aa0000-7fcbf8aa3000 ---p 00000000 00:00 0 
7fcbf8aa3000-7fcbf8ba1000 rw-p 00000000 00:00 0                          [stack:10253]
7fcbf8ba1000-7fcbf8ba4000 ---p 00000000 00:00 0 
7fcbf8ba4000-7fcbf8ca2000 rw-p 00000000 00:00 0                          [stack:10252]
7fcbf8ca2000-7fcbf8ca5000 ---p 00000000 00:00 0 
7fcbf8ca5000-7fcbf8da3000 rw-p 00000000 00:00 0                          [stack:10251]
7fcbf8da3000-7fcbf8da6000 ---p 00000000 00:00 0 
7fcbf8da6000-7fcbf8ea4000 rw-p 00000000 00:00 0                          [stack:10250]
7fcbf8ea4000-7fcbf8ea7000 ---p 00000000 00:00 0 
7fcbf8ea7000-7fcbf8fd6000 rw-p 00000000 00:00 0                          [stack:10249]
7fcbf8fd6000-7fcbf9013000 r-xp 00000000 b3:01 3543473                    /lib/x86_64-linux-gnu/libpcre.so.3.13.1
7fcbf9013000-7fcbf9212000 ---p 0003d000 b3:01 3543473                    /lib/x86_64-linux-gnu/libpcre.so.3.13.1
7fcbf9212000-7fcbf9213000 r--p 0003c000 b3:01 3543473                    /lib/x86_64-linux-gnu/libpcre.so.3.13.1
7fcbf9213000-7fcbf9214000 rw-p 0003d000 b3:01 3543473                    /lib/x86_64-linux-gnu/libpcre.so.3.13.1
7fcbf9214000-7fcbf921b000 r-xp 00000000 b3:01 271610                     /usr/lib/x86_64-linux-gnu/libffi.so.6.0.1
7fcbf921b000-7fcbf941a000 ---p 00007000 b3:01 271610                     /usr/lib/x86_64-linux-gnu/libffi.so.6.0.1
7fcbf941a000-7fcbf941b000 r--p 00006000 b3:01 271610                     /usr/lib/x86_64-linux-gnu/libffi.so.6.0.1
7fcbf941b000-7fcbf941c000 rw-p 00007000 b3:01 271610                     /usr/lib/x86_64-linux-gnu/libffi.so.6.0.1
7fcbf941c000-7fcbf9433000 r-xp 00000000 b3:01 3543496                    /lib/x86_64-linux-gnu/libresolv-2.19.so
7fcbf9433000-7fcbf9633000 ---p 00017000 b3:01 3543496                    /lib/x86_64-linux-gnu/libresolv-2.19.so
7fcbf9633000-7fcbf9634000 r--p 00017000 b3:01 3543496                    /lib/x86_64-linux-gnu/libresolv-2.19.so
7fcbf9634000-7fcbf9635000 rw-p 00018000 b3:01 3543496                    /lib/x86_64-linux-gnu/libresolv-2.19.so
7fcbf9635000-7fcbf9637000 rw-p 00000000 00:00 0 
7fcbf9637000-7fcbf9657000 r-xp 00000000 b3:01 3543500                    /lib/x86_64-linux-gnu/libselinux.so.1
7fcbf9657000-7fcbf9856000 ---p 00020000 b3:01 3543500                    /lib/x86_64-linux-gnu/libselinux.so.1
7fcbf9856000-7fcbf9857000 r--p 0001f000 b3:01 3543500                    /lib/x86_64-linux-gnu/libselinux.so.1
7fcbf9857000-7fcbf9858000 rw-p 00020000 b3:01 3543500                    /lib/x86_64-linux-gnu/libselinux.so.1
7fcbf9858000-7fcbf985a000 rw-p 00000000 00:00 0 
7fcbf985a000-7fcbf985d000 r-xp 00000000 b3:01 271723                     /usr/lib/x86_64-linux-gnu/libgmodule-2.0.so.0.4002.0
7fcbf985d000-7fcbf9a5c000 ---p 00003000 b3:01 271723                     /usr/lib/x86_64-linux-gnu/libgmodule-2.0.so.0.4002.0
7fcbf9a5c000-7fcbf9a5d000 r--p 00002000 b3:01 271723                     /usr/lib/x86_64-linux-gnu/libgmodule-2.0.so.0.4002.0
7fcbf9a5d000-7fcbf9a5e000 rw-p 00003000 b3:01 271723                     /usr/lib/x86_64-linux-gnu/libgmodule-2.0.so.0.4002.0
7fcbf9a5e000-7fcbf9b64000 r-xp 00000000 b3:01 3543401                    /lib/x86_64-linux-gnu/libglib-2.0.so.0.4002.0
7fcbf9b64000-7fcbf9d63000 ---p 00106000 b3:01 3543401                    /lib/x86_64-linux-gnu/libglib-2.0.so.0.4002.0
7fcbf9d63000-7fcbf9d64000 r--p 00105000 b3:01 3543401                    /lib/x86_64-linux-gnu/libglib-2.0.so.0.4002.0
7fcbf9d64000-7fcbf9d65000 rw-p 00106000 b3:01 3543401                    /lib/x86_64-linux-gnu/libglib-2.0.so.0.4002.0
7fcbf9d65000-7fcbf9d66000 rw-p 00000000 00:00 0 
7fcbf9d66000-7fcbf9db5000 r-xp 00000000 b3:01 271739                     /usr/lib/x86_64-linux-gnu/libgobject-2.0.so.0.4002.0
7fcbf9db5000-7fcbf9fb5000 ---p 0004f000 b3:01 271739                     /usr/lib/x86_64-linux-gnu/libgobject-2.0.so.0.4002.0
7fcbf9fb5000-7fcbf9fb6000 r--p 0004f000 b3:01 271739                     /usr/lib/x86_64-linux-gnu/libgobject-2.0.so.0.4002.0
7fcbf9fb6000-7fcbf9fb7000 rw-p 00050000 b3:01 271739                     /usr/lib/x86_64-linux-gnu/libgobject-2.0.so.0.4002.0
7fcbf9fb7000-7fcbfa123000 r-xp 00000000 b3:01 271711                     /usr/lib/x86_64-linux-gnu/libgio-2.0.so.0.4002.0
7fcbfa123000-7fcbfa322000 ---p 0016c000 b3:01 271711                     /usr/lib/x86_64-linux-gnu/libgio-2.0.so.0.4002.0
7fcbfa322000-7fcbfa326000 r--p 0016b000 b3:01 271711                     /usr/lib/x86_64-linux-gnu/libgio-2.0.so.0.4002.0
7fcbfa326000-7fcbfa328000 rw-p 0016f000 b3:01 271711                     /usr/lib/x86_64-linux-gnu/libgio-2.0.so.0.4002.0
7fcbfa328000-7fcbfa32a000 rw-p 00000000 00:00 0 
7fcbfa32a000-7fcbfa341000 r-xp 00000000 b3:01 406415                     /usr/lib/jvm/java-7-openjdk-amd64/jre/lib/amd64/libnet.so
7fcbfa341000-7fcbfa540000 ---p 00017000 b3:01 406415                     /usr/lib/jvm/java-7-openjdk-amd64/jre/lib/amd64/libnet.so
7fcbfa540000-7fcbfa541000 r--p 00016000 b3:01 406415                     /usr/lib/jvm/java-7-openjdk-amd64/jre/lib/amd64/libnet.so
7fcbfa541000-7fcbfa542000 rw-p 00017000 b3:01 406415                     /usr/lib/jvm/java-7-openjdk-amd64/jre/lib/amd64/libnet.so
7fcbfa542000-7fcbfa552000 r-xp 00000000 b3:01 406382                     /usr/lib/jvm/java-7-openjdk-amd64/jre/lib/amd64/libnio.so
7fcbfa552000-7fcbfa752000 ---p 00010000 b3:01 406382                     /usr/lib/jvm/java-7-openjdk-amd64/jre/lib/amd64/libnio.so
7fcbfa752000-7fcbfa753000 r--p 00010000 b3:01 406382                     /usr/lib/jvm/java-7-openjdk-amd64/jre/lib/amd64/libnio.so
7fcbfa753000-7fcbfa754000 rw-p 00011000 b3:01 406382                     /usr/lib/jvm/java-7-openjdk-amd64/jre/lib/amd64/libnio.so
7fcbfa754000-7fcbfa80d000 r--s 00742000 b3:01 2493890                    /home/jared/Documents/Repos/Android-Workspace/AG_Framework/app/build/intermediates/transforms/jarMerging/debug/jars/1/1f/combined.jar
7fcbfa80d000-7fcbfa80e000 ---p 00000000 00:00 0 
7fcbfa80e000-7fcbfa90e000 rw-p 00000000 00:00 0                          [stack:10248]
7fcbfa90e000-7fcbfa911000 ---p 00000000 00:00 0 
7fcbfa911000-7fcbfaa0f000 rw-p 00000000 00:00 0                          [stack:10247]
7fcbfaa0f000-7fcbfaa12000 ---p 00000000 00:00 0 
7fcbfaa12000-7fcbfab10000 rw-p 00000000 00:00 0                          [stack:10246]
7fcbfab10000-7fcbfab13000 ---p 00000000 00:00 0 
7fcbfab13000-7fcbfac11000 rw-p 00000000 00:00 0                          [stack:10245]
7fcbfac11000-7fcbfac14000 ---p 00000000 00:00 0 
7fcbfac14000-7fcbfad12000 rw-p 00000000 00:00 0                          [stack:10244]
7fcbfad12000-7fcbfb3f4000 r--p 00000000 b3:01 270176                     /usr/lib/locale/locale-archive
7fcbfb3f4000-7fcbfb3f7000 ---p 00000000 00:00 0 
7fcbfb3f7000-7fcbfb4f5000 rw-p 00000000 00:00 0                          [stack:10243]
7fcbfb4f5000-7fcbfb4f8000 ---p 00000000 00:00 0 
7fcbfb4f8000-7fcbfb5f6000 rw-p 00000000 00:00 0                          [stack:10242]
7fcbfb5f6000-7fcbfb5f7000 ---p 00000000 00:00 0 
7fcbfb5f7000-7fcbfc000000 rw-p 00000000 00:00 0                          [stack:10241]
7fcbfc000000-7fcbfc021000 rw-p 00000000 00:00 0 
7fcbfc021000-7fcc00000000 ---p 00000000 00:00 0 
7fcc00017000-7fcc000a2000 rw-p 00000000 00:00 0 
7fcc000a2000-7fcc00254000 r--s 01d2e000 b3:01 406375                     /usr/lib/jvm/java-7-openjdk-amd64/jre/lib/rt.jar
7fcc00254000-7fcc08855000 rw-p 00000000 00:00 0 
7fcc08855000-7fcc08856000 ---p 00000000 00:00 0 
7fcc08856000-7fcc08956000 rw-p 00000000 00:00 0                          [stack:10240]
7fcc08956000-7fcc08957000 ---p 00000000 00:00 0 
7fcc08957000-7fcc08a62000 rw-p 00000000 00:00 0                          [stack:10239]
7fcc08a62000-7fcc08aaa000 rw-p 00000000 00:00 0 
7fcc08aaa000-7fcc08aec000 rw-p 00000000 00:00 0 
7fcc08aec000-7fcc09000000 rw-p 00000000 00:00 0 
7fcc09000000-7fcc092d0000 rwxp 00000000 00:00 0 
7fcc092d0000-7fcc0c260000 rw-p 00000000 00:00 0 
7fcc0c260000-7fcc10000000 ---p 00000000 00:00 0 
7fcc10005000-7fcc10006000 rw-p 00000000 00:00 0 
7fcc10006000-7fcc10015000 r--s 000df000 b3:01 3285324                    /home/jared/Android/Sdk/build-tools/23.0.2/lib/dx.jar
7fcc10015000-7fcc10017000 r--s 00012000 b3:01 406366                     /usr/lib/jvm/java-7-openjdk-amd64/jre/lib/ext/zipfs.jar
7fcc10017000-7fcc1001b000 r--s 0003c000 b3:01 406370                     /usr/lib/jvm/java-7-openjdk-amd64/jre/lib/ext/sunpkcs11.jar
7fcc1001b000-7fcc1001d000 r--s 00006000 b3:01 668640                     /usr/share/java/java-atk-wrapper.jar
7fcc1001d000-7fcc10050000 rw-p 00000000 00:00 0 
7fcc10050000-7fcc10098000 rw-p 00000000 00:00 0 
7fcc10098000-7fcc100da000 rw-p 00000000 00:00 0 
7fcc100da000-7fcc105ed000 rw-p 00000000 00:00 0 
7fcc105ed000-7fcc10690000 rw-p 00000000 00:00 0 
7fcc10690000-7fcc10898000 rw-p 00000000 00:00 0 
7fcc10898000-7fcc10899000 rw-p 00000000 00:00 0 
7fcc10899000-7fcc108a1000 r-xp 00000000 b3:01 406386                     /usr/lib/jvm/java-7-openjdk-amd64/jre/lib/amd64/libzip.so
7fcc108a1000-7fcc10aa0000 ---p 00008000 b3:01 406386                     /usr/lib/jvm/java-7-openjdk-amd64/jre/lib/amd64/libzip.so
7fcc10aa0000-7fcc10aa1000 r--p 00007000 b3:01 406386                     /usr/lib/jvm/java-7-openjdk-amd64/jre/lib/amd64/libzip.so
7fcc10aa1000-7fcc10aa2000 rw-p 00008000 b3:01 406386                     /usr/lib/jvm/java-7-openjdk-amd64/jre/lib/amd64/libzip.so
7fcc10aa2000-7fcc10aad000 r-xp 00000000 b3:01 3543445                    /lib/x86_64-linux-gnu/libnss_files-2.19.so
7fcc10aad000-7fcc10cac000 ---p 0000b000 b3:01 3543445                    /lib/x86_64-linux-gnu/libnss_files-2.19.so
7fcc10cac000-7fcc10cad000 r--p 0000a000 b3:01 3543445                    /lib/x86_64-linux-gnu/libnss_files-2.19.so
7fcc10cad000-7fcc10cae000 rw-p 0000b000 b3:01 3543445                    /lib/x86_64-linux-gnu/libnss_files-2.19.so
7fcc10cae000-7fcc10cb9000 r-xp 00000000 b3:01 3543455                    /lib/x86_64-linux-gnu/libnss_nis-2.19.so
7fcc10cb9000-7fcc10eb8000 ---p 0000b000 b3:01 3543455                    /lib/x86_64-linux-gnu/libnss_nis-2.19.so
7fcc10eb8000-7fcc10eb9000 r--p 0000a000 b3:01 3543455                    /lib/x86_64-linux-gnu/libnss_nis-2.19.so
7fcc10eb9000-7fcc10eba000 rw-p 0000b000 b3:01 3543455                    /lib/x86_64-linux-gnu/libnss_nis-2.19.so
7fcc10eba000-7fcc10ed1000 r-xp 00000000 b3:01 3543439                    /lib/x86_64-linux-gnu/libnsl-2.19.so
7fcc10ed1000-7fcc110d0000 ---p 00017000 b3:01 3543439                    /lib/x86_64-linux-gnu/libnsl-2.19.so
7fcc110d0000-7fcc110d1000 r--p 00016000 b3:01 3543439                    /lib/x86_64-linux-gnu/libnsl-2.19.so
7fcc110d1000-7fcc110d2000 rw-p 00017000 b3:01 3543439                    /lib/x86_64-linux-gnu/libnsl-2.19.so
7fcc110d2000-7fcc110d4000 rw-p 00000000 00:00 0 
7fcc110d4000-7fcc110dd000 r-xp 00000000 b3:01 3543441                    /lib/x86_64-linux-gnu/libnss_compat-2.19.so
7fcc110dd000-7fcc112dc000 ---p 00009000 b3:01 3543441                    /lib/x86_64-linux-gnu/libnss_compat-2.19.so
7fcc112dc000-7fcc112dd000 r--p 00008000 b3:01 3543441                    /lib/x86_64-linux-gnu/libnss_compat-2.19.so
7fcc112dd000-7fcc112de000 rw-p 00009000 b3:01 3543441                    /lib/x86_64-linux-gnu/libnss_compat-2.19.so
7fcc112de000-7fcc11309000 r-xp 00000000 b3:01 406394                     /usr/lib/jvm/java-7-openjdk-amd64/jre/lib/amd64/libjava.so
7fcc11309000-7fcc11509000 ---p 0002b000 b3:01 406394                     /usr/lib/jvm/java-7-openjdk-amd64/jre/lib/amd64/libjava.so
7fcc11509000-7fcc1150a000 r--p 0002b000 b3:01 406394                     /usr/lib/jvm/java-7-openjdk-amd64/jre/lib/amd64/libjava.so
7fcc1150a000-7fcc1150c000 rw-p 0002c000 b3:01 406394                     /usr/lib/jvm/java-7-openjdk-amd64/jre/lib/amd64/libjava.so
7fcc1150c000-7fcc1151c000 r-xp 00000000 b3:01 406410                     /usr/lib/jvm/java-7-openjdk-amd64/jre/lib/amd64/libverify.so
7fcc1151c000-7fcc1171b000 ---p 00010000 b3:01 406410                     /usr/lib/jvm/java-7-openjdk-amd64/jre/lib/amd64/libverify.so
7fcc1171b000-7fcc1171d000 r--p 0000f000 b3:01 406410                     /usr/lib/jvm/java-7-openjdk-amd64/jre/lib/amd64/libverify.so
7fcc1171d000-7fcc1171e000 rw-p 00011000 b3:01 406410                     /usr/lib/jvm/java-7-openjdk-amd64/jre/lib/amd64/libverify.so
7fcc1171e000-7fcc11725000 r-xp 00000000 b3:01 3543498                    /lib/x86_64-linux-gnu/librt-2.19.so
7fcc11725000-7fcc11924000 ---p 00007000 b3:01 3543498                    /lib/x86_64-linux-gnu/librt-2.19.so
7fcc11924000-7fcc11925000 r--p 00006000 b3:01 3543498                    /lib/x86_64-linux-gnu/librt-2.19.so
7fcc11925000-7fcc11926000 rw-p 00007000 b3:01 3543498                    /lib/x86_64-linux-gnu/librt-2.19.so
7fcc11926000-7fcc1193c000 r-xp 00000000 b3:01 3543397                    /lib/x86_64-linux-gnu/libgcc_s.so.1
7fcc1193c000-7fcc11b3b000 ---p 00016000 b3:01 3543397                    /lib/x86_64-linux-gnu/libgcc_s.so.1
7fcc11b3b000-7fcc11b3c000 rw-p 00015000 b3:01 3543397                    /lib/x86_64-linux-gnu/libgcc_s.so.1
7fcc11b3c000-7fcc11c41000 r-xp 00000000 b3:01 3543420                    /lib/x86_64-linux-gnu/libm-2.19.so
7fcc11c41000-7fcc11e40000 ---p 00105000 b3:01 3543420                    /lib/x86_64-linux-gnu/libm-2.19.so
7fcc11e40000-7fcc11e41000 r--p 00104000 b3:01 3543420                    /lib/x86_64-linux-gnu/libm-2.19.so
7fcc11e41000-7fcc11e42000 rw-p 00105000 b3:01 3543420                    /lib/x86_64-linux-gnu/libm-2.19.so
7fcc11e42000-7fcc11f28000 r-xp 00000000 b3:01 272232                     /usr/lib/x86_64-linux-gnu/libstdc++.so.6.0.19
7fcc11f28000-7fcc12127000 ---p 000e6000 b3:01 272232                     /usr/lib/x86_64-linux-gnu/libstdc++.so.6.0.19
7fcc12127000-7fcc1212f000 r--p 000e5000 b3:01 272232                     /usr/lib/x86_64-linux-gnu/libstdc++.so.6.0.19
7fcc1212f000-7fcc12131000 rw-p 000ed000 b3:01 272232                     /usr/lib/x86_64-linux-gnu/libstdc++.so.6.0.19
7fcc12131000-7fcc12146000 rw-p 00000000 00:00 0 
7fcc12146000-7fcc12c6a000 r-xp 00000000 b3:01 406401                     /usr/lib/jvm/java-7-openjdk-amd64/jre/lib/amd64/server/libjvm.so
7fcc12c6a000-7fcc12e6a000 ---p 00b24000 b3:01 406401                     /usr/lib/jvm/java-7-openjdk-amd64/jre/lib/amd64/server/libjvm.so
7fcc12e6a000-7fcc12f04000 r--p 00b24000 b3:01 406401                     /usr/lib/jvm/java-7-openjdk-amd64/jre/lib/amd64/server/libjvm.so
7fcc12f04000-7fcc12f27000 rw-p 00bbe000 b3:01 406401                     /usr/lib/jvm/java-7-openjdk-amd64/jre/lib/amd64/server/libjvm.so
7fcc12f27000-7fcc12f55000 rw-p 00000000 00:00 0 
7fcc12f55000-7fcc12f6d000 r-xp 00000000 b3:01 3543533                    /lib/x86_64-linux-gnu/libz.so.1.2.8
7fcc12f6d000-7fcc1316c000 ---p 00018000 b3:01 3543533                    /lib/x86_64-linux-gnu/libz.so.1.2.8
7fcc1316c000-7fcc1316d000 r--p 00017000 b3:01 3543533                    /lib/x86_64-linux-gnu/libz.so.1.2.8
7fcc1316d000-7fcc1316e000 rw-p 00018000 b3:01 3543533                    /lib/x86_64-linux-gnu/libz.so.1.2.8
7fcc1316e000-7fcc13187000 r-xp 00000000 b3:01 3543490                    /lib/x86_64-linux-gnu/libpthread-2.19.so
7fcc13187000-7fcc13386000 ---p 00019000 b3:01 3543490                    /lib/x86_64-linux-gnu/libpthread-2.19.so
7fcc13386000-7fcc13387000 r--p 00018000 b3:01 3543490                    /lib/x86_64-linux-gnu/libpthread-2.19.so
7fcc13387000-7fcc13388000 rw-p 00019000 b3:01 3543490                    /lib/x86_64-linux-gnu/libpthread-2.19.so
7fcc13388000-7fcc1338c000 rw-p 00000000 00:00 0 
7fcc1338c000-7fcc1338f000 r-xp 00000000 b3:01 3543387                    /lib/x86_64-linux-gnu/libdl-2.19.so
7fcc1338f000-7fcc1358e000 ---p 00003000 b3:01 3543387                    /lib/x86_64-linux-gnu/libdl-2.19.so
7fcc1358e000-7fcc1358f000 r--p 00002000 b3:01 3543387                    /lib/x86_64-linux-gnu/libdl-2.19.so
7fcc1358f000-7fcc13590000 rw-p 00003000 b3:01 3543387                    /lib/x86_64-linux-gnu/libdl-2.19.so
7fcc13590000-7fcc1374b000 r-xp 00000000 b3:01 3543370                    /lib/x86_64-linux-gnu/libc-2.19.so
7fcc1374b000-7fcc1394a000 ---p 001bb000 b3:01 3543370                    /lib/x86_64-linux-gnu/libc-2.19.so
7fcc1394a000-7fcc1394e000 r--p 001ba000 b3:01 3543370                    /lib/x86_64-linux-gnu/libc-2.19.so
7fcc1394e000-7fcc13950000 rw-p 001be000 b3:01 3543370                    /lib/x86_64-linux-gnu/libc-2.19.so
7fcc13950000-7fcc13955000 rw-p 00000000 00:00 0 
7fcc13955000-7fcc13962000 r-xp 00000000 b3:01 406412                     /usr/lib/jvm/java-7-openjdk-amd64/jre/lib/amd64/jli/libjli.so
7fcc13962000-7fcc13b61000 ---p 0000d000 b3:01 406412                     /usr/lib/jvm/java-7-openjdk-amd64/jre/lib/amd64/jli/libjli.so
7fcc13b61000-7fcc13b62000 r--p 0000c000 b3:01 406412                     /usr/lib/jvm/java-7-openjdk-amd64/jre/lib/amd64/jli/libjli.so
7fcc13b62000-7fcc13b63000 rw-p 0000d000 b3:01 406412                     /usr/lib/jvm/java-7-openjdk-amd64/jre/lib/amd64/jli/libjli.so
7fcc13b63000-7fcc13b86000 r-xp 00000000 b3:01 3543346                    /lib/x86_64-linux-gnu/ld-2.19.so
7fcc13b86000-7fcc13bb3000 rw-p 00000000 00:00 0 
7fcc13bb3000-7fcc13c67000 rw-p 00000000 00:00 0 
7fcc13c67000-7fcc13c6a000 ---p 00000000 00:00 0 
7fcc13c6a000-7fcc13d6d000 rw-p 00000000 00:00 0                          [stack:10238]
7fcc13d6d000-7fcc13d70000 r--s 0000f000 b3:01 406368                     /usr/lib/jvm/java-7-openjdk-amd64/jre/lib/ext/icedtea-sound.jar
7fcc13d70000-7fcc13d74000 r--s 00034000 b3:01 406369                     /usr/lib/jvm/java-7-openjdk-amd64/jre/lib/ext/sunjce_provider.jar
7fcc13d74000-7fcc13d78000 r--s 00085000 b3:01 406367                     /usr/lib/jvm/java-7-openjdk-amd64/jre/lib/ext/localedata.jar
7fcc13d78000-7fcc13d79000 r--s 00002000 b3:01 406371                     /usr/lib/jvm/java-7-openjdk-amd64/jre/lib/ext/dnsns.jar
7fcc13d79000-7fcc13d81000 rw-s 00000000 b3:01 1355798                    /tmp/hsperfdata_jared/10232
7fcc13d81000-7fcc13d82000 rw-p 00000000 00:00 0 
7fcc13d82000-7fcc13d83000 ---p 00000000 00:00 0 
7fcc13d83000-7fcc13d85000 rw-p 00000000 00:00 0 
7fcc13d85000-7fcc13d86000 r--p 00022000 b3:01 3543346                    /lib/x86_64-linux-gnu/ld-2.19.so
7fcc13d86000-7fcc13d87000 rw-p 00023000 b3:01 3543346                    /lib/x86_64-linux-gnu/ld-2.19.so
7fcc13d87000-7fcc13d88000 rw-p 00000000 00:00 0 
7fffcf1a9000-7fffcf1ca000 rw-p 00000000 00:00 0                          [stack]
7fffcf1fa000-7fffcf1fc000 r--p 00000000 00:00 0                          [vvar]
7fffcf1fc000-7fffcf1fe000 r-xp 00000000 00:00 0                          [vdso]
ffffffffff600000-ffffffffff601000 r-xp 00000000 00:00 0                  [vsyscall]

VM Arguments:
jvm_args: -Djava.awt.headless=true -Xmx4g -Dfile.encoding=UTF-8 -Duser.country=CA -Duser.language=en -Duser.variant 
java_command: com.android.dx.command.Main --dex --num-threads=4 --multi-dex --main-dex-list /home/jared/Documents/Repos/Android-Workspace/AG_Framework/app/build/intermediates/multi-dex/debug/maindexlist.txt --output /home/jared/Documents/Repos/Android-Workspace/AG_Framework/app/build/intermediates/transforms/dex/debug/folders/1000/1f/main /home/jared/Documents/Repos/Android-Workspace/AG_Framework/app/build/intermediates/transforms/jarMerging/debug/jars/1/1f/combined.jar
Launcher Type: SUN_STANDARD

Environment Variables:
JAVA_HOME=/usr/lib/jvm/java-7-oracle
PATH=/usr/local/sbin:/usr/local/bin:/usr/sbin:/usr/bin:/sbin:/bin:/usr/games:/usr/local/games:/usr/lib/jvm/java-7-oracle/bin:/usr/lib/jvm/java-7-oracle/db/bin:/usr/lib/jvm/java-7-oracle/jre/bin
LD_LIBRARY_PATH=/opt/android-studio/bin:
SHELL=/bin/bash
DISPLAY=:0

Signal Handlers:
SIGSEGV: [libjvm.so+0x9548f0], sa_mask[0]=0x7ffbfeff, sa_flags=0x10000004
SIGBUS: [libjvm.so+0x9548f0], sa_mask[0]=0x7ffbfeff, sa_flags=0x10000004
SIGFPE: [libjvm.so+0x7cb0b0], sa_mask[0]=0x7ffbfeff, sa_flags=0x10000004
SIGPIPE: [libjvm.so+0x7cb0b0], sa_mask[0]=0x7ffbfeff, sa_flags=0x10000004
SIGXFSZ: [libjvm.so+0x7cb0b0], sa_mask[0]=0x7ffbfeff, sa_flags=0x10000004
SIGILL: [libjvm.so+0x7cb0b0], sa_mask[0]=0x7ffbfeff, sa_flags=0x10000004
SIGUSR1: SIG_DFL, sa_mask[0]=0x00000000, sa_flags=0x00000000
SIGUSR2: [libjvm.so+0x7caf50], sa_mask[0]=0x00000004, sa_flags=0x10000004
SIGHUP: [libjvm.so+0x7cb130], sa_mask[0]=0x7ffbfeff, sa_flags=0x10000004
SIGINT: [libjvm.so+0x7cb130], sa_mask[0]=0x7ffbfeff, sa_flags=0x10000004
SIGTERM: [libjvm.so+0x7cb130], sa_mask[0]=0x7ffbfeff, sa_flags=0x10000004
SIGQUIT: [libjvm.so+0x7cb130], sa_mask[0]=0x7ffbfeff, sa_flags=0x10000004
SIGTRAP: SIG_DFL, sa_mask[0]=0x00000000, sa_flags=0x00000000


---------------  S Y S T E M  ---------------

OS:Ubuntu 14.04 (trusty)
uname:Linux 3.19.0-25-generic #26~14.04.1-Ubuntu SMP Fri Jul 24 21:16:20 UTC 2015 x86_64
libc:glibc 2.19 NPTL 2.19 
rlimit: STACK 8192k, CORE 0k, NPROC 7595, NOFILE 4096, AS infinity
load average:5.63 4.83 5.43

/proc/meminfo:
MemTotal:        1965740 kB
MemFree:           67264 kB
MemAvailable:      35216 kB
Buffers:             948 kB
Cached:           152572 kB
SwapCached:         4100 kB
Active:          1297008 kB
Inactive:         456616 kB
Active(anon):    1290236 kB
Inactive(anon):   443980 kB
Active(file):       6772 kB
Inactive(file):    12636 kB
Unevictable:         144 kB
Mlocked:             144 kB
SwapTotal:       2011132 kB
SwapFree:            152 kB
Dirty:                76 kB
Writeback:             0 kB
AnonPages:       1597164 kB
Mapped:            31752 kB
Shmem:            134064 kB
Slab:              60316 kB
SReclaimable:      29116 kB
SUnreclaim:        31200 kB
KernelStack:        9264 kB
PageTables:        43932 kB
NFS_Unstable:          0 kB
Bounce:                0 kB
WritebackTmp:          0 kB
CommitLimit:     2994000 kB
Committed_AS:    8180760 kB
VmallocTotal:   34359738367 kB
VmallocUsed:      353848 kB
VmallocChunk:   34359265660 kB
HardwareCorrupted:     0 kB
AnonHugePages:    243712 kB
CmaTotal:              0 kB
CmaFree:               0 kB
HugePages_Total:       0
HugePages_Free:        0
HugePages_Rsvd:        0
HugePages_Surp:        0
Hugepagesize:       2048 kB
DirectMap4k:      137984 kB
DirectMap2M:     1875968 kB


CPU:total 2 (2 cores per cpu, 1 threads per core) family 6 model 76 stepping 3, cmov, cx8, fxsr, mmx, sse, sse2, sse3, ssse3, sse4.1, sse4.2, popcnt, aes, erms, tsc, tscinvbit

/proc/cpuinfo:
processor	: 0
vendor_id	: GenuineIntel
cpu family	: 6
model		: 76
model name	: Intel(R) Celeron(R) CPU  N3050  @ 1.60GHz
stepping	: 3
microcode	: 0x34f
cpu MHz		: 506.242
cache size	: 1024 KB
physical id	: 0
siblings	: 2
core id		: 0
cpu cores	: 2
apicid		: 0
initial apicid	: 0
fpu		: yes
fpu_exception	: yes
cpuid level	: 11
wp		: yes
flags		: fpu vme de pse tsc msr pae mce cx8 apic sep mtrr pge mca cmov pat pse36 clflush dts acpi mmx fxsr sse sse2 ss ht tm pbe syscall nx rdtscp lm constant_tsc arch_perfmon pebs bts rep_good nopl xtopology nonstop_tsc aperfmperf pni pclmulqdq dtes64 monitor ds_cpl vmx est tm2 ssse3 cx16 xtpr pdcm sse4_1 sse4_2 movbe popcnt tsc_deadline_timer aes rdrand lahf_lm 3dnowprefetch ida arat epb dtherm tpr_shadow vnmi flexpriority ept vpid tsc_adjust smep erms
bugs		:
bogomips	: 3199.51
clflush size	: 64
cache_alignment	: 64
address sizes	: 36 bits physical, 48 bits virtual
power management:

processor	: 1
vendor_id	: GenuineIntel
cpu family	: 6
model		: 76
model name	: Intel(R) Celeron(R) CPU  N3050  @ 1.60GHz
stepping	: 3
microcode	: 0x34f
cpu MHz		: 2249.100
cache size	: 1024 KB
physical id	: 0
siblings	: 2
core id		: 2
cpu cores	: 2
apicid		: 4
initial apicid	: 4
fpu		: yes
fpu_exception	: yes
cpuid level	: 11
wp		: yes
flags		: fpu vme de pse tsc msr pae mce cx8 apic sep mtrr pge mca cmov pat pse36 clflush dts acpi mmx fxsr sse sse2 ss ht tm pbe syscall nx rdtscp lm constant_tsc arch_perfmon pebs bts rep_good nopl xtopology nonstop_tsc aperfmperf pni pclmulqdq dtes64 monitor ds_cpl vmx est tm2 ssse3 cx16 xtpr pdcm sse4_1 sse4_2 movbe popcnt tsc_deadline_timer aes rdrand lahf_lm 3dnowprefetch ida arat epb dtherm tpr_shadow vnmi flexpriority ept vpid tsc_adjust smep erms
bugs		:
bogomips	: 3199.51
clflush size	: 64
cache_alignment	: 64
address sizes	: 36 bits physical, 48 bits virtual
power management:



Memory: 4k page, physical 1965740k(67264k free), swap 2011132k(172k free)

vm_info: OpenJDK 64-Bit Server VM (24.91-b01) for linux-amd64 JRE (1.7.0_91-b02), built on Nov 19 2015 06:14:37 by "buildd" with gcc 4.8.2

time: Thu Feb 18 14:29:23 2016
elapsed time: 54 seconds

